[2022-07-31T12:11:42.638Z] Log level: Info
[2022-07-31T12:11:42.712Z] [info] Validating found git in: git
[2022-07-31T12:11:43.776Z] [info] Using git 2.34.1 from git
[2022-07-31T12:11:44.089Z] > git rev-parse --show-toplevel [230ms]
[2022-07-31T12:11:44.089Z] fatal: not a git repository (or any of the parent directories): .git
[2022-07-31T12:11:44.702Z] > git rev-parse --show-toplevel [534ms]
[2022-07-31T12:11:44.702Z] fatal: not a git repository (or any of the parent directories): .git
[2022-07-31T12:11:44.919Z] > git rev-parse --show-toplevel [115ms]
[2022-07-31T12:11:44.919Z] fatal: not a git repository (or any of the parent directories): .git
[2022-07-31T12:11:45.135Z] > git rev-parse --show-toplevel [151ms]
[2022-07-31T12:11:45.135Z] fatal: not a git repository (or any of the parent directories): .git
[2022-07-31T12:11:45.731Z] > git rev-parse --show-toplevel [268ms]
[2022-07-31T12:11:45.731Z] fatal: not a git repository (or any of the parent directories): .git
[2022-07-31T12:11:45.911Z] > git rev-parse --show-toplevel [143ms]
[2022-07-31T12:11:45.911Z] fatal: not a git repository (or any of the parent directories): .git
[2022-07-31T12:11:46.009Z] > git rev-parse --show-toplevel [40ms]
[2022-07-31T12:11:46.009Z] fatal: not a git repository (or any of the parent directories): .git
[2022-07-31T12:14:02.987Z] > git rev-parse --show-toplevel [8ms]
[2022-07-31T12:14:02.987Z] fatal: not a git repository (or any of the parent directories): .git
[2022-07-31T12:16:57.443Z] > git rev-parse --show-toplevel [7ms]
[2022-07-31T12:16:57.443Z] fatal: not a git repository (or any of the parent directories): .git
[2022-07-31T12:18:19.806Z] > git rev-parse --show-toplevel [38ms]
[2022-07-31T12:18:19.806Z] fatal: not a git repository (or any of the parent directories): .git
[2022-07-31T12:18:27.188Z] > git rev-parse --show-toplevel [19ms]
[2022-07-31T12:18:27.188Z] fatal: not a git repository (or any of the parent directories): .git
[2022-07-31T12:19:07.935Z] > git rev-parse --show-toplevel [4ms]
[2022-07-31T12:19:07.935Z] fatal: not a git repository (or any of the parent directories): .git
[2022-07-31T12:19:15.604Z] > git rev-parse --show-toplevel [18ms]
[2022-07-31T12:19:15.604Z] fatal: not a git repository (or any of the parent directories): .git
[2022-07-31T12:24:35.425Z] > git rev-parse --show-toplevel [12ms]
[2022-07-31T12:24:35.425Z] fatal: not a git repository (or any of the parent directories): .git
[2022-07-31T12:24:36.697Z] > git rev-parse --show-toplevel [11ms]
[2022-07-31T12:24:36.697Z] fatal: not a git repository (or any of the parent directories): .git
[2022-07-31T12:25:45.734Z] > git rev-parse --show-toplevel [16ms]
[2022-07-31T12:25:45.734Z] fatal: not a git repository (or any of the parent directories): .git
[2022-07-31T12:25:48.773Z] > git rev-parse --show-toplevel [20ms]
[2022-07-31T12:25:48.773Z] fatal: not a git repository (or any of the parent directories): .git
[2022-07-31T12:25:50.822Z] > git rev-parse --show-toplevel [11ms]
[2022-07-31T12:25:50.822Z] fatal: not a git repository (or any of the parent directories): .git
[2022-07-31T12:25:55.151Z] > git rev-parse --show-toplevel [11ms]
[2022-07-31T12:25:55.151Z] fatal: not a git repository (or any of the parent directories): .git
[2022-07-31T12:25:57.142Z] > git rev-parse --show-toplevel [11ms]
[2022-07-31T12:25:57.142Z] fatal: not a git repository (or any of the parent directories): .git
[2022-07-31T12:26:06.996Z] > git rev-parse --show-toplevel [8ms]
[2022-07-31T12:26:06.996Z] fatal: not a git repository (or any of the parent directories): .git
[2022-07-31T12:26:41.057Z] > git rev-parse --show-toplevel [90ms]
[2022-07-31T12:26:41.057Z] fatal: not a git repository (or any of the parent directories): .git
[2022-07-31T12:29:15.152Z] > git rev-parse --show-toplevel [40ms]
[2022-07-31T12:29:15.152Z] fatal: not a git repository (or any of the parent directories): .git
[2022-07-31T12:41:07.151Z] > git rev-parse --show-toplevel [2ms]
[2022-07-31T12:41:07.151Z] fatal: not a git repository (or any of the parent directories): .git
[2022-07-31T12:41:19.796Z] > git rev-parse --show-toplevel [4ms]
[2022-07-31T12:41:19.796Z] fatal: not a git repository (or any of the parent directories): .git
[2022-07-31T12:41:27.380Z] > git rev-parse --show-toplevel [9ms]
[2022-07-31T12:41:27.380Z] fatal: not a git repository (or any of the parent directories): .git
[2022-07-31T12:41:36.136Z] > git rev-parse --show-toplevel [7ms]
[2022-07-31T12:41:36.136Z] fatal: not a git repository (or any of the parent directories): .git
[2022-07-31T12:41:48.106Z] > git rev-parse --show-toplevel [21ms]
[2022-07-31T12:41:48.106Z] fatal: not a git repository (or any of the parent directories): .git
[2022-07-31T12:44:10.769Z] > git rev-parse --show-toplevel [29ms]
[2022-07-31T12:44:10.769Z] fatal: not a git repository (or any of the parent directories): .git
[2022-07-31T12:47:36.925Z] > git rev-parse --show-toplevel [16ms]
[2022-07-31T12:47:36.925Z] fatal: not a git repository (or any of the parent directories): .git
[2022-07-31T12:47:40.986Z] > git rev-parse --show-toplevel [59ms]
[2022-07-31T12:47:40.986Z] fatal: not a git repository (or any of the parent directories): .git
[2022-07-31T12:48:18.779Z] > git rev-parse --show-toplevel [8ms]
[2022-07-31T12:48:18.779Z] fatal: not a git repository (or any of the parent directories): .git
[2022-07-31T12:50:02.095Z] > git rev-parse --show-toplevel [22ms]
[2022-07-31T12:50:02.095Z] fatal: not a git repository (or any of the parent directories): .git
[2022-07-31T12:50:02.662Z] > git rev-parse --show-toplevel [8ms]
[2022-07-31T12:50:02.662Z] fatal: not a git repository (or any of the parent directories): .git
[2022-07-31T12:50:12.855Z] > git rev-parse --show-toplevel [15ms]
[2022-07-31T12:50:12.855Z] fatal: not a git repository (or any of the parent directories): .git
[2022-07-31T12:51:52.034Z] > git rev-parse --show-toplevel [32ms]
[2022-07-31T12:51:52.034Z] fatal: not a git repository (or any of the parent directories): .git
[2022-07-31T12:51:59.298Z] > git rev-parse --show-toplevel [24ms]
[2022-07-31T12:51:59.298Z] fatal: not a git repository (or any of the parent directories): .git
[2022-07-31T12:54:01.568Z] > git rev-parse --show-toplevel [13ms]
[2022-07-31T12:54:01.569Z] fatal: not a git repository (or any of the parent directories): .git
[2022-07-31T12:54:42.647Z] > git rev-parse --show-toplevel [28ms]
[2022-07-31T12:54:42.647Z] fatal: not a git repository (or any of the parent directories): .git
[2022-07-31T12:54:48.267Z] > git rev-parse --show-toplevel [31ms]
[2022-07-31T12:54:48.267Z] fatal: not a git repository (or any of the parent directories): .git
[2022-07-31T12:55:53.922Z] > git rev-parse --show-toplevel [10ms]
[2022-07-31T12:55:53.922Z] fatal: not a git repository (or any of the parent directories): .git
[2022-07-31T12:59:13.968Z] > git rev-parse --show-toplevel [12ms]
[2022-07-31T12:59:13.968Z] fatal: not a git repository (or any of the parent directories): .git
[2022-07-31T13:01:50.669Z] > git rev-parse --show-toplevel [14ms]
[2022-07-31T13:01:50.669Z] fatal: not a git repository (or any of the parent directories): .git
[2022-07-31T13:01:57.187Z] > git rev-parse --show-toplevel [22ms]
[2022-07-31T13:01:57.187Z] fatal: not a git repository (or any of the parent directories): .git
[2022-07-31T13:04:47.883Z] > git rev-parse --show-toplevel [9ms]
[2022-07-31T13:04:47.883Z] fatal: not a git repository (or any of the parent directories): .git
[2022-07-31T13:04:51.025Z] > git rev-parse --show-toplevel [10ms]
[2022-07-31T13:04:51.026Z] fatal: not a git repository (or any of the parent directories): .git
[2022-07-31T13:05:28.777Z] > git rev-parse --show-toplevel [43ms]
[2022-07-31T13:05:28.778Z] fatal: not a git repository (or any of the parent directories): .git
[2022-07-31T13:05:37.889Z] > git rev-parse --show-toplevel [14ms]
[2022-07-31T13:05:37.889Z] fatal: not a git repository (or any of the parent directories): .git
[2022-07-31T13:05:51.783Z] > git rev-parse --show-toplevel [10ms]
[2022-07-31T13:05:51.783Z] fatal: not a git repository (or any of the parent directories): .git
[2022-07-31T13:06:37.502Z] > git rev-parse --show-toplevel [14ms]
[2022-07-31T13:06:37.502Z] fatal: not a git repository (or any of the parent directories): .git
[2022-07-31T13:07:48.922Z] > git rev-parse --show-toplevel [61ms]
[2022-07-31T13:07:48.922Z] fatal: not a git repository (or any of the parent directories): .git
[2022-07-31T13:09:05.140Z] > git rev-parse --show-toplevel [17ms]
[2022-07-31T13:09:05.140Z] fatal: not a git repository (or any of the parent directories): .git
[2022-07-31T13:09:07.295Z] > git rev-parse --show-toplevel [18ms]
[2022-07-31T13:09:07.295Z] fatal: not a git repository (or any of the parent directories): .git
[2022-07-31T13:13:09.535Z] > git rev-parse --show-toplevel [18ms]
[2022-07-31T13:13:09.535Z] fatal: not a git repository (or any of the parent directories): .git
[2022-07-31T13:13:52.168Z] > git rev-parse --show-toplevel [39ms]
[2022-07-31T13:13:52.168Z] fatal: not a git repository (or any of the parent directories): .git
[2022-07-31T13:13:53.951Z] > git rev-parse --show-toplevel [17ms]
[2022-07-31T13:13:53.951Z] fatal: not a git repository (or any of the parent directories): .git
[2022-07-31T13:14:20.103Z] > git rev-parse --show-toplevel [8ms]
[2022-07-31T13:14:20.104Z] fatal: not a git repository (or any of the parent directories): .git
[2022-07-31T13:15:28.603Z] > git rev-parse --show-toplevel [29ms]
[2022-07-31T13:15:28.603Z] fatal: not a git repository (or any of the parent directories): .git
[2022-07-31T13:15:47.897Z] > git rev-parse --show-toplevel [6ms]
[2022-07-31T13:15:47.897Z] fatal: not a git repository (or any of the parent directories): .git
[2022-07-31T13:15:57.676Z] > git rev-parse --show-toplevel [14ms]
[2022-07-31T13:15:57.676Z] fatal: not a git repository (or any of the parent directories): .git
[2022-07-31T13:16:10.665Z] > git rev-parse --show-toplevel [17ms]
[2022-07-31T13:16:10.665Z] fatal: not a git repository (or any of the parent directories): .git
[2022-07-31T13:17:15.375Z] > git rev-parse --show-toplevel [8ms]
[2022-07-31T13:17:15.375Z] fatal: not a git repository (or any of the parent directories): .git
[2022-07-31T13:17:45.600Z] > git rev-parse --show-toplevel [5ms]
[2022-07-31T13:17:45.600Z] fatal: not a git repository (or any of the parent directories): .git
[2022-07-31T13:17:54.645Z] > git rev-parse --show-toplevel [37ms]
[2022-07-31T13:17:54.645Z] fatal: not a git repository (or any of the parent directories): .git
[2022-07-31T13:46:45.177Z] > git rev-parse --show-toplevel [86ms]
[2022-07-31T13:46:45.177Z] fatal: not a git repository (or any of the parent directories): .git
[2022-07-31T13:49:09.722Z] > git rev-parse --show-toplevel [21ms]
[2022-07-31T13:49:09.722Z] fatal: not a git repository (or any of the parent directories): .git
[2022-07-31T13:49:12.679Z] > git rev-parse --show-toplevel [14ms]
[2022-07-31T13:49:12.679Z] fatal: not a git repository (or any of the parent directories): .git
[2022-07-31T13:50:29.299Z] > git rev-parse --show-toplevel [12ms]
[2022-07-31T13:50:29.299Z] fatal: not a git repository (or any of the parent directories): .git
[2022-07-31T13:51:23.230Z] > git rev-parse --show-toplevel [18ms]
[2022-07-31T13:51:23.231Z] fatal: not a git repository (or any of the parent directories): .git
[2022-07-31T13:51:26.390Z] > git rev-parse --show-toplevel [14ms]
[2022-07-31T13:51:26.390Z] fatal: not a git repository (or any of the parent directories): .git
[2022-07-31T13:51:27.404Z] > git rev-parse --show-toplevel [138ms]
[2022-07-31T13:51:27.404Z] fatal: not a git repository (or any of the parent directories): .git
[2022-07-31T13:51:54.946Z] > git rev-parse --show-toplevel [10ms]
[2022-07-31T13:51:54.946Z] fatal: not a git repository (or any of the parent directories): .git
[2022-07-31T14:08:32.459Z] > git rev-parse --show-toplevel [40ms]
[2022-07-31T14:08:32.459Z] fatal: not a git repository (or any of the parent directories): .git
[2022-07-31T14:11:11.118Z] > git rev-parse --show-toplevel [12ms]
[2022-07-31T14:11:11.118Z] fatal: not a git repository (or any of the parent directories): .git
[2022-07-31T14:14:52.020Z] > git rev-parse --show-toplevel [30ms]
[2022-07-31T14:14:52.025Z] fatal: not a git repository (or any of the parent directories): .git
[2022-07-31T14:15:13.932Z] > git rev-parse --show-toplevel [45ms]
[2022-07-31T14:15:13.932Z] fatal: not a git repository (or any of the parent directories): .git
[2022-07-31T14:15:15.157Z] > git rev-parse --show-toplevel [69ms]
[2022-07-31T14:15:15.157Z] fatal: not a git repository (or any of the parent directories): .git
[2022-07-31T14:17:23.296Z] > git rev-parse --show-toplevel [19ms]
[2022-07-31T14:17:23.297Z] fatal: not a git repository (or any of the parent directories): .git
[2022-07-31T14:18:12.619Z] > git rev-parse --show-toplevel [18ms]
[2022-07-31T14:18:12.619Z] fatal: not a git repository (or any of the parent directories): .git
[2022-07-31T14:18:42.477Z] > git rev-parse --show-toplevel [12ms]
[2022-07-31T14:18:42.477Z] fatal: not a git repository (or any of the parent directories): .git
[2022-07-31T14:19:31.050Z] > git rev-parse --show-toplevel [34ms]
[2022-07-31T14:19:31.050Z] fatal: not a git repository (or any of the parent directories): .git
[2022-07-31T14:21:49.740Z] > git rev-parse --show-toplevel [18ms]
[2022-07-31T14:21:49.740Z] fatal: not a git repository (or any of the parent directories): .git
[2022-07-31T14:28:49.764Z] > git rev-parse --show-toplevel [38ms]
[2022-07-31T14:28:49.764Z] fatal: not a git repository (or any of the parent directories): .git
[2022-07-31T14:29:26.631Z] > git rev-parse --show-toplevel [48ms]
[2022-07-31T14:29:26.631Z] fatal: not a git repository (or any of the parent directories): .git
[2022-07-31T14:29:33.895Z] > git rev-parse --show-toplevel [25ms]
[2022-07-31T14:29:33.895Z] fatal: not a git repository (or any of the parent directories): .git
[2022-07-31T14:29:45.614Z] > git rev-parse --show-toplevel [9ms]
[2022-07-31T14:29:45.614Z] fatal: not a git repository (or any of the parent directories): .git
[2022-07-31T14:30:06.233Z] > git rev-parse --show-toplevel [13ms]
[2022-07-31T14:30:06.233Z] fatal: not a git repository (or any of the parent directories): .git
[2022-07-31T14:31:09.345Z] > git rev-parse --show-toplevel [25ms]
[2022-07-31T14:31:09.345Z] fatal: not a git repository (or any of the parent directories): .git
[2022-07-31T14:32:48.622Z] > git rev-parse --show-toplevel [40ms]
[2022-07-31T14:32:48.622Z] fatal: not a git repository (or any of the parent directories): .git
[2022-07-31T14:33:51.649Z] > git rev-parse --show-toplevel [34ms]
[2022-07-31T14:33:51.649Z] fatal: not a git repository (or any of the parent directories): .git
[2022-07-31T14:41:48.346Z] > git rev-parse --show-toplevel [13ms]
[2022-07-31T14:41:48.346Z] fatal: not a git repository (or any of the parent directories): .git
[2022-07-31T14:42:30.965Z] > git rev-parse --show-toplevel [142ms]
[2022-07-31T14:42:30.965Z] fatal: not a git repository (or any of the parent directories): .git
[2022-07-31T14:45:57.632Z] > git rev-parse --show-toplevel [92ms]
[2022-07-31T14:45:57.632Z] fatal: not a git repository (or any of the parent directories): .git
[2022-07-31T14:46:08.541Z] > git rev-parse --show-toplevel [31ms]
[2022-07-31T14:46:08.541Z] fatal: not a git repository (or any of the parent directories): .git
[2022-07-31T14:48:24.008Z] > git rev-parse --show-toplevel [89ms]
[2022-07-31T14:48:24.008Z] fatal: not a git repository (or any of the parent directories): .git
[2022-07-31T14:49:15.760Z] > git rev-parse --show-toplevel [9ms]
[2022-07-31T14:49:15.760Z] fatal: not a git repository (or any of the parent directories): .git
[2022-07-31T14:52:16.124Z] > git rev-parse --show-toplevel [22ms]
[2022-07-31T14:52:16.124Z] fatal: not a git repository (or any of the parent directories): .git
[2022-07-31T14:53:47.229Z] > git rev-parse --show-toplevel [35ms]
[2022-07-31T14:53:47.229Z] fatal: not a git repository (or any of the parent directories): .git
[2022-07-31T14:54:38.836Z] > git rev-parse --show-toplevel [57ms]
[2022-07-31T14:54:38.836Z] fatal: not a git repository (or any of the parent directories): .git
[2022-07-31T14:55:56.902Z] > git rev-parse --show-toplevel [78ms]
[2022-07-31T14:55:56.902Z] fatal: not a git repository (or any of the parent directories): .git
[2022-07-31T15:02:35.021Z] > git rev-parse --show-toplevel [21ms]
[2022-07-31T15:02:35.021Z] fatal: not a git repository (or any of the parent directories): .git
[2022-07-31T15:11:56.988Z] > git rev-parse --show-toplevel [1ms]
[2022-07-31T15:11:56.988Z] fatal: not a git repository (or any of the parent directories): .git
[2022-07-31T15:11:57.914Z] > git init [132ms]
[2022-07-31T15:11:57.914Z] hint: Using 'master' as the name for the initial branch. This default branch name
hint: is subject to change. To configure the initial branch name to use in all
hint: of your new repositories, which will suppress this warning, call:
hint: 
hint: 	git config --global init.defaultBranch <name>
hint: 
hint: Names commonly chosen instead of 'master' are 'main', 'trunk' and
hint: 'development'. The just-created branch can be renamed via this command:
hint: 
hint: 	git branch -m <name>
[2022-07-31T15:11:57.930Z] > git rev-parse --show-toplevel [3ms]
[2022-07-31T15:11:57.941Z] > git rev-parse --git-dir --git-common-dir [2ms]
[2022-07-31T15:11:57.968Z] [info] Open repository: /root
[2022-07-31T15:11:58.932Z] > git show --textconv :src/routes/tutorial.routes.js [57ms]
[2022-07-31T15:11:59.008Z] > git ls-files --stage -- /root/src/routes/tutorial.routes.js [91ms]
[2022-07-31T15:11:59.033Z] > git check-ignore -v -z --stdin [29ms]
[2022-07-31T15:11:59.634Z] > git ls-files --stage -- /root/src/routes/tutorial.routes.js [4ms]
[2022-07-31T15:11:59.670Z] > git show --textconv :src/routes/tutorial.routes.js [7ms]
[2022-07-31T15:12:00.384Z] > git status -z -uall [2401ms]
[2022-07-31T15:12:00.386Z] > git check-ignore -v -z --stdin [6ms]
[2022-07-31T15:12:28.087Z] > git symbolic-ref --short HEAD [8ms]
[2022-07-31T15:12:28.106Z] > git for-each-ref --format=%(refname)%00%(upstream:short)%00%(objectname)%00%(upstream:track)%00%(upstream:remotename)%00%(upstream:remoteref) refs/heads/master refs/remotes/master [7ms]
[2022-07-31T15:12:28.140Z] > git for-each-ref --sort -committerdate --format %(refname) %(objectname) %(*objectname) [19ms]
[2022-07-31T15:12:28.143Z] > git remote --verbose [5ms]
[2022-07-31T15:12:34.875Z] > git config --get commit.template [64ms]
[2022-07-31T15:12:36.191Z] > git status -z -uall [1162ms]
[2022-07-31T15:12:36.192Z] > git symbolic-ref --short HEAD [63ms]
[2022-07-31T15:12:36.281Z] > git for-each-ref --format=%(refname)%00%(upstream:short)%00%(objectname)%00%(upstream:track)%00%(upstream:remotename)%00%(upstream:remoteref) refs/heads/master refs/remotes/master [16ms]
[2022-07-31T15:12:36.354Z] > git for-each-ref --sort -committerdate --format %(refname) %(objectname) %(*objectname) [33ms]
[2022-07-31T15:12:36.358Z] > git remote --verbose [7ms]
[2022-07-31T15:12:45.449Z] > git add -A -- . [47453ms]
[2022-07-31T15:12:45.528Z] > git config --get commit.template [127ms]
[2022-07-31T15:12:46.459Z] > git check-ignore -v -z --stdin [134ms]
[2022-07-31T15:12:47.980Z] > git ls-files --stage -- /root/src/routes/tutorial.routes.js [13ms]
[2022-07-31T15:12:48.005Z] > git cat-file -s 85f799b1055291b6997aeeab1c1cf0d5d0a351a8 [8ms]
[2022-07-31T15:12:48.053Z] > git show --textconv :src/routes/tutorial.routes.js [19ms]
[2022-07-31T15:12:48.905Z] > git -c user.useConfigOnly=true commit --quiet --allow-empty-message --file - --allow-empty-message [3438ms]
[2022-07-31T15:12:49.095Z] > git status -z -uall [170ms]
[2022-07-31T15:12:49.121Z] > git symbolic-ref --short HEAD [11ms]
[2022-07-31T15:12:49.147Z] > git for-each-ref --format=%(refname)%00%(upstream:short)%00%(objectname)%00%(upstream:track)%00%(upstream:remotename)%00%(upstream:remoteref) refs/heads/master refs/remotes/master [7ms]
[2022-07-31T15:12:49.243Z] > git for-each-ref --sort -committerdate --format %(refname) %(objectname) %(*objectname) [57ms]
[2022-07-31T15:12:49.255Z] > git remote --verbose [17ms]
[2022-07-31T15:12:49.440Z] > git config --get commit.template [92ms]
[2022-07-31T15:12:49.506Z] > git symbolic-ref --short HEAD [6ms]
[2022-07-31T15:12:49.538Z] > git remote add origin https://github.com/andresovichh/root.git [11ms]
[2022-07-31T15:12:49.862Z] > git status -z -uall [302ms]
[2022-07-31T15:12:49.889Z] > git symbolic-ref --short HEAD [8ms]
[2022-07-31T15:12:49.921Z] > git for-each-ref --format=%(refname)%00%(upstream:short)%00%(objectname)%00%(upstream:track)%00%(upstream:remotename)%00%(upstream:remoteref) refs/heads/master refs/remotes/master [13ms]
[2022-07-31T15:12:49.963Z] > git for-each-ref --sort -committerdate --format %(refname) %(objectname) %(*objectname) [23ms]
[2022-07-31T15:12:49.970Z] > git remote --verbose [8ms]
[2022-07-31T15:12:50.008Z] > git config --get commit.template [3ms]
[2022-07-31T15:12:51.010Z] > git ls-files --stage -- /root/src/routes/tutorial.routes.js [25ms]
[2022-07-31T15:12:51.068Z] > git cat-file -s 85f799b1055291b6997aeeab1c1cf0d5d0a351a8 [15ms]
[2022-07-31T15:12:51.155Z] > git show --textconv :src/routes/tutorial.routes.js [48ms]
[2022-07-31T15:12:51.269Z] > git check-ignore -v -z --stdin [23ms]
[2022-07-31T15:12:52.003Z] > git ls-files --stage -- /root/src/routes/tutorial.routes.js [45ms]
[2022-07-31T15:12:52.046Z] > git cat-file -s 85f799b1055291b6997aeeab1c1cf0d5d0a351a8 [10ms]
[2022-07-31T15:12:52.133Z] > git show --textconv :src/routes/tutorial.routes.js [43ms]
[2022-07-31T15:13:18.105Z] > git ls-files --stage -- /root/src/routes/tutorial.routes.js [11ms]
[2022-07-31T15:13:18.129Z] > git cat-file -s 85f799b1055291b6997aeeab1c1cf0d5d0a351a8 [9ms]
[2022-07-31T15:13:18.162Z] > git show --textconv :src/routes/tutorial.routes.js [11ms]
[2022-07-31T15:13:36.058Z] > git push -u origin master [46029ms]
[2022-07-31T15:13:36.058Z] remote: warning: See http://git.io/iEPt8g for more information.        
remote: warning: File .vscode-server/bin/3b889b090b5ad5793f524b5d1d39fda662b96a2a/node is 75.64 MB; this is larger than GitHub's recommended maximum file size of 50.00 MB        
remote: warning: GH001: Large files detected. You may want to try Git Large File Storage - https://git-lfs.github.com.        
To https://github.com/andresovichh/root.git
 * [new branch]      master -> master
[2022-07-31T15:13:36.191Z] > git status -z -uall [124ms]
[2022-07-31T15:13:36.206Z] > git symbolic-ref --short HEAD [6ms]
[2022-07-31T15:13:36.224Z] > git for-each-ref --format=%(refname)%00%(upstream:short)%00%(objectname)%00%(upstream:track)%00%(upstream:remotename)%00%(upstream:remoteref) refs/heads/master refs/remotes/master [4ms]
[2022-07-31T15:13:36.244Z] > git for-each-ref --sort -committerdate --format %(refname) %(objectname) %(*objectname) [11ms]
[2022-07-31T15:13:36.245Z] > git remote --verbose [2ms]
[2022-07-31T15:13:36.263Z] > git config --get commit.template [0ms]
[2022-07-31T15:13:37.248Z] > git ls-files --stage -- /root/src/routes/tutorial.routes.js [7ms]
[2022-07-31T15:13:37.262Z] > git cat-file -s 85f799b1055291b6997aeeab1c1cf0d5d0a351a8 [2ms]
[2022-07-31T15:13:37.297Z] > git show --textconv :src/routes/tutorial.routes.js [11ms]
[2022-07-31T15:13:39.754Z] > git status -z -uall [127ms]
[2022-07-31T15:13:39.773Z] > git symbolic-ref --short HEAD [10ms]
[2022-07-31T15:13:39.797Z] > git for-each-ref --format=%(refname)%00%(upstream:short)%00%(objectname)%00%(upstream:track)%00%(upstream:remotename)%00%(upstream:remoteref) refs/heads/master refs/remotes/master [10ms]
[2022-07-31T15:13:39.820Z] > git for-each-ref --sort -committerdate --format %(refname) %(objectname) %(*objectname) [11ms]
[2022-07-31T15:13:39.822Z] > git remote --verbose [3ms]
[2022-07-31T15:13:39.846Z] > git config --get commit.template [4ms]
[2022-07-31T15:13:44.975Z] > git status -z -uall [129ms]
[2022-07-31T15:13:44.989Z] > git symbolic-ref --short HEAD [3ms]
[2022-07-31T15:13:45.006Z] > git for-each-ref --format=%(refname)%00%(upstream:short)%00%(objectname)%00%(upstream:track)%00%(upstream:remotename)%00%(upstream:remoteref) refs/heads/master refs/remotes/master [3ms]
[2022-07-31T15:13:45.026Z] > git for-each-ref --sort -committerdate --format %(refname) %(objectname) %(*objectname) [9ms]
[2022-07-31T15:13:45.030Z] > git remote --verbose [5ms]
[2022-07-31T15:13:45.053Z] > git config --get commit.template [4ms]
[2022-07-31T15:13:50.229Z] > git status -z -uall [151ms]
[2022-07-31T15:13:50.251Z] > git symbolic-ref --short HEAD [0ms]
[2022-07-31T15:13:50.273Z] > git for-each-ref --format=%(refname)%00%(upstream:short)%00%(objectname)%00%(upstream:track)%00%(upstream:remotename)%00%(upstream:remoteref) refs/heads/master refs/remotes/master [4ms]
[2022-07-31T15:13:50.293Z] > git for-each-ref --sort -committerdate --format %(refname) %(objectname) %(*objectname) [11ms]
[2022-07-31T15:13:50.295Z] > git remote --verbose [3ms]
[2022-07-31T15:13:50.319Z] > git config --get commit.template [5ms]
[2022-07-31T15:13:55.758Z] > git status -z -uall [125ms]
[2022-07-31T15:13:55.774Z] > git symbolic-ref --short HEAD [4ms]
[2022-07-31T15:13:55.791Z] > git for-each-ref --format=%(refname)%00%(upstream:short)%00%(objectname)%00%(upstream:track)%00%(upstream:remotename)%00%(upstream:remoteref) refs/heads/master refs/remotes/master [3ms]
[2022-07-31T15:13:55.814Z] > git for-each-ref --sort -committerdate --format %(refname) %(objectname) %(*objectname) [11ms]
[2022-07-31T15:13:55.815Z] > git remote --verbose [4ms]
[2022-07-31T15:13:55.842Z] > git config --get commit.template [3ms]
[2022-07-31T15:14:00.985Z] > git status -z -uall [123ms]
[2022-07-31T15:14:00.999Z] > git symbolic-ref --short HEAD [4ms]
[2022-07-31T15:14:01.015Z] > git for-each-ref --format=%(refname)%00%(upstream:short)%00%(objectname)%00%(upstream:track)%00%(upstream:remotename)%00%(upstream:remoteref) refs/heads/master refs/remotes/master [4ms]
[2022-07-31T15:14:01.038Z] > git for-each-ref --sort -committerdate --format %(refname) %(objectname) %(*objectname) [12ms]
[2022-07-31T15:14:01.038Z] > git remote --verbose [3ms]
[2022-07-31T15:14:01.059Z] > git config --get commit.template [3ms]
[2022-07-31T15:14:06.218Z] > git status -z -uall [139ms]
[2022-07-31T15:14:06.233Z] > git symbolic-ref --short HEAD [4ms]
[2022-07-31T15:14:06.251Z] > git for-each-ref --format=%(refname)%00%(upstream:short)%00%(objectname)%00%(upstream:track)%00%(upstream:remotename)%00%(upstream:remoteref) refs/heads/master refs/remotes/master [4ms]
[2022-07-31T15:14:06.275Z] > git for-each-ref --sort -committerdate --format %(refname) %(objectname) %(*objectname) [13ms]
[2022-07-31T15:14:06.276Z] > git remote --verbose [3ms]
[2022-07-31T15:14:06.306Z] > git config --get commit.template [7ms]
[2022-07-31T15:14:11.476Z] > git status -z -uall [151ms]
[2022-07-31T15:14:11.490Z] > git symbolic-ref --short HEAD [4ms]
[2022-07-31T15:14:11.508Z] > git for-each-ref --format=%(refname)%00%(upstream:short)%00%(objectname)%00%(upstream:track)%00%(upstream:remotename)%00%(upstream:remoteref) refs/heads/master refs/remotes/master [4ms]
[2022-07-31T15:14:11.539Z] > git for-each-ref --sort -committerdate --format %(refname) %(objectname) %(*objectname) [15ms]
[2022-07-31T15:14:11.543Z] > git remote --verbose [6ms]
[2022-07-31T15:14:11.573Z] > git config --get commit.template [7ms]
[2022-07-31T15:14:16.929Z] > git status -z -uall [361ms]
[2022-07-31T15:14:16.948Z] > git symbolic-ref --short HEAD [8ms]
[2022-07-31T15:14:16.964Z] > git for-each-ref --format=%(refname)%00%(upstream:short)%00%(objectname)%00%(upstream:track)%00%(upstream:remotename)%00%(upstream:remoteref) refs/heads/master refs/remotes/master [5ms]
[2022-07-31T15:14:16.988Z] > git for-each-ref --sort -committerdate --format %(refname) %(objectname) %(*objectname) [13ms]
[2022-07-31T15:14:16.989Z] > git remote --verbose [4ms]
[2022-07-31T15:14:17.013Z] > git config --get commit.template [6ms]
[2022-07-31T15:14:22.159Z] > git status -z -uall [123ms]
[2022-07-31T15:14:22.178Z] > git symbolic-ref --short HEAD [8ms]
[2022-07-31T15:14:22.194Z] > git for-each-ref --format=%(refname)%00%(upstream:short)%00%(objectname)%00%(upstream:track)%00%(upstream:remotename)%00%(upstream:remoteref) refs/heads/master refs/remotes/master [2ms]
[2022-07-31T15:14:22.218Z] > git for-each-ref --sort -committerdate --format %(refname) %(objectname) %(*objectname) [12ms]
[2022-07-31T15:14:22.220Z] > git remote --verbose [4ms]
[2022-07-31T15:14:22.243Z] > git config --get commit.template [4ms]
[2022-07-31T15:14:27.450Z] > git status -z -uall [189ms]
[2022-07-31T15:14:27.471Z] > git symbolic-ref --short HEAD [4ms]
[2022-07-31T15:14:27.493Z] > git for-each-ref --format=%(refname)%00%(upstream:short)%00%(objectname)%00%(upstream:track)%00%(upstream:remotename)%00%(upstream:remoteref) refs/heads/master refs/remotes/master [6ms]
[2022-07-31T15:14:27.531Z] > git remote --verbose [3ms]
[2022-07-31T15:14:27.532Z] > git for-each-ref --sort -committerdate --format %(refname) %(objectname) %(*objectname) [23ms]
[2022-07-31T15:14:27.565Z] > git config --get commit.template [5ms]
[2022-07-31T15:14:28.211Z] > git add -A -- . [167ms]
[2022-07-31T15:14:28.314Z] > git -c user.useConfigOnly=true commit --quiet --allow-empty-message --file - [92ms]
[2022-07-31T15:14:28.475Z] > git status -z -uall [148ms]
[2022-07-31T15:14:28.492Z] > git symbolic-ref --short HEAD [8ms]
[2022-07-31T15:14:28.518Z] > git for-each-ref --format=%(refname)%00%(upstream:short)%00%(objectname)%00%(upstream:track)%00%(upstream:remotename)%00%(upstream:remoteref) refs/heads/master refs/remotes/master [13ms]
[2022-07-31T15:14:28.541Z] > git for-each-ref --sort -committerdate --format %(refname) %(objectname) %(*objectname) [10ms]
[2022-07-31T15:14:28.542Z] > git remote --verbose [3ms]
[2022-07-31T15:14:28.563Z] > git config --get commit.template [2ms]
[2022-07-31T15:14:28.578Z] > git config --get commit.template [1ms]
[2022-07-31T15:14:29.534Z] > git ls-files --stage -- /root/src/routes/tutorial.routes.js [8ms]
[2022-07-31T15:14:29.549Z] > git cat-file -s 85f799b1055291b6997aeeab1c1cf0d5d0a351a8 [3ms]
[2022-07-31T15:14:29.586Z] > git show --textconv :src/routes/tutorial.routes.js [11ms]
[2022-07-31T15:14:30.804Z] > git add -A -- . [160ms]
[2022-07-31T15:14:31.889Z] > git show --textconv :.git/COMMIT_EDITMSG [19ms]
[2022-07-31T15:14:31.897Z] > git ls-files --stage -- /root/.git/COMMIT_EDITMSG [10ms]
[2022-07-31T15:14:32.267Z] > git check-ignore -v -z --stdin [28ms]
[2022-07-31T15:14:32.380Z] > git ls-files --stage -- /root/.git/COMMIT_EDITMSG [33ms]
[2022-07-31T15:14:32.451Z] > git show --textconv :.git/COMMIT_EDITMSG [26ms]
[2022-07-31T15:40:24.018Z] > git check-ignore -v -z --stdin [26ms]
[2022-07-31T15:42:25.713Z] > git show --textconv HEAD:.vscode-server/data/logs/20220731T121132/exthost1/output_logging_20220731T121138/2-Git.log [305ms]
[2022-07-31T15:42:25.714Z] > git ls-tree -l HEAD -- /root/.vscode-server/data/logs/20220731T121132/exthost1/output_logging_20220731T121138/2-Git.log [61ms]
[2022-07-31T15:42:26.337Z] > git check-ignore -v -z --stdin [25ms]
[2022-07-31T15:42:30.145Z] > git show --textconv :.gitignore [51ms]
[2022-07-31T15:42:30.175Z] > git ls-files --stage -- /root/.gitignore [34ms]
[2022-07-31T15:42:30.194Z] > git cat-file -s 4cb512ec1f69ca61da8f4e280399077945848a06 [9ms]
[2022-07-31T15:42:30.693Z] > git status -z -uall [424ms]
[2022-07-31T15:42:30.713Z] > git symbolic-ref --short HEAD [11ms]
[2022-07-31T15:42:30.730Z] > git for-each-ref --format=%(refname)%00%(upstream:short)%00%(objectname)%00%(upstream:track)%00%(upstream:remotename)%00%(upstream:remoteref) refs/heads/master refs/remotes/master [4ms]
[2022-07-31T15:42:30.753Z] > git for-each-ref --sort -committerdate --format %(refname) %(objectname) %(*objectname) [12ms]
[2022-07-31T15:42:30.755Z] > git remote --verbose [3ms]
[2022-07-31T15:42:30.777Z] > git config --get commit.template [4ms]
[2022-07-31T15:42:31.057Z] > git check-ignore -v -z --stdin [157ms]
[2022-07-31T17:09:51.076Z] > git check-ignore -v -z --stdin [65ms]
[2022-07-31T17:14:34.572Z] > git check-ignore -v -z --stdin [11ms]
[2022-07-31T17:15:01.544Z] > git check-ignore -v -z --stdin [20ms]
[2022-07-31T17:15:08.457Z] > git ls-files --stage -- /root/.gitignore [19ms]
[2022-07-31T17:15:08.482Z] > git cat-file -s 4cb512ec1f69ca61da8f4e280399077945848a06 [9ms]
[2022-07-31T17:15:08.639Z] > git show --textconv :.gitignore [26ms]
[2022-07-31T17:19:30.320Z] > git check-ignore -v -z --stdin [27ms]
[2022-07-31T17:19:36.189Z] > git check-ignore -v -z --stdin [14ms]
[2022-07-31T17:20:03.004Z] > git show --textconv :sandweb/src/App.vue [41ms]
[2022-07-31T17:20:03.015Z] > git ls-files --stage -- /root/sandweb/src/App.vue [19ms]
[2022-07-31T17:20:44.591Z] > git show --textconv :sandweb/src/App.vue [67ms]
[2022-07-31T17:20:44.658Z] > git ls-files --stage -- /root/sandweb/src/App.vue [75ms]
[2022-07-31T17:21:37.950Z] > git config --local branch.master.github-pr-owner-number [1500ms]
[2022-07-31T17:22:45.769Z] > git check-ignore -v -z --stdin [7289ms]
[2022-07-31T17:22:46.734Z] > git show --textconv :sandweb/src/components/HelloWorld.vue [631ms]
[2022-07-31T17:22:46.735Z] > git ls-files --stage -- /root/sandweb/src/components/HelloWorld.vue [247ms]
[2022-07-31T17:24:59.674Z] > git show --textconv :sandweb/package-lock.json [171ms]
[2022-07-31T17:24:59.864Z] > git ls-files --stage -- /root/sandweb/package-lock.json [192ms]
[2022-07-31T17:25:00.821Z] > git show --textconv :sandweb/jsconfig.json [76ms]
[2022-07-31T17:25:00.832Z] > git ls-files --stage -- /root/sandweb/jsconfig.json [12ms]
[2022-07-31T17:25:14.004Z] > git show --textconv :sandweb/package-lock.json [70ms]
[2022-07-31T17:25:14.018Z] > git ls-files --stage -- /root/sandweb/package-lock.json [20ms]
[2022-07-31T17:25:19.276Z] > git check-ignore -v -z --stdin [11ms]
[2022-07-31T17:26:43.918Z] > git show --textconv :sandweb/public/index.html [414ms]
[2022-07-31T17:26:43.919Z] > git ls-files --stage -- /root/sandweb/public/index.html [334ms]
[2022-07-31T17:28:45.860Z] > git show --textconv :sandweb/src/components/HelloWorld.vue [35ms]
[2022-07-31T17:28:45.892Z] > git ls-files --stage -- /root/sandweb/src/components/HelloWorld.vue [35ms]
[2022-07-31T17:28:48.329Z] > git check-ignore -v -z --stdin [39ms]
[2022-07-31T17:28:52.701Z] > git show --textconv :sandweb/src/components/HelloWorld.vue [49ms]
[2022-07-31T17:28:52.750Z] > git ls-files --stage -- /root/sandweb/src/components/HelloWorld.vue [50ms]
[2022-07-31T17:28:53.627Z] > git show --textconv :sandweb/src/App.vue [22ms]
[2022-07-31T17:28:53.632Z] > git ls-files --stage -- /root/sandweb/src/App.vue [9ms]
[2022-07-31T17:51:31.891Z] > git show --textconv :sandweb/public/index.html [107ms]
[2022-07-31T17:51:31.894Z] > git ls-files --stage -- /root/sandweb/public/index.html [39ms]
[2022-07-31T18:01:42.271Z] > git check-ignore -v -z --stdin [29ms]
[2022-07-31T18:01:50.409Z] > git show --textconv :sandweb/src/components/HelloWorld.vue [61ms]
[2022-07-31T18:01:50.424Z] > git ls-files --stage -- /root/sandweb/src/components/HelloWorld.vue [19ms]
[2022-07-31T18:09:18.120Z] > git show --textconv :sandweb/src/main.js [77ms]
[2022-07-31T18:09:18.594Z] > git ls-files --stage -- /root/sandweb/src/main.js [479ms]
[2022-07-31T18:10:56.343Z] > git show --textconv :sandweb/src/crud.js [54ms]
[2022-07-31T18:10:56.374Z] > git ls-files --stage -- /root/sandweb/src/crud.js [47ms]
[2022-07-31T18:10:56.679Z] > git check-ignore -v -z --stdin [85ms]
[2022-07-31T18:15:03.544Z] > git check-ignore -v -z --stdin [14ms]
[2022-07-31T18:15:09.121Z] > git show --textconv :src/routes/tutorial.routes.js [31ms]
[2022-07-31T18:15:09.127Z] > git ls-files --stage -- /root/src/routes/tutorial.routes.js [8ms]
[2022-07-31T18:15:09.178Z] > git cat-file -s 85f799b1055291b6997aeeab1c1cf0d5d0a351a8 [8ms]
[2022-07-31T18:17:21.085Z] > git check-ignore -v -z --stdin [24ms]
[2022-07-31T18:17:32.133Z] > git ls-files --stage -- /root/src/routes/tutorial.routes.js [25ms]
[2022-07-31T18:17:32.232Z] > git cat-file -s 85f799b1055291b6997aeeab1c1cf0d5d0a351a8 [9ms]
[2022-07-31T18:17:32.293Z] > git show --textconv :src/routes/tutorial.routes.js [15ms]
[2022-07-31T18:22:04.529Z] > git check-ignore -v -z --stdin [19ms]
[2022-07-31T18:23:27.549Z] > git check-ignore -v -z --stdin [68ms]
[2022-07-31T18:23:29.304Z] > git show --textconv :vue-sandbox/src/main.js [110ms]
[2022-07-31T18:23:29.311Z] > git ls-files --stage -- /root/vue-sandbox/src/main.js [45ms]
[2022-07-31T18:31:35.481Z] > git show --textconv :src/routes/tutorial.routes.js [151ms]
[2022-07-31T18:31:35.524Z] > git ls-files --stage -- /root/src/routes/tutorial.routes.js [44ms]
[2022-07-31T18:31:35.704Z] > git cat-file -s 85f799b1055291b6997aeeab1c1cf0d5d0a351a8 [41ms]
[2022-07-31T18:33:11.661Z] > git ls-files --stage -- /root/src/routes/tutorial.routes.js [19ms]
[2022-07-31T18:33:11.727Z] > git cat-file -s 85f799b1055291b6997aeeab1c1cf0d5d0a351a8 [5ms]
[2022-07-31T18:33:11.864Z] > git show --textconv :src/routes/tutorial.routes.js [52ms]
[2022-07-31T18:33:22.353Z] > git show --textconv :.git/COMMIT_EDITMSG [281ms]
[2022-07-31T18:33:22.448Z] > git ls-files --stage -- /root/.git/COMMIT_EDITMSG [101ms]
[2022-07-31T18:33:23.437Z] > git show --textconv :src/routes/tutorial.routes.js [126ms]
[2022-07-31T18:33:23.490Z] > git ls-files --stage -- /root/src/routes/tutorial.routes.js [60ms]
[2022-07-31T18:33:23.762Z] > git cat-file -s 85f799b1055291b6997aeeab1c1cf0d5d0a351a8 [129ms]
[2022-07-31T18:33:24.574Z] > git show --textconv :.gitignore [36ms]
[2022-07-31T18:33:24.587Z] > git ls-files --stage -- /root/.gitignore [15ms]
[2022-07-31T18:33:24.660Z] > git cat-file -s 4cb512ec1f69ca61da8f4e280399077945848a06 [18ms]
[2022-07-31T18:33:24.844Z] > git -c user.useConfigOnly=true commit --quiet [11934031ms]
[2022-07-31T18:33:24.844Z] Aborting commit due to empty commit message.
[2022-07-31T18:33:26.749Z] > git show --textconv :src/routes/tutorial.routes.js [136ms]
[2022-07-31T18:33:26.761Z] > git ls-files --stage -- /root/src/routes/tutorial.routes.js [27ms]
[2022-07-31T18:33:26.862Z] > git cat-file -s 85f799b1055291b6997aeeab1c1cf0d5d0a351a8 [5ms]
[2022-07-31T18:33:30.546Z] > git status -z -uall [5618ms]
[2022-07-31T18:33:30.550Z] > git symbolic-ref --short HEAD [10ms]
[2022-07-31T18:33:30.599Z] > git for-each-ref --format=%(refname)%00%(upstream:short)%00%(objectname)%00%(upstream:track)%00%(upstream:remotename)%00%(upstream:remoteref) refs/heads/master refs/remotes/master [6ms]
[2022-07-31T18:33:30.683Z] > git for-each-ref --sort -committerdate --format %(refname) %(objectname) %(*objectname) [52ms]
[2022-07-31T18:33:30.697Z] > git remote --verbose [34ms]
[2022-07-31T18:33:39.764Z] > git config --get commit.template [184ms]
[2022-07-31T18:33:48.082Z] > git show --textconv HEAD:.vscode-server/data/logs/20220731T121132/exthost1/output_logging_20220731T121138/2-Git.log [920ms]
[2022-07-31T18:33:48.083Z] > git show --textconv :.vscode-server/data/logs/20220731T121132/exthost1/output_logging_20220731T121138/2-Git.log [749ms]
[2022-07-31T18:33:48.084Z] > git show --textconv HEAD:.mysql_history [160ms]
[2022-07-31T18:33:48.088Z] > git ls-files --stage -- /root/.vscode-server/data/logs/20220731T121132/exthost1/output_logging_20220731T121138/2-Git.log [386ms]
[2022-07-31T18:33:48.134Z] > git ls-tree -l HEAD -- /root/.vscode-server/data/logs/20220731T121132/exthost1/output_logging_20220731T121138/2-Git.log [521ms]
[2022-07-31T18:33:48.209Z] > git cat-file -s 464d4bb6f8511435e8bdf18d291f269479cf4b4b [75ms]
[2022-07-31T18:33:48.212Z] > git ls-tree -l HEAD -- /root/.mysql_history [174ms]
[2022-07-31T18:33:48.769Z] > git check-ignore -v -z --stdin [128ms]
[2022-07-31T18:33:52.765Z] > git show --textconv :src/routes/tutorial.routes.js [172ms]
[2022-07-31T18:33:52.805Z] > git ls-files --stage -- /root/src/routes/tutorial.routes.js [73ms]
[2022-07-31T18:33:52.909Z] > git cat-file -s 85f799b1055291b6997aeeab1c1cf0d5d0a351a8 [15ms]
[2022-07-31T18:34:11.501Z] > git status -z -uall [1166ms]
[2022-07-31T18:34:11.501Z] > git symbolic-ref --short HEAD [38ms]
[2022-07-31T18:34:11.557Z] > git for-each-ref --format=%(refname)%00%(upstream:short)%00%(objectname)%00%(upstream:track)%00%(upstream:remotename)%00%(upstream:remoteref) refs/heads/master refs/remotes/master [13ms]
[2022-07-31T18:34:11.628Z] > git for-each-ref --sort -committerdate --format %(refname) %(objectname) %(*objectname) [37ms]
[2022-07-31T18:34:11.631Z] > git remote --verbose [4ms]
[2022-07-31T18:34:30.067Z] > git config --get commit.template [1056ms]
[2022-07-31T18:34:32.237Z] > git check-ignore -v -z --stdin [1523ms]
[2022-07-31T18:34:33.091Z] > git check-ignore -v -z --stdin [12ms]
[2022-07-31T18:34:54.278Z] > git show --textconv :.gitignore [87ms]
[2022-07-31T18:34:54.314Z] > git ls-files --stage -- /root/.gitignore [38ms]
[2022-07-31T18:34:54.430Z] > git cat-file -s 4cb512ec1f69ca61da8f4e280399077945848a06 [14ms]
[2022-07-31T18:37:28.682Z] > git show --textconv :vue-sandbox/src/main.js [105ms]
[2022-07-31T18:37:28.704Z] > git ls-files --stage -- /root/vue-sandbox/src/main.js [58ms]
[2022-07-31T18:38:17.287Z] > git check-ignore -v -z --stdin [16ms]
[2022-07-31T18:38:23.641Z] > git check-ignore -v -z --stdin [187ms]
[2022-07-31T18:38:28.573Z] > git show --textconv HEAD:.vscode-server/data/logs/20220731T121132/exthost1/output_logging_20220731T121138/2-Git.log [125ms]
[2022-07-31T18:38:28.576Z] > git show --textconv :.vscode-server/data/logs/20220731T121132/exthost1/output_logging_20220731T121138/2-Git.log [89ms]
[2022-07-31T18:38:28.591Z] > git ls-tree -l HEAD -- /root/.vscode-server/data/logs/20220731T121132/exthost1/output_logging_20220731T121138/2-Git.log [63ms]
[2022-07-31T18:38:28.637Z] > git ls-files --stage -- /root/.vscode-server/data/logs/20220731T121132/exthost1/output_logging_20220731T121138/2-Git.log [78ms]
[2022-07-31T18:38:28.715Z] > git cat-file -s 464d4bb6f8511435e8bdf18d291f269479cf4b4b [13ms]
[2022-07-31T18:38:32.790Z] > git branch [45ms]
[2022-07-31T18:38:32.933Z] > git reset -q HEAD -- /root/.vscode-server/data/logs/20220731T121132/exthost1/output_logging_20220731T121138/2-Git.log [102ms]
[2022-07-31T18:38:34.152Z] > git ls-tree -l HEAD -- /root/.vscode-server/data/logs/20220731T121132/exthost1/output_logging_20220731T121138/2-Git.log [29ms]
[2022-07-31T18:38:34.192Z] > git ls-files --stage -- /root/.vscode-server/data/logs/20220731T121132/exthost1/output_logging_20220731T121138/2-Git.log [42ms]
[2022-07-31T18:38:34.231Z] > git show --textconv HEAD:.vscode-server/data/logs/20220731T121132/exthost1/output_logging_20220731T121138/2-Git.log [40ms]
[2022-07-31T18:38:34.237Z] > git cat-file -s 059b27b65160849f12da56f760c523e0f1a66e30 [7ms]
[2022-07-31T18:38:34.296Z] > git show --textconv :.vscode-server/data/logs/20220731T121132/exthost1/output_logging_20220731T121138/2-Git.log [17ms]
[2022-07-31T18:38:36.887Z] > git status -z -uall [3925ms]
[2022-07-31T18:38:36.890Z] > git symbolic-ref --short HEAD [7ms]
[2022-07-31T18:38:36.922Z] > git for-each-ref --format=%(refname)%00%(upstream:short)%00%(objectname)%00%(upstream:track)%00%(upstream:remotename)%00%(upstream:remoteref) refs/heads/master refs/remotes/master [4ms]
[2022-07-31T18:38:36.970Z] > git for-each-ref --sort -committerdate --format %(refname) %(objectname) %(*objectname) [25ms]
[2022-07-31T18:38:36.971Z] > git remote --verbose [3ms]
[2022-07-31T18:38:45.837Z] > git config --get commit.template [75ms]
[2022-07-31T18:38:50.204Z] > git show --textconv :src/routes/tutorial.routes.js [88ms]
[2022-07-31T18:38:50.216Z] > git ls-files --stage -- /root/src/routes/tutorial.routes.js [20ms]
[2022-07-31T18:38:50.309Z] > git cat-file -s 85f799b1055291b6997aeeab1c1cf0d5d0a351a8 [32ms]
[2022-07-31T18:39:07.455Z] > git show --textconv :vue-sandbox/src/main.js [148ms]
[2022-07-31T18:39:07.458Z] > git ls-files --stage -- /root/vue-sandbox/src/main.js [20ms]
[2022-07-31T18:42:42.660Z] > git show --textconv :vue-sandbox/src/App.vue [97ms]
[2022-07-31T18:42:42.702Z] > git ls-files --stage -- /root/vue-sandbox/src/App.vue [75ms]
[2022-07-31T18:44:10.294Z] > git check-ignore -v -z --stdin [10ms]
[2022-07-31T18:44:15.472Z] > git check-ignore -v -z --stdin [27ms]
[2022-07-31T18:44:16.430Z] > git show --textconv :vue-sandbox/src/components/HeaderBar.vue [50ms]
[2022-07-31T18:44:16.448Z] > git ls-files --stage -- /root/vue-sandbox/src/components/HeaderBar.vue [20ms]
[2022-07-31T18:45:19.819Z] > git show --textconv :vue-sandbox/src/views/HomeView.vue [62ms]
[2022-07-31T18:45:19.844Z] > git ls-files --stage -- /root/vue-sandbox/src/views/HomeView.vue [31ms]
[2022-07-31T18:48:35.807Z] > git show --textconv :vue-sandbox/src/views/AboutView.vue [57ms]
[2022-07-31T18:48:35.813Z] > git ls-files --stage -- /root/vue-sandbox/src/views/AboutView.vue [25ms]
[2022-07-31T18:48:38.136Z] > git show --textconv :vue-sandbox/src/views/HomeView.vue [39ms]
[2022-07-31T18:48:38.146Z] > git ls-files --stage -- /root/vue-sandbox/src/views/HomeView.vue [11ms]
[2022-07-31T18:50:49.979Z] > git show --textconv :vue-sandbox/src/components/DataTable.vue [235ms]
[2022-07-31T18:50:49.979Z] > git ls-files --stage -- /root/vue-sandbox/src/components/DataTable.vue [138ms]
[2022-07-31T18:50:50.012Z] > git check-ignore -v -z --stdin [68ms]
[2022-07-31T18:52:15.069Z] > git show --textconv :vue-sandbox/src/views/HomeView.vue [84ms]
[2022-07-31T18:52:15.079Z] > git ls-files --stage -- /root/vue-sandbox/src/views/HomeView.vue [16ms]
[2022-07-31T18:53:10.757Z] > git show --textconv :vue-sandbox/src/components/DataTable.vue [23ms]
[2022-07-31T18:53:10.770Z] > git ls-files --stage -- /root/vue-sandbox/src/components/DataTable.vue [14ms]
[2022-07-31T18:54:12.746Z] > git show --textconv :vue-sandbox/src/views/HomeView.vue [44ms]
[2022-07-31T18:54:12.750Z] > git ls-files --stage -- /root/vue-sandbox/src/views/HomeView.vue [12ms]
[2022-07-31T18:56:35.680Z] > git check-ignore -v -z --stdin [302ms]
[2022-07-31T18:56:35.683Z] > git show --textconv :vue-sandbox/src/components/CustomerOverview.vue [94ms]
[2022-07-31T18:56:35.703Z] > git ls-files --stage -- /root/vue-sandbox/src/components/CustomerOverview.vue [32ms]
[2022-07-31T18:57:24.595Z] > git show --textconv :vue-sandbox/src/views/HomeView.vue [69ms]
[2022-07-31T18:57:24.609Z] > git ls-files --stage -- /root/vue-sandbox/src/views/HomeView.vue [18ms]
[2022-07-31T18:57:26.390Z] > git show --textconv :vue-sandbox/src/components/CustomerOverview.vue [26ms]
[2022-07-31T18:57:26.398Z] > git ls-files --stage -- /root/vue-sandbox/src/components/CustomerOverview.vue [11ms]
[2022-07-31T18:57:30.197Z] > git show --textconv :vue-sandbox/src/components/DataTable.vue [26ms]
[2022-07-31T18:57:30.208Z] > git ls-files --stage -- /root/vue-sandbox/src/components/DataTable.vue [14ms]
[2022-07-31T18:57:32.277Z] > git show --textconv :vue-sandbox/src/components/HeaderBar.vue [26ms]
[2022-07-31T18:57:32.293Z] > git ls-files --stage -- /root/vue-sandbox/src/components/HeaderBar.vue [18ms]
[2022-07-31T18:57:34.127Z] > git show --textconv :vue-sandbox/src/App.vue [30ms]
[2022-07-31T18:57:34.153Z] > git ls-files --stage -- /root/vue-sandbox/src/App.vue [33ms]
[2022-07-31T18:57:36.120Z] > git show --textconv :vue-sandbox/src/main.js [30ms]
[2022-07-31T18:57:36.147Z] > git ls-files --stage -- /root/vue-sandbox/src/main.js [29ms]
[2022-07-31T18:58:56.837Z] > git show --textconv :vue-sandbox/src/components/Modal.vue [35ms]
[2022-07-31T18:58:56.851Z] > git ls-files --stage -- /root/vue-sandbox/src/components/Modal.vue [15ms]
[2022-07-31T18:58:57.013Z] > git check-ignore -v -z --stdin [43ms]
[2022-07-31T18:59:42.568Z] > git check-ignore -v -z --stdin [190ms]
[2022-07-31T18:59:43.599Z] > git show --textconv :vue-sandbox/src/components/CreateCustomerForm.vue [252ms]
[2022-07-31T18:59:43.626Z] > git ls-files --stage -- /root/vue-sandbox/src/components/CreateCustomerForm.vue [103ms]
[2022-07-31T19:00:40.180Z] > git check-ignore -v -z --stdin [245ms]
[2022-07-31T19:00:40.181Z] > git show --textconv :vue-sandbox/src/components/EditCustomerForm.vue [178ms]
[2022-07-31T19:00:40.197Z] > git ls-files --stage -- /root/vue-sandbox/src/components/EditCustomerForm.vue [58ms]
[2022-07-31T19:01:35.053Z] > git show --textconv :vue-sandbox/src/components/DeleteModal.vue [76ms]
[2022-07-31T19:01:35.066Z] > git ls-files --stage -- /root/vue-sandbox/src/components/DeleteModal.vue [14ms]
[2022-07-31T19:01:35.167Z] > git check-ignore -v -z --stdin [23ms]
[2022-07-31T19:01:39.982Z] > git show --textconv :vue-sandbox/src/components/EditCustomerForm.vue [69ms]
[2022-07-31T19:01:40.001Z] > git ls-files --stage -- /root/vue-sandbox/src/components/EditCustomerForm.vue [35ms]
[2022-07-31T19:01:41.637Z] > git show --textconv :vue-sandbox/src/components/CreateCustomerForm.vue [61ms]
[2022-07-31T19:01:41.676Z] > git ls-files --stage -- /root/vue-sandbox/src/components/CreateCustomerForm.vue [51ms]
[2022-07-31T19:02:17.651Z] > git check-ignore -v -z --stdin [167ms]
[2022-07-31T19:02:37.873Z] > git show --textconv :vue-sandbox/src/views/HomeView.vue [26ms]
[2022-07-31T19:02:37.882Z] > git ls-files --stage -- /root/vue-sandbox/src/views/HomeView.vue [10ms]
[2022-07-31T19:09:10.148Z] > git show --textconv :src/routes/tutorial.routes.js [352ms]
[2022-07-31T19:09:10.213Z] > git ls-files --stage -- /root/src/routes/tutorial.routes.js [70ms]
[2022-07-31T19:09:10.336Z] > git cat-file -s 85f799b1055291b6997aeeab1c1cf0d5d0a351a8 [11ms]
[2022-07-31T19:09:52.788Z] > git check-ignore -v -z --stdin [22ms]
[2022-07-31T19:10:26.592Z] > git show --textconv HEAD:.cache/typescript/4.7/node_modules/@jridgewell/gen-mapping/dist/gen-mapping.mjs [183ms]
[2022-07-31T19:10:26.610Z] > git ls-tree -l HEAD -- /root/.cache/typescript/4.7/node_modules/@jridgewell/gen-mapping/dist/gen-mapping.mjs [68ms]
[2022-07-31T19:10:27.285Z] > git check-ignore -v -z --stdin [103ms]
[2022-07-31T19:10:30.795Z] > git show --textconv :src/routes/tutorial.routes.js [249ms]
[2022-07-31T19:10:30.883Z] > git ls-files --stage -- /root/src/routes/tutorial.routes.js [192ms]
[2022-07-31T19:10:31.036Z] > git cat-file -s 85f799b1055291b6997aeeab1c1cf0d5d0a351a8 [40ms]
[2022-07-31T19:10:52.832Z] > git log --oneline --cherry master...master@{upstream} -- [17ms]
[2022-07-31T19:10:54.514Z] > git pull --tags origin master [1645ms]
[2022-07-31T19:10:54.514Z] From https://github.com/andresovichh/root
 * branch            master     -> FETCH_HEAD
Auto packing the repository in background for optimum performance.
See "git help gc" for manual housekeeping.
[2022-07-31T19:10:55.814Z] > git ls-files --stage -- /root/src/routes/tutorial.routes.js [25ms]
[2022-07-31T19:10:55.908Z] > git cat-file -s 85f799b1055291b6997aeeab1c1cf0d5d0a351a8 [8ms]
[2022-07-31T19:10:56.321Z] > git show --textconv :src/routes/tutorial.routes.js [76ms]
[2022-07-31T19:10:58.334Z] > git push origin master:master [3719ms]
[2022-07-31T19:10:58.334Z] To https://github.com/andresovichh/root.git
   ba1216a..5a63612  master -> master
[2022-07-31T19:11:00.179Z] > git ls-files --stage -- /root/src/routes/tutorial.routes.js [28ms]
[2022-07-31T19:11:00.312Z] > git cat-file -s 85f799b1055291b6997aeeab1c1cf0d5d0a351a8 [23ms]
[2022-07-31T19:11:00.436Z] > git show --textconv :src/routes/tutorial.routes.js [28ms]
[2022-07-31T19:11:02.210Z] > git status -z -uall [3801ms]
[2022-07-31T19:11:02.216Z] > git symbolic-ref --short HEAD [20ms]
[2022-07-31T19:11:02.340Z] > git for-each-ref --format=%(refname)%00%(upstream:short)%00%(objectname)%00%(upstream:track)%00%(upstream:remotename)%00%(upstream:remoteref) refs/heads/master refs/remotes/master [21ms]
[2022-07-31T19:11:02.442Z] > git for-each-ref --sort -committerdate --format %(refname) %(objectname) %(*objectname) [63ms]
[2022-07-31T19:11:02.480Z] > git remote --verbose [43ms]
