[Info  - 5:23:29 PM] JavaScript Standard Style server is running.
[Info  - 5:23:30 PM] 
Failed to load the JavaScript Standard Style library for the document /root/src/routes/tutorial.routes.js

To use JavaScript Standard Style please install JavaScript Standard Style by running 'npm install standard' in the workspace folder root
or globally using 'npm install -g standard'. You need to reopen the workspace after installing JavaScript Standard Style.

Alternatively you can disable JavaScript Standard Style for the workspace folder root by executing the 'Disable JavaScript Standard Style' command.
[Info  - 5:23:30 PM] 
Failed to load the JavaScript Standard Style library for the document /root/src/controllers/tutorial.controller.js

To use JavaScript Standard Style please install JavaScript Standard Style by running 'npm install standard' in the workspace folder root
or globally using 'npm install -g standard'. You need to reopen the workspace after installing JavaScript Standard Style.

Alternatively you can disable JavaScript Standard Style for the workspace folder root by executing the 'Disable JavaScript Standard Style' command.
[Info  - 5:23:42 PM] 
Failed to load the JavaScript Standard Style library for the document /root/src/routes/tutorial.routes.js

To use JavaScript Standard Style please install JavaScript Standard Style by running 'npm install standard' in the workspace folder root
or globally using 'npm install -g standard'. You need to reopen the workspace after installing JavaScript Standard Style.

Alternatively you can disable JavaScript Standard Style for the workspace folder root by executing the 'Disable JavaScript Standard Style' command.
[Info  - 5:23:42 PM] 
Failed to load the JavaScript Standard Style library for the document /root/src/controllers/tutorial.controller.js

To use JavaScript Standard Style please install JavaScript Standard Style by running 'npm install standard' in the workspace folder root
or globally using 'npm install -g standard'. You need to reopen the workspace after installing JavaScript Standard Style.

Alternatively you can disable JavaScript Standard Style for the workspace folder root by executing the 'Disable JavaScript Standard Style' command.
[Info  - 5:23:42 PM] 
Failed to load the JavaScript Standard Style library for the document /root/src/controllers/tutorial.controller.js

To use JavaScript Standard Style please install JavaScript Standard Style by running 'npm install standard' in the workspace folder root
or globally using 'npm install -g standard'. You need to reopen the workspace after installing JavaScript Standard Style.

Alternatively you can disable JavaScript Standard Style for the workspace folder root by executing the 'Disable JavaScript Standard Style' command.
[Info  - 5:23:43 PM] 
Failed to load the JavaScript Standard Style library for the document /root/src/routes/tutorial.routes.js

To use JavaScript Standard Style please install JavaScript Standard Style by running 'npm install standard' in the workspace folder root
or globally using 'npm install -g standard'. You need to reopen the workspace after installing JavaScript Standard Style.

Alternatively you can disable JavaScript Standard Style for the workspace folder root by executing the 'Disable JavaScript Standard Style' command.
[Info  - 5:23:49 PM] 
Failed to load the JavaScript Standard Style library for the document /root/src/routes/tutorial.routes.js

To use JavaScript Standard Style please install JavaScript Standard Style by running 'npm install standard' in the workspace folder root
or globally using 'npm install -g standard'. You need to reopen the workspace after installing JavaScript Standard Style.

Alternatively you can disable JavaScript Standard Style for the workspace folder root by executing the 'Disable JavaScript Standard Style' command.
[Info  - 5:23:49 PM] 
Failed to load the JavaScript Standard Style library for the document /root/src/controllers/tutorial.controller.js

To use JavaScript Standard Style please install JavaScript Standard Style by running 'npm install standard' in the workspace folder root
or globally using 'npm install -g standard'. You need to reopen the workspace after installing JavaScript Standard Style.

Alternatively you can disable JavaScript Standard Style for the workspace folder root by executing the 'Disable JavaScript Standard Style' command.
[Info  - 5:23:50 PM] 
Failed to load the JavaScript Standard Style library for the document /root/src/routes/tutorial.routes.js

To use JavaScript Standard Style please install JavaScript Standard Style by running 'npm install standard' in the workspace folder root
or globally using 'npm install -g standard'. You need to reopen the workspace after installing JavaScript Standard Style.

Alternatively you can disable JavaScript Standard Style for the workspace folder root by executing the 'Disable JavaScript Standard Style' command.
[Info  - 5:23:50 PM] 
Failed to load the JavaScript Standard Style library for the document /root/src/controllers/tutorial.controller.js

To use JavaScript Standard Style please install JavaScript Standard Style by running 'npm install standard' in the workspace folder root
or globally using 'npm install -g standard'. You need to reopen the workspace after installing JavaScript Standard Style.

Alternatively you can disable JavaScript Standard Style for the workspace folder root by executing the 'Disable JavaScript Standard Style' command.
[Info  - 5:24:06 PM] 
Failed to load the JavaScript Standard Style library for the document /root/src/routes/tutorial.routes.js

To use JavaScript Standard Style please install JavaScript Standard Style by running 'npm install standard' in the workspace folder root
or globally using 'npm install -g standard'. You need to reopen the workspace after installing JavaScript Standard Style.

Alternatively you can disable JavaScript Standard Style for the workspace folder root by executing the 'Disable JavaScript Standard Style' command.
[Info  - 5:24:06 PM] 
Failed to load the JavaScript Standard Style library for the document /root/src/controllers/tutorial.controller.js

To use JavaScript Standard Style please install JavaScript Standard Style by running 'npm install standard' in the workspace folder root
or globally using 'npm install -g standard'. You need to reopen the workspace after installing JavaScript Standard Style.

Alternatively you can disable JavaScript Standard Style for the workspace folder root by executing the 'Disable JavaScript Standard Style' command.
[Info  - 5:24:06 PM] 
Failed to load the JavaScript Standard Style library for the document /root/src/routes/tutorial.routes.js

To use JavaScript Standard Style please install JavaScript Standard Style by running 'npm install standard' in the workspace folder root
or globally using 'npm install -g standard'. You need to reopen the workspace after installing JavaScript Standard Style.

Alternatively you can disable JavaScript Standard Style for the workspace folder root by executing the 'Disable JavaScript Standard Style' command.
[Info  - 5:24:06 PM] 
Failed to load the JavaScript Standard Style library for the document /root/src/controllers/tutorial.controller.js

To use JavaScript Standard Style please install JavaScript Standard Style by running 'npm install standard' in the workspace folder root
or globally using 'npm install -g standard'. You need to reopen the workspace after installing JavaScript Standard Style.

Alternatively you can disable JavaScript Standard Style for the workspace folder root by executing the 'Disable JavaScript Standard Style' command.
[Info  - 6:09:18 PM] 
Failed to load the JavaScript Standard Style library for the document /root/sandweb/src/main.js

To use JavaScript Standard Style please install JavaScript Standard Style by running 'npm install standard' in the workspace folder root
or globally using 'npm install -g standard'. You need to reopen the workspace after installing JavaScript Standard Style.

Alternatively you can disable JavaScript Standard Style for the workspace folder root by executing the 'Disable JavaScript Standard Style' command.
[Info  - 6:10:56 PM] 
Failed to load the JavaScript Standard Style library for the document /root/sandweb/src/crud.js

To use JavaScript Standard Style please install JavaScript Standard Style by running 'npm install standard' in the workspace folder root
or globally using 'npm install -g standard'. You need to reopen the workspace after installing JavaScript Standard Style.

Alternatively you can disable JavaScript Standard Style for the workspace folder root by executing the 'Disable JavaScript Standard Style' command.
[Info  - 6:23:29 PM] 
Failed to load the JavaScript Standard Style library for the document /root/vue-sandbox/src/main.js

To use JavaScript Standard Style please install JavaScript Standard Style by running 'npm install standard' in the workspace folder root
or globally using 'npm install -g standard'. You need to reopen the workspace after installing JavaScript Standard Style.

Alternatively you can disable JavaScript Standard Style for the workspace folder root by executing the 'Disable JavaScript Standard Style' command.
[Info  - 6:37:28 PM] 
Failed to load the JavaScript Standard Style library for the document /root/vue-sandbox/src/main.js

To use JavaScript Standard Style please install JavaScript Standard Style by running 'npm install standard' in the workspace folder root
or globally using 'npm install -g standard'. You need to reopen the workspace after installing JavaScript Standard Style.

Alternatively you can disable JavaScript Standard Style for the workspace folder root by executing the 'Disable JavaScript Standard Style' command.
[Info  - 6:39:06 PM] 
Failed to load the JavaScript Standard Style library for the document /root/vue-sandbox/src/main.js

To use JavaScript Standard Style please install JavaScript Standard Style by running 'npm install standard' in the workspace folder root
or globally using 'npm install -g standard'. You need to reopen the workspace after installing JavaScript Standard Style.

Alternatively you can disable JavaScript Standard Style for the workspace folder root by executing the 'Disable JavaScript Standard Style' command.
[Info  - 7:10:27 PM] 
Failed to load the JavaScript Standard Style library for the document /root/.cache/typescript/4.7/node_modules/@jridgewell/gen-mapping/dist/gen-mapping.mjs

To use JavaScript Standard Style please install JavaScript Standard Style by running 'npm install standard' in the workspace folder root
or globally using 'npm install -g standard'. You need to reopen the workspace after installing JavaScript Standard Style.

Alternatively you can disable JavaScript Standard Style for the workspace folder root by executing the 'Disable JavaScript Standard Style' command.
[Info  - 7:11:41 PM] JavaScript Standard Style server stopped.
