0 verbose cli [ '/usr/bin/node', '/usr/bin/npm', 'config', 'get', 'prefix' ]
1 info using npm@8.5.1
2 info using node@v12.22.9
3 timing npm:load:whichnode Completed in 0ms
4 timing config:load:defaults Completed in 18ms
5 timing config:load:file:/usr/share/nodejs/npm/npmrc Completed in 14ms
6 timing config:load:builtin Completed in 15ms
7 timing config:load:cli Completed in 12ms
8 timing config:load:env Completed in 1ms
9 timing config:load:file:/root/.vscode-server/bin/3b889b090b5ad5793f524b5d1d39fda662b96a2a/.npmrc Completed in 2ms
10 timing config:load:project Completed in 29ms
11 timing config:load:file:/root/.npmrc Completed in 1ms
12 timing config:load:user Completed in 1ms
13 timing config:load:file:/etc/npmrc Completed in 2ms
14 timing config:load:global Completed in 2ms
15 timing config:load:validate Completed in 0ms
16 timing config:load:credentials Completed in 4ms
17 timing config:load:setEnvs Completed in 5ms
18 timing config:load Completed in 108ms
19 timing npm:load:configload Completed in 109ms
20 timing npm:load:setTitle Completed in 2ms
21 timing config:load:flatten Completed in 48ms
22 timing npm:load:display Completed in 50ms
23 verbose logfile /root/.npm/_logs/2022-07-31T19_13_21_802Z-debug-0.log
24 timing npm:load:logFile Completed in 67ms
25 timing npm:load:timers Completed in 1ms
26 timing npm:load:configScope Completed in 0ms
27 timing npm:load Completed in 232ms
28 timing command:config Completed in 12ms
29 verbose exit 0
30 timing npm Completed in 2447ms
31 info ok
