0 verbose cli [
0 verbose cli   '/usr/bin/node',
0 verbose cli   '/usr/bin/npm',
0 verbose cli   'install',
0 verbose cli   '--loglevel',
0 verbose cli   'error',
0 verbose cli   '--legacy-peer-deps'
0 verbose cli ]
1 info using npm@8.5.1
2 info using node@v12.22.9
3 timing npm:load:whichnode Completed in 1ms
4 timing config:load:defaults Completed in 2ms
5 timing config:load:file:/usr/share/nodejs/npm/npmrc Completed in 5ms
6 timing config:load:builtin Completed in 6ms
7 timing config:load:cli Completed in 4ms
8 timing config:load:env Completed in 0ms
9 timing config:load:file:/root/vue-sandbox/.npmrc Completed in 1ms
10 timing config:load:project Completed in 12ms
11 timing config:load:file:/root/.npmrc Completed in 0ms
12 timing config:load:user Completed in 0ms
13 timing config:load:file:/etc/npmrc Completed in 0ms
14 timing config:load:global Completed in 0ms
15 timing config:load:validate Completed in 3ms
16 timing config:load:credentials Completed in 1ms
17 timing config:load:setEnvs Completed in 2ms
18 timing config:load Completed in 31ms
19 timing npm:load:configload Completed in 32ms
20 timing npm:load:setTitle Completed in 0ms
21 timing config:load:flatten Completed in 6ms
22 timing npm:load:display Completed in 11ms
23 verbose logfile /root/.npm/_logs/2022-07-31T18_36_20_246Z-debug-0.log
24 timing npm:load:logFile Completed in 12ms
25 timing npm:load:timers Completed in 0ms
26 timing npm:load:configScope Completed in 0ms
27 timing npm:load Completed in 58ms
28 timing arborist:ctor Completed in 9ms
29 silly logfile start cleaning logs, removing 2 files
30 timing idealTree:init Completed in 3709ms
31 timing idealTree:userRequests Completed in 1ms
32 silly idealTree buildDeps
33 silly fetch manifest vue@^2.6.14
34 timing arborist:ctor Completed in 1ms
35 http fetch GET 200 https://registry.npmjs.org/vue 2984ms (cache miss)
36 silly fetch manifest vue-router@^3.5.1
37 http fetch GET 200 https://registry.npmjs.org/vue-router 1268ms (cache miss)
38 silly fetch manifest @babel/eslint-parser@^7.12.16
39 http fetch GET 200 https://registry.npmjs.org/@babel%2feslint-parser 91ms (cache miss)
40 silly fetch manifest eslint@^7.32.0
41 http fetch GET 200 https://registry.npmjs.org/eslint 222ms (cache miss)
42 silly fetch manifest eslint-config-prettier@^8.3.0
43 http fetch GET 200 https://registry.npmjs.org/eslint-config-prettier 87ms (cache miss)
44 silly fetch manifest eslint-plugin-prettier@^4.0.0
45 http fetch GET 200 https://registry.npmjs.org/eslint-plugin-prettier 1076ms (cache miss)
46 silly fetch manifest eslint-plugin-vue@^8.0.3
47 http fetch GET 200 https://registry.npmjs.org/eslint-plugin-vue 1026ms (cache miss)
48 silly fetch manifest vue-template-compiler@^2.6.14
49 http fetch GET 200 https://registry.npmjs.org/vue-template-compiler 111ms (cache miss)
50 silly placeDep ROOT @babel/eslint-parser@7.18.9 OK for: vue-sandbox@0.1.0 want: ^7.12.16
51 silly placeDep ROOT eslint@7.32.0 OK for: vue-sandbox@0.1.0 want: ^7.32.0
52 silly placeDep ROOT eslint-config-prettier@8.5.0 OK for: vue-sandbox@0.1.0 want: ^8.3.0
53 silly placeDep ROOT eslint-plugin-prettier@4.2.1 OK for: vue-sandbox@0.1.0 want: ^4.0.0
54 silly placeDep ROOT eslint-plugin-vue@8.7.1 OK for: vue-sandbox@0.1.0 want: ^8.0.3
55 silly placeDep ROOT vue@2.7.8 OK for: vue-sandbox@0.1.0 want: ^2.6.14
56 silly placeDep ROOT vue-router@3.5.4 OK for: vue-sandbox@0.1.0 want: ^3.5.1
57 silly placeDep ROOT vue-template-compiler@2.7.8 OK for: vue-sandbox@0.1.0 want: ^2.6.14
58 silly fetch manifest eslint-visitor-keys@^2.1.0
59 silly fetch manifest @babel/code-frame@7.12.11
60 silly fetch manifest @eslint/eslintrc@^0.4.3
61 silly fetch manifest @humanwhocodes/config-array@^0.5.0
62 silly fetch manifest chalk@^4.0.0
63 silly fetch manifest cross-spawn@^7.0.2
64 silly fetch manifest doctrine@^3.0.0
65 silly fetch manifest enquirer@^2.3.5
66 silly fetch manifest escape-string-regexp@^4.0.0
67 silly fetch manifest eslint-utils@^2.1.0
68 silly fetch manifest eslint-visitor-keys@^2.0.0
69 silly fetch manifest espree@^7.3.1
70 silly fetch manifest esquery@^1.4.0
71 silly fetch manifest file-entry-cache@^6.0.1
72 silly fetch manifest functional-red-black-tree@^1.0.1
73 silly fetch manifest glob-parent@^5.1.2
74 silly fetch manifest globals@^13.6.0
75 silly fetch manifest ignore@^4.0.6
76 silly fetch manifest imurmurhash@^0.1.4
77 silly fetch manifest js-yaml@^3.13.1
78 silly fetch manifest json-stable-stringify-without-jsonify@^1.0.1
79 silly fetch manifest levn@^0.4.1
80 silly fetch manifest lodash.merge@^4.6.2
81 silly fetch manifest natural-compare@^1.4.0
82 silly fetch manifest optionator@^0.9.1
83 silly fetch manifest progress@^2.0.0
84 silly fetch manifest regexpp@^3.1.0
85 silly fetch manifest semver@^7.2.1
86 silly fetch manifest strip-json-comments@^3.1.0
87 silly fetch manifest table@^6.0.9
88 silly fetch manifest text-table@^0.2.0
89 silly fetch manifest v8-compile-cache@^2.0.3
90 silly fetch manifest prettier-linter-helpers@^1.0.0
91 silly fetch manifest eslint-utils@^3.0.0
92 silly fetch manifest semver@^7.3.5
93 silly fetch manifest vue-eslint-parser@^8.0.1
94 silly fetch manifest @vue/compiler-sfc@2.7.8
95 silly fetch manifest csstype@^3.1.0
96 silly fetch manifest de-indent@^1.0.2
97 http fetch GET 200 https://registry.npmjs.org/eslint-visitor-keys 452ms (cache miss)
98 http fetch GET 200 https://registry.npmjs.org/globals 799ms (cache miss)
99 http fetch GET 200 https://registry.npmjs.org/glob-parent 855ms (cache miss)
100 http fetch GET 200 https://registry.npmjs.org/esquery 865ms (cache miss)
101 http fetch GET 200 https://registry.npmjs.org/cross-spawn 878ms (cache miss)
102 http fetch GET 200 https://registry.npmjs.org/chalk 883ms (cache miss)
103 http fetch GET 200 https://registry.npmjs.org/enquirer 882ms (cache miss)
104 http fetch GET 200 https://registry.npmjs.org/escape-string-regexp 883ms (cache miss)
105 http fetch GET 200 https://registry.npmjs.org/doctrine 887ms (cache miss)
106 http fetch GET 200 https://registry.npmjs.org/file-entry-cache 880ms (cache miss)
107 http fetch GET 200 https://registry.npmjs.org/functional-red-black-tree 880ms (cache miss)
108 http fetch GET 200 https://registry.npmjs.org/eslint-utils 887ms (cache miss)
109 http fetch GET 200 https://registry.npmjs.org/@babel%2fcode-frame 904ms (cache miss)
110 http fetch GET 200 https://registry.npmjs.org/ignore 881ms (cache miss)
111 http fetch GET 200 https://registry.npmjs.org/json-stable-stringify-without-jsonify 878ms (cache miss)
112 http fetch GET 200 https://registry.npmjs.org/lodash.merge 874ms (cache miss)
113 http fetch GET 200 https://registry.npmjs.org/levn 878ms (cache miss)
114 http fetch GET 200 https://registry.npmjs.org/js-yaml 884ms (cache miss)
115 http fetch GET 200 https://registry.npmjs.org/imurmurhash 891ms (cache miss)
116 http fetch GET 200 https://registry.npmjs.org/natural-compare 883ms (cache miss)
117 http fetch GET 200 https://registry.npmjs.org/espree 904ms (cache miss)
118 http fetch GET 200 https://registry.npmjs.org/optionator 891ms (cache miss)
119 http fetch GET 200 https://registry.npmjs.org/strip-json-comments 888ms (cache miss)
120 http fetch GET 200 https://registry.npmjs.org/semver 891ms (cache miss)
121 http fetch GET 200 https://registry.npmjs.org/v8-compile-cache 889ms (cache miss)
122 http fetch GET 200 https://registry.npmjs.org/csstype 884ms (cache miss)
123 http fetch GET 200 https://registry.npmjs.org/regexpp 902ms (cache miss)
124 http fetch GET 200 https://registry.npmjs.org/@eslint%2feslintrc 940ms (cache miss)
125 http fetch GET 200 https://registry.npmjs.org/table 901ms (cache miss)
126 http fetch GET 200 https://registry.npmjs.org/@humanwhocodes%2fconfig-array 944ms (cache miss)
127 http fetch GET 200 https://registry.npmjs.org/text-table 912ms (cache miss)
128 http fetch GET 200 https://registry.npmjs.org/progress 1415ms (cache miss)
129 http fetch GET 200 https://registry.npmjs.org/de-indent 1521ms (cache miss)
130 http fetch GET 200 https://registry.npmjs.org/prettier-linter-helpers 1630ms (cache miss)
131 http fetch GET 200 https://registry.npmjs.org/vue-eslint-parser 1647ms (cache miss)
132 http fetch GET 200 https://registry.npmjs.org/@vue%2fcompiler-sfc 2778ms (cache miss)
133 timing idealTree:#root Completed in 9875ms
134 silly placeDep ROOT eslint-visitor-keys@2.1.0 OK for: @babel/eslint-parser@7.18.9 want: ^2.1.0
135 timing idealTree:node_modules/@babel/eslint-parser Completed in 3ms
136 silly placeDep node_modules/eslint @babel/code-frame@7.12.11 OK for: eslint@7.32.0 want: 7.12.11
137 silly placeDep ROOT @eslint/eslintrc@0.4.3 OK for: eslint@7.32.0 want: ^0.4.3
138 silly placeDep ROOT @humanwhocodes/config-array@0.5.0 OK for: eslint@7.32.0 want: ^0.5.0
139 silly placeDep node_modules/eslint chalk@4.1.2 OK for: eslint@7.32.0 want: ^4.0.0
140 silly placeDep node_modules/eslint cross-spawn@7.0.3 OK for: eslint@7.32.0 want: ^7.0.2
141 silly placeDep ROOT doctrine@3.0.0 OK for: eslint@7.32.0 want: ^3.0.0
142 silly placeDep ROOT enquirer@2.3.6 OK for: eslint@7.32.0 want: ^2.3.5
143 silly placeDep node_modules/eslint escape-string-regexp@4.0.0 OK for: eslint@7.32.0 want: ^4.0.0
144 silly placeDep ROOT eslint-utils@2.1.0 OK for: eslint@7.32.0 want: ^2.1.0
145 silly placeDep ROOT espree@7.3.1 OK for: eslint@7.32.0 want: ^7.3.1
146 silly placeDep ROOT esquery@1.4.0 OK for: eslint@7.32.0 want: ^1.4.0
147 silly placeDep ROOT file-entry-cache@6.0.1 OK for: eslint@7.32.0 want: ^6.0.1
148 silly placeDep ROOT functional-red-black-tree@1.0.1 OK for: eslint@7.32.0 want: ^1.0.1
149 silly placeDep node_modules/eslint glob-parent@5.1.2 OK for: eslint@7.32.0 want: ^5.1.2
150 silly placeDep node_modules/eslint globals@13.17.0 OK for: eslint@7.32.0 want: ^13.6.0
151 silly placeDep node_modules/eslint ignore@4.0.6 OK for: eslint@7.32.0 want: ^4.0.6
152 silly placeDep ROOT imurmurhash@0.1.4 OK for: eslint@7.32.0 want: ^0.1.4
153 silly placeDep ROOT js-yaml@3.14.1 OK for: eslint@7.32.0 want: ^3.13.1
154 silly placeDep ROOT json-stable-stringify-without-jsonify@1.0.1 OK for: eslint@7.32.0 want: ^1.0.1
155 silly placeDep ROOT levn@0.4.1 OK for: eslint@7.32.0 want: ^0.4.1
156 silly placeDep ROOT lodash.merge@4.6.2 OK for: eslint@7.32.0 want: ^4.6.2
157 silly placeDep ROOT natural-compare@1.4.0 OK for: eslint@7.32.0 want: ^1.4.0
158 silly placeDep ROOT optionator@0.9.1 OK for: eslint@7.32.0 want: ^0.9.1
159 silly placeDep ROOT progress@2.0.3 OK for: eslint@7.32.0 want: ^2.0.0
160 silly placeDep ROOT regexpp@3.2.0 OK for: eslint@7.32.0 want: ^3.1.0
161 silly placeDep node_modules/eslint semver@7.3.7 OK for: eslint@7.32.0 want: ^7.2.1
162 silly placeDep ROOT strip-json-comments@3.1.1 OK for: eslint@7.32.0 want: ^3.1.0
163 silly placeDep ROOT table@6.8.0 OK for: eslint@7.32.0 want: ^6.0.9
164 silly placeDep ROOT text-table@0.2.0 OK for: eslint@7.32.0 want: ^0.2.0
165 silly placeDep ROOT v8-compile-cache@2.3.0 OK for: eslint@7.32.0 want: ^2.0.3
166 silly fetch manifest globals@^13.9.0
167 silly fetch manifest @humanwhocodes/object-schema@^1.2.0
168 silly fetch manifest ansi-styles@^4.1.0
169 silly fetch manifest supports-color@^7.1.0
170 silly fetch manifest path-key@^3.1.0
171 silly fetch manifest shebang-command@^2.0.0
172 silly fetch manifest which@^2.0.1
173 silly fetch manifest ansi-colors@^4.1.1
174 silly fetch manifest eslint-visitor-keys@^1.1.0
175 silly fetch manifest acorn@^7.4.0
176 silly fetch manifest acorn-jsx@^5.3.1
177 silly fetch manifest eslint-visitor-keys@^1.3.0
178 silly fetch manifest estraverse@^5.1.0
179 silly fetch manifest flat-cache@^3.0.4
180 silly fetch manifest type-fest@^0.20.2
181 silly fetch manifest argparse@^1.0.7
182 silly fetch manifest esprima@^4.0.0
183 silly fetch manifest prelude-ls@^1.2.1
184 silly fetch manifest type-check@~0.4.0
185 silly fetch manifest deep-is@^0.1.3
186 silly fetch manifest word-wrap@^1.2.3
187 silly fetch manifest type-check@^0.4.0
188 silly fetch manifest fast-levenshtein@^2.0.6
189 silly fetch manifest ajv@^8.0.1
190 silly fetch manifest lodash.truncate@^4.4.2
191 silly fetch manifest slice-ansi@^4.0.0
192 http fetch GET 200 https://registry.npmjs.org/ansi-styles 450ms (cache miss)
193 http fetch GET 200 https://registry.npmjs.org/supports-color 449ms (cache miss)
194 http fetch GET 200 https://registry.npmjs.org/ansi-colors 445ms (cache miss)
195 http fetch GET 200 https://registry.npmjs.org/shebang-command 450ms (cache miss)
196 http fetch GET 200 https://registry.npmjs.org/acorn 445ms (cache miss)
197 http fetch GET 200 https://registry.npmjs.org/estraverse 446ms (cache miss)
198 http fetch GET 200 https://registry.npmjs.org/type-check 438ms (cache miss)
199 http fetch GET 200 https://registry.npmjs.org/flat-cache 448ms (cache miss)
200 http fetch GET 200 https://registry.npmjs.org/acorn-jsx 454ms (cache miss)
201 http fetch GET 200 https://registry.npmjs.org/esprima 451ms (cache miss)
202 http fetch GET 200 https://registry.npmjs.org/path-key 473ms (cache miss)
203 http fetch GET 200 https://registry.npmjs.org/type-fest 462ms (cache miss)
204 http fetch GET 200 https://registry.npmjs.org/lodash.truncate 449ms (cache miss)
205 http fetch GET 200 https://registry.npmjs.org/which 478ms (cache miss)
206 http fetch GET 200 https://registry.npmjs.org/argparse 476ms (cache miss)
207 http fetch GET 200 https://registry.npmjs.org/prelude-ls 477ms (cache miss)
208 http fetch GET 200 https://registry.npmjs.org/slice-ansi 464ms (cache miss)
209 http fetch GET 200 https://registry.npmjs.org/ajv 470ms (cache miss)
210 http fetch GET 200 https://registry.npmjs.org/word-wrap 481ms (cache miss)
211 http fetch GET 200 https://registry.npmjs.org/@humanwhocodes%2fobject-schema 513ms (cache miss)
212 http fetch GET 200 https://registry.npmjs.org/deep-is 1191ms (cache miss)
213 http fetch GET 200 https://registry.npmjs.org/fast-levenshtein 1289ms (cache miss)
214 timing idealTree:node_modules/eslint Completed in 1506ms
215 silly placeDep node_modules/@eslint/eslintrc globals@13.17.0 OK for: @eslint/eslintrc@0.4.3 want: ^13.9.0
216 silly placeDep node_modules/@eslint/eslintrc ignore@4.0.6 OK for: @eslint/eslintrc@0.4.3 want: ^4.0.6
217 timing idealTree:node_modules/@eslint/eslintrc Completed in 7ms
218 silly placeDep ROOT @humanwhocodes/object-schema@1.2.1 OK for: @humanwhocodes/config-array@0.5.0 want: ^1.2.0
219 timing idealTree:node_modules/@humanwhocodes/config-array Completed in 7ms
220 timing idealTree:node_modules/@humanwhocodes/object-schema Completed in 0ms
221 timing idealTree:node_modules/doctrine Completed in 0ms
222 silly placeDep ROOT ansi-colors@4.1.3 OK for: enquirer@2.3.6 want: ^4.1.1
223 timing idealTree:node_modules/enquirer Completed in 3ms
224 timing idealTree:node_modules/ansi-colors Completed in 0ms
225 timing idealTree:node_modules/eslint-config-prettier Completed in 1ms
226 silly placeDep ROOT prettier-linter-helpers@1.0.0 OK for: eslint-plugin-prettier@4.2.1 want: ^1.0.0
227 silly fetch manifest fast-diff@^1.1.2
228 http fetch GET 200 https://registry.npmjs.org/fast-diff 151ms (cache miss)
229 timing idealTree:node_modules/eslint-plugin-prettier Completed in 159ms
230 silly placeDep node_modules/eslint-plugin-vue eslint-utils@3.0.0 OK for: eslint-plugin-vue@8.7.1 want: ^3.0.0
231 silly placeDep node_modules/eslint-plugin-vue semver@7.3.7 OK for: eslint-plugin-vue@8.7.1 want: ^7.3.5
232 silly placeDep ROOT vue-eslint-parser@8.3.0 OK for: eslint-plugin-vue@8.7.1 want: ^8.0.1
233 silly fetch manifest eslint-scope@^7.0.0
234 silly fetch manifest eslint-visitor-keys@^3.1.0
235 silly fetch manifest espree@^9.0.0
236 http fetch GET 200 https://registry.npmjs.org/eslint-scope 125ms (cache miss)
237 timing idealTree:node_modules/eslint-plugin-vue Completed in 164ms
238 silly placeDep node_modules/eslint-utils eslint-visitor-keys@1.3.0 OK for: eslint-utils@2.1.0 want: ^1.1.0
239 timing idealTree:node_modules/eslint-utils Completed in 3ms
240 timing idealTree:node_modules/eslint-visitor-keys Completed in 0ms
241 silly placeDep node_modules/espree acorn@7.4.1 OK for: espree@7.3.1 want: ^7.4.0
242 silly placeDep ROOT acorn-jsx@5.3.2 OK for: espree@7.3.1 want: ^5.3.1
243 silly placeDep node_modules/espree eslint-visitor-keys@1.3.0 OK for: espree@7.3.1 want: ^1.3.0
244 timing idealTree:node_modules/espree Completed in 14ms
245 timing idealTree:node_modules/acorn-jsx Completed in 0ms
246 silly placeDep node_modules/esquery estraverse@5.3.0 OK for: esquery@1.4.0 want: ^5.1.0
247 timing idealTree:node_modules/esquery Completed in 3ms
248 silly placeDep ROOT flat-cache@3.0.4 OK for: file-entry-cache@6.0.1 want: ^3.0.4
249 silly fetch manifest flatted@^3.1.0
250 http fetch GET 200 https://registry.npmjs.org/flatted 96ms (cache miss)
251 timing idealTree:node_modules/file-entry-cache Completed in 129ms
252 silly placeDep ROOT flatted@3.2.6 OK for: flat-cache@3.0.4 want: ^3.1.0
253 timing idealTree:node_modules/flat-cache Completed in 2ms
254 timing idealTree:node_modules/flatted Completed in 0ms
255 timing idealTree:node_modules/functional-red-black-tree Completed in 1ms
256 timing idealTree:node_modules/imurmurhash Completed in 0ms
257 silly placeDep ROOT argparse@1.0.10 OK for: js-yaml@3.14.1 want: ^1.0.7
258 silly placeDep ROOT esprima@4.0.1 OK for: js-yaml@3.14.1 want: ^4.0.0
259 silly fetch manifest sprintf-js@~1.0.2
260 http fetch GET 200 https://registry.npmjs.org/sprintf-js 91ms (cache miss)
261 timing idealTree:node_modules/js-yaml Completed in 105ms
262 silly placeDep ROOT sprintf-js@1.0.3 OK for: argparse@1.0.10 want: ~1.0.2
263 timing idealTree:node_modules/argparse Completed in 3ms
264 timing idealTree:node_modules/esprima Completed in 0ms
265 timing idealTree:node_modules/json-stable-stringify-without-jsonify Completed in 0ms
266 silly placeDep ROOT prelude-ls@1.2.1 OK for: levn@0.4.1 want: ^1.2.1
267 silly placeDep ROOT type-check@0.4.0 OK for: levn@0.4.1 want: ~0.4.0
268 timing idealTree:node_modules/levn Completed in 7ms
269 timing idealTree:node_modules/lodash.merge Completed in 0ms
270 timing idealTree:node_modules/natural-compare Completed in 0ms
271 silly placeDep ROOT deep-is@0.1.4 OK for: optionator@0.9.1 want: ^0.1.3
272 silly placeDep ROOT fast-levenshtein@2.0.6 OK for: optionator@0.9.1 want: ^2.0.6
273 silly placeDep ROOT word-wrap@1.2.3 OK for: optionator@0.9.1 want: ^1.2.3
274 timing idealTree:node_modules/optionator Completed in 14ms
275 timing idealTree:node_modules/deep-is Completed in 0ms
276 timing idealTree:node_modules/fast-levenshtein Completed in 0ms
277 timing idealTree:node_modules/prelude-ls Completed in 0ms
278 silly placeDep ROOT fast-diff@1.2.0 OK for: prettier-linter-helpers@1.0.0 want: ^1.1.2
279 timing idealTree:node_modules/prettier-linter-helpers Completed in 4ms
280 timing idealTree:node_modules/fast-diff Completed in 0ms
281 timing idealTree:node_modules/progress Completed in 0ms
282 timing idealTree:node_modules/regexpp Completed in 0ms
283 timing idealTree:node_modules/sprintf-js Completed in 0ms
284 timing idealTree:node_modules/strip-json-comments Completed in 0ms
285 silly placeDep node_modules/table ajv@8.11.0 OK for: table@6.8.0 want: ^8.0.1
286 silly placeDep ROOT lodash.truncate@4.4.2 OK for: table@6.8.0 want: ^4.4.2
287 silly placeDep ROOT slice-ansi@4.0.0 OK for: table@6.8.0 want: ^4.0.0
288 silly fetch manifest json-schema-traverse@^1.0.0
289 silly fetch manifest ansi-styles@^4.0.0
290 silly fetch manifest astral-regex@^2.0.0
291 http fetch GET 200 https://registry.npmjs.org/json-schema-traverse 100ms (cache miss)
292 http fetch GET 200 https://registry.npmjs.org/astral-regex 104ms (cache miss)
293 timing idealTree:node_modules/table Completed in 119ms
294 timing idealTree:node_modules/lodash.truncate Completed in 0ms
295 silly placeDep node_modules/slice-ansi ansi-styles@4.3.0 OK for: slice-ansi@4.0.0 want: ^4.0.0
296 silly placeDep ROOT astral-regex@2.0.0 OK for: slice-ansi@4.0.0 want: ^2.0.0
297 silly fetch manifest color-convert@^2.0.1
298 http fetch GET 200 https://registry.npmjs.org/color-convert 89ms (cache miss)
299 timing idealTree:node_modules/slice-ansi Completed in 99ms
300 timing idealTree:node_modules/astral-regex Completed in 0ms
301 timing idealTree:node_modules/text-table Completed in 0ms
302 timing idealTree:node_modules/type-check Completed in 0ms
303 timing idealTree:node_modules/v8-compile-cache Completed in 0ms
304 silly placeDep ROOT @vue/compiler-sfc@2.7.8 OK for: vue@2.7.8 want: 2.7.8
305 silly placeDep ROOT csstype@3.1.0 OK for: vue@2.7.8 want: ^3.1.0
306 timing idealTree:node_modules/vue Completed in 9ms
307 timing idealTree:node_modules/@vue/compiler-sfc Completed in 0ms
308 timing idealTree:node_modules/csstype Completed in 0ms
309 silly placeDep node_modules/vue-eslint-parser eslint-scope@7.1.1 OK for: vue-eslint-parser@8.3.0 want: ^7.0.0
310 silly placeDep node_modules/vue-eslint-parser eslint-visitor-keys@3.3.0 OK for: vue-eslint-parser@8.3.0 want: ^3.1.0
311 silly placeDep node_modules/vue-eslint-parser espree@9.3.2 OK for: vue-eslint-parser@8.3.0 want: ^9.0.0
312 silly placeDep node_modules/vue-eslint-parser semver@7.3.7 OK for: vue-eslint-parser@8.3.0 want: ^7.3.5
313 silly fetch manifest estraverse@^5.2.0
314 timing idealTree:node_modules/vue-eslint-parser Completed in 17ms
315 timing idealTree:node_modules/vue-router Completed in 0ms
316 silly placeDep ROOT de-indent@1.0.2 OK for: vue-template-compiler@2.7.8 want: ^1.0.2
317 timing idealTree:node_modules/vue-template-compiler Completed in 3ms
318 timing idealTree:node_modules/de-indent Completed in 0ms
319 timing idealTree:node_modules/word-wrap Completed in 0ms
320 silly placeDep node_modules/@eslint/eslintrc type-fest@0.20.2 OK for: globals@13.17.0 want: ^0.20.2
321 timing idealTree:node_modules/@eslint/eslintrc/node_modules/globals Completed in 4ms
322 timing idealTree:node_modules/@eslint/eslintrc/node_modules/ignore Completed in 1ms
323 timing idealTree:node_modules/@eslint/eslintrc/node_modules/type-fest Completed in 0ms
324 timing idealTree:node_modules/eslint-plugin-vue/node_modules/eslint-utils Completed in 1ms
325 timing idealTree:node_modules/eslint-plugin-vue/node_modules/semver Completed in 0ms
326 timing idealTree:node_modules/eslint-utils/node_modules/eslint-visitor-keys Completed in 0ms
327 timing idealTree:node_modules/eslint/node_modules/@babel/code-frame Completed in 0ms
328 silly placeDep node_modules/eslint ansi-styles@4.3.0 OK for: chalk@4.1.2 want: ^4.1.0
329 silly placeDep node_modules/eslint supports-color@7.2.0 OK for: chalk@4.1.2 want: ^7.1.0
330 silly fetch manifest has-flag@^4.0.0
331 http fetch GET 200 https://registry.npmjs.org/has-flag 78ms (cache miss)
332 timing idealTree:node_modules/eslint/node_modules/chalk Completed in 86ms
333 silly placeDep node_modules/eslint color-convert@2.0.1 OK for: ansi-styles@4.3.0 want: ^2.0.1
334 silly fetch manifest color-name@~1.1.4
335 http fetch GET 200 https://registry.npmjs.org/color-name 67ms (cache miss)
336 timing idealTree:node_modules/eslint/node_modules/ansi-styles Completed in 77ms
337 silly placeDep node_modules/eslint color-name@1.1.4 OK for: color-convert@2.0.1 want: ~1.1.4
338 timing idealTree:node_modules/eslint/node_modules/color-convert Completed in 3ms
339 timing idealTree:node_modules/eslint/node_modules/color-name Completed in 0ms
340 silly placeDep node_modules/eslint path-key@3.1.1 OK for: cross-spawn@7.0.3 want: ^3.1.0
341 silly placeDep node_modules/eslint shebang-command@2.0.0 OK for: cross-spawn@7.0.3 want: ^2.0.0
342 silly placeDep node_modules/eslint which@2.0.2 OK for: cross-spawn@7.0.3 want: ^2.0.1
343 silly fetch manifest shebang-regex@^3.0.0
344 http fetch GET 200 https://registry.npmjs.org/shebang-regex 76ms (cache miss)
345 timing idealTree:node_modules/eslint/node_modules/cross-spawn Completed in 84ms
346 timing idealTree:node_modules/eslint/node_modules/escape-string-regexp Completed in 0ms
347 timing idealTree:node_modules/eslint/node_modules/glob-parent Completed in 0ms
348 silly placeDep node_modules/eslint type-fest@0.20.2 OK for: globals@13.17.0 want: ^0.20.2
349 timing idealTree:node_modules/eslint/node_modules/globals Completed in 2ms
350 timing idealTree:node_modules/eslint/node_modules/ignore Completed in 0ms
351 timing idealTree:node_modules/eslint/node_modules/path-key Completed in 0ms
352 timing idealTree:node_modules/eslint/node_modules/semver Completed in 0ms
353 silly placeDep node_modules/eslint shebang-regex@3.0.0 OK for: shebang-command@2.0.0 want: ^3.0.0
354 timing idealTree:node_modules/eslint/node_modules/shebang-command Completed in 2ms
355 timing idealTree:node_modules/eslint/node_modules/shebang-regex Completed in 0ms
356 silly placeDep node_modules/eslint has-flag@4.0.0 OK for: supports-color@7.2.0 want: ^4.0.0
357 timing idealTree:node_modules/eslint/node_modules/supports-color Completed in 3ms
358 timing idealTree:node_modules/eslint/node_modules/has-flag Completed in 0ms
359 timing idealTree:node_modules/eslint/node_modules/type-fest Completed in 0ms
360 timing idealTree:node_modules/eslint/node_modules/which Completed in 0ms
361 timing idealTree:node_modules/espree/node_modules/acorn Completed in 0ms
362 timing idealTree:node_modules/espree/node_modules/eslint-visitor-keys Completed in 0ms
363 timing idealTree:node_modules/esquery/node_modules/estraverse Completed in 0ms
364 silly placeDep node_modules/slice-ansi color-convert@2.0.1 OK for: ansi-styles@4.3.0 want: ^2.0.1
365 timing idealTree:node_modules/slice-ansi/node_modules/ansi-styles Completed in 2ms
366 silly placeDep node_modules/slice-ansi color-name@1.1.4 OK for: color-convert@2.0.1 want: ~1.1.4
367 timing idealTree:node_modules/slice-ansi/node_modules/color-convert Completed in 2ms
368 timing idealTree:node_modules/slice-ansi/node_modules/color-name Completed in 0ms
369 silly placeDep node_modules/table json-schema-traverse@1.0.0 OK for: ajv@8.11.0 want: ^1.0.0
370 timing idealTree:node_modules/table/node_modules/ajv Completed in 2ms
371 timing idealTree:node_modules/table/node_modules/json-schema-traverse Completed in 0ms
372 silly placeDep node_modules/vue-eslint-parser estraverse@5.3.0 OK for: eslint-scope@7.1.1 want: ^5.2.0
373 timing idealTree:node_modules/vue-eslint-parser/node_modules/eslint-scope Completed in 2ms
374 timing idealTree:node_modules/vue-eslint-parser/node_modules/eslint-visitor-keys Completed in 0ms
375 timing idealTree:node_modules/vue-eslint-parser/node_modules/espree Completed in 0ms
376 timing idealTree:node_modules/vue-eslint-parser/node_modules/estraverse Completed in 0ms
377 timing idealTree:node_modules/vue-eslint-parser/node_modules/semver Completed in 0ms
378 timing idealTree:buildDeps Completed in 12562ms
379 timing idealTree:fixDepFlags Completed in 29ms
380 timing idealTree Completed in 16345ms
381 timing reify:loadTrees Completed in 16354ms
382 timing reify:diffTrees Completed in 50ms
383 silly reify moves {}
384 timing reify:retireShallow Completed in 14ms
385 timing reify:createSparse Completed in 170ms
386 timing reify:loadBundles Completed in 0ms
387 silly audit bulk request {
387 silly audit   '@achrinza/node-ipc': [ '9.2.5' ],
387 silly audit   '@ampproject/remapping': [ '2.2.0' ],
387 silly audit   '@babel/code-frame': [ '7.18.6', '7.12.11' ],
387 silly audit   '@babel/compat-data': [ '7.18.8' ],
387 silly audit   '@babel/core': [ '7.18.9' ],
387 silly audit   '@babel/generator': [ '7.18.9' ],
387 silly audit   '@jridgewell/gen-mapping': [ '0.3.2', '0.1.1' ],
387 silly audit   '@babel/helper-annotate-as-pure': [ '7.18.6' ],
387 silly audit   '@babel/helper-builder-binary-assignment-operator-visitor': [ '7.18.9' ],
387 silly audit   '@babel/helper-compilation-targets': [ '7.18.9' ],
387 silly audit   '@babel/helper-create-class-features-plugin': [ '7.18.9' ],
387 silly audit   '@babel/helper-create-regexp-features-plugin': [ '7.18.6' ],
387 silly audit   '@babel/helper-define-polyfill-provider': [ '0.3.2' ],
387 silly audit   '@babel/helper-environment-visitor': [ '7.18.9' ],
387 silly audit   '@babel/helper-explode-assignable-expression': [ '7.18.6' ],
387 silly audit   '@babel/helper-function-name': [ '7.18.9' ],
387 silly audit   '@babel/helper-hoist-variables': [ '7.18.6' ],
387 silly audit   '@babel/helper-member-expression-to-functions': [ '7.18.9' ],
387 silly audit   '@babel/helper-module-imports': [ '7.18.6' ],
387 silly audit   '@babel/helper-module-transforms': [ '7.18.9' ],
387 silly audit   '@babel/helper-optimise-call-expression': [ '7.18.6' ],
387 silly audit   '@babel/helper-plugin-utils': [ '7.18.9' ],
387 silly audit   '@babel/helper-remap-async-to-generator': [ '7.18.9' ],
387 silly audit   '@babel/helper-replace-supers': [ '7.18.9' ],
387 silly audit   '@babel/helper-simple-access': [ '7.18.6' ],
387 silly audit   '@babel/helper-skip-transparent-expression-wrappers': [ '7.18.9' ],
387 silly audit   '@babel/helper-split-export-declaration': [ '7.18.6' ],
387 silly audit   '@babel/helper-validator-identifier': [ '7.18.6' ],
387 silly audit   '@babel/helper-validator-option': [ '7.18.6' ],
387 silly audit   '@babel/helper-wrap-function': [ '7.18.9' ],
387 silly audit   '@babel/helpers': [ '7.18.9' ],
387 silly audit   '@babel/highlight': [ '7.18.6' ],
387 silly audit   '@babel/parser': [ '7.18.9' ],
387 silly audit   '@babel/plugin-bugfix-safari-id-destructuring-collision-in-function-expression': [ '7.18.6' ],
387 silly audit   '@babel/plugin-bugfix-v8-spread-parameters-in-optional-chaining': [ '7.18.9' ],
387 silly audit   '@babel/plugin-proposal-async-generator-functions': [ '7.18.6' ],
387 silly audit   '@babel/plugin-proposal-class-properties': [ '7.18.6' ],
387 silly audit   '@babel/plugin-proposal-class-static-block': [ '7.18.6' ],
387 silly audit   '@babel/plugin-proposal-decorators': [ '7.18.9' ],
387 silly audit   '@babel/plugin-proposal-dynamic-import': [ '7.18.6' ],
387 silly audit   '@babel/plugin-proposal-export-namespace-from': [ '7.18.9' ],
387 silly audit   '@babel/plugin-proposal-json-strings': [ '7.18.6' ],
387 silly audit   '@babel/plugin-proposal-logical-assignment-operators': [ '7.18.9' ],
387 silly audit   '@babel/plugin-proposal-nullish-coalescing-operator': [ '7.18.6' ],
387 silly audit   '@babel/plugin-proposal-numeric-separator': [ '7.18.6' ],
387 silly audit   '@babel/plugin-proposal-object-rest-spread': [ '7.18.9' ],
387 silly audit   '@babel/plugin-proposal-optional-catch-binding': [ '7.18.6' ],
387 silly audit   '@babel/plugin-proposal-optional-chaining': [ '7.18.9' ],
387 silly audit   '@babel/plugin-proposal-private-methods': [ '7.18.6' ],
387 silly audit   '@babel/plugin-proposal-private-property-in-object': [ '7.18.6' ],
387 silly audit   '@babel/plugin-proposal-unicode-property-regex': [ '7.18.6' ],
387 silly audit   '@babel/plugin-syntax-async-generators': [ '7.8.4' ],
387 silly audit   '@babel/plugin-syntax-class-properties': [ '7.12.13' ],
387 silly audit   '@babel/plugin-syntax-class-static-block': [ '7.14.5' ],
387 silly audit   '@babel/plugin-syntax-decorators': [ '7.18.6' ],
387 silly audit   '@babel/plugin-syntax-dynamic-import': [ '7.8.3' ],
387 silly audit   '@babel/plugin-syntax-export-namespace-from': [ '7.8.3' ],
387 silly audit   '@babel/plugin-syntax-import-assertions': [ '7.18.6' ],
387 silly audit   '@babel/plugin-syntax-json-strings': [ '7.8.3' ],
387 silly audit   '@babel/plugin-syntax-jsx': [ '7.18.6' ],
387 silly audit   '@babel/plugin-syntax-logical-assignment-operators': [ '7.10.4' ],
387 silly audit   '@babel/plugin-syntax-nullish-coalescing-operator': [ '7.8.3' ],
387 silly audit   '@babel/plugin-syntax-numeric-separator': [ '7.10.4' ],
387 silly audit   '@babel/plugin-syntax-object-rest-spread': [ '7.8.3' ],
387 silly audit   '@babel/plugin-syntax-optional-catch-binding': [ '7.8.3' ],
387 silly audit   '@babel/plugin-syntax-optional-chaining': [ '7.8.3' ],
387 silly audit   '@babel/plugin-syntax-private-property-in-object': [ '7.14.5' ],
387 silly audit   '@babel/plugin-syntax-top-level-await': [ '7.14.5' ],
387 silly audit   '@babel/plugin-transform-arrow-functions': [ '7.18.6' ],
387 silly audit   '@babel/plugin-transform-async-to-generator': [ '7.18.6' ],
387 silly audit   '@babel/plugin-transform-block-scoped-functions': [ '7.18.6' ],
387 silly audit   '@babel/plugin-transform-block-scoping': [ '7.18.9' ],
387 silly audit   '@babel/plugin-transform-classes': [ '7.18.9' ],
387 silly audit   '@babel/plugin-transform-computed-properties': [ '7.18.9' ],
387 silly audit   '@babel/plugin-transform-destructuring': [ '7.18.9' ],
387 silly audit   '@babel/plugin-transform-dotall-regex': [ '7.18.6' ],
387 silly audit   '@babel/plugin-transform-duplicate-keys': [ '7.18.9' ],
387 silly audit   '@babel/plugin-transform-exponentiation-operator': [ '7.18.6' ],
387 silly audit   '@babel/plugin-transform-for-of': [ '7.18.8' ],
387 silly audit   '@babel/plugin-transform-function-name': [ '7.18.9' ],
387 silly audit   '@babel/plugin-transform-literals': [ '7.18.9' ],
387 silly audit   '@babel/plugin-transform-member-expression-literals': [ '7.18.6' ],
387 silly audit   '@babel/plugin-transform-modules-amd': [ '7.18.6' ],
387 silly audit   '@babel/plugin-transform-modules-commonjs': [ '7.18.6' ],
387 silly audit   '@babel/plugin-transform-modules-systemjs': [ '7.18.9' ],
387 silly audit   '@babel/plugin-transform-modules-umd': [ '7.18.6' ],
387 silly audit   '@babel/plugin-transform-named-capturing-groups-regex': [ '7.18.6' ],
387 silly audit   '@babel/plugin-transform-new-target': [ '7.18.6' ],
387 silly audit   '@babel/plugin-transform-object-super': [ '7.18.6' ],
387 silly audit   '@babel/plugin-transform-parameters': [ '7.18.8' ],
387 silly audit   '@babel/plugin-transform-property-literals': [ '7.18.6' ],
387 silly audit   '@babel/plugin-transform-regenerator': [ '7.18.6' ],
387 silly audit   '@babel/plugin-transform-reserved-words': [ '7.18.6' ],
387 silly audit   '@babel/plugin-transform-runtime': [ '7.18.9' ],
387 silly audit   '@babel/plugin-transform-shorthand-properties': [ '7.18.6' ],
387 silly audit   '@babel/plugin-transform-spread': [ '7.18.9' ],
387 silly audit   '@babel/plugin-transform-sticky-regex': [ '7.18.6' ],
387 silly audit   '@babel/plugin-transform-template-literals': [ '7.18.9' ],
387 silly audit   '@babel/plugin-transform-typeof-symbol': [ '7.18.9' ],
387 silly audit   '@babel/plugin-transform-unicode-escapes': [ '7.18.6' ],
387 silly audit   '@babel/plugin-transform-unicode-regex': [ '7.18.6' ],
387 silly audit   '@babel/preset-env': [ '7.18.9' ],
387 silly audit   '@babel/preset-modules': [ '0.1.5' ],
387 silly audit   '@babel/runtime': [ '7.18.9' ],
387 silly audit   '@babel/template': [ '7.18.6' ],
387 silly audit   '@babel/traverse': [ '7.18.9' ],
387 silly audit   '@babel/types': [ '7.18.9' ],
387 silly audit   '@hapi/hoek': [ '9.3.0' ],
387 silly audit   '@hapi/topo': [ '5.1.0' ],
387 silly audit   '@jridgewell/resolve-uri': [ '3.1.0' ],
387 silly audit   '@jridgewell/set-array': [ '1.1.2' ],
387 silly audit   '@jridgewell/source-map': [ '0.3.2' ],
387 silly audit   '@jridgewell/sourcemap-codec': [ '1.4.14' ],
387 silly audit   '@jridgewell/trace-mapping': [ '0.3.14' ],
387 silly audit   '@leichtgewicht/ip-codec': [ '2.0.4' ],
387 silly audit   '@node-ipc/js-queue': [ '2.0.3' ],
387 silly audit   '@nodelib/fs.scandir': [ '2.1.5' ],
387 silly audit   '@nodelib/fs.stat': [ '2.0.5' ],
387 silly audit   '@nodelib/fs.walk': [ '1.2.8' ],
387 silly audit   '@polka/url': [ '1.0.0-next.21' ],
387 silly audit   '@sideway/address': [ '4.1.4' ],
387 silly audit   '@sideway/formula': [ '3.0.0' ],
387 silly audit   '@sideway/pinpoint': [ '2.0.0' ],
387 silly audit   '@soda/friendly-errors-webpack-plugin': [ '1.8.1' ],
387 silly audit   'ansi-styles': [ '4.3.0', '3.2.1' ],
387 silly audit   chalk: [ '3.0.0', '4.1.2', '2.4.2' ],
387 silly audit   'color-convert': [ '2.0.1', '1.9.3' ],
387 silly audit   'color-name': [ '1.1.4', '1.1.3' ],
387 silly audit   'has-flag': [ '4.0.0', '3.0.0' ],
387 silly audit   'supports-color': [ '7.2.0', '8.1.1', '5.5.0' ],
387 silly audit   '@soda/get-current-script': [ '1.0.2' ],
387 silly audit   '@trysound/sax': [ '0.2.0' ],
387 silly audit   '@types/body-parser': [ '1.19.2' ],
387 silly audit   '@types/bonjour': [ '3.5.10' ],
387 silly audit   '@types/connect': [ '3.4.35' ],
387 silly audit   '@types/connect-history-api-fallback': [ '1.3.5' ],
387 silly audit   '@types/eslint': [ '8.4.5' ],
387 silly audit   '@types/eslint-scope': [ '3.7.4' ],
387 silly audit   '@types/estree': [ '1.0.0', '0.0.51' ],
387 silly audit   '@types/express': [ '4.17.13' ],
387 silly audit   '@types/express-serve-static-core': [ '4.17.30' ],
387 silly audit   '@types/html-minifier-terser': [ '6.1.0' ],
387 silly audit   '@types/http-proxy': [ '1.17.9' ],
387 silly audit   '@types/json-schema': [ '7.0.11' ],
387 silly audit   '@types/mime': [ '3.0.0' ],
387 silly audit   '@types/minimist': [ '1.2.2' ],
387 silly audit   '@types/node': [ '18.6.3' ],
387 silly audit   '@types/normalize-package-data': [ '2.4.1' ],
387 silly audit   '@types/parse-json': [ '4.0.0' ],
387 silly audit   '@types/qs': [ '6.9.7' ],
387 silly audit   '@types/range-parser': [ '1.2.4' ],
387 silly audit   '@types/retry': [ '0.12.0' ],
387 silly audit   '@types/serve-index': [ '1.9.1' ],
387 silly audit   '@types/serve-static': [ '1.15.0' ],
387 silly audit   '@types/sockjs': [ '0.3.33' ],
387 silly audit   '@types/ws': [ '8.5.3' ],
387 silly audit   '@vue/babel-helper-vue-jsx-merge-props': [ '1.2.1' ],
387 silly audit   '@vue/babel-helper-vue-transform-on': [ '1.0.2' ],
387 silly audit   '@vue/babel-plugin-jsx': [ '1.1.1' ],
387 silly audit   '@vue/babel-plugin-transform-vue-jsx': [ '1.2.1' ],
387 silly audit   'html-tags': [ '2.0.0', '3.2.0' ],
387 silly audit   '@vue/babel-preset-app': [ '5.0.8' ],
387 silly audit   semver: [ '7.3.7', '7.0.0', '5.7.1', '6.3.0' ],
387 silly audit   '@vue/babel-preset-jsx': [ '1.3.1' ],
387 silly audit   '@vue/babel-sugar-composition-api-inject-h': [ '1.3.0' ],
387 silly audit   '@vue/babel-sugar-composition-api-render-instance': [ '1.3.0' ],
387 silly audit   '@vue/babel-sugar-functional-vue': [ '1.2.2' ],
387 silly audit   '@vue/babel-sugar-inject-h': [ '1.2.2' ],
387 silly audit   '@vue/babel-sugar-v-model': [ '1.3.0' ],
387 silly audit   camelcase: [ '5.3.1', '6.3.0' ],
387 silly audit   '@vue/babel-sugar-v-on': [ '1.3.0' ],
387 silly audit   '@vue/cli-overlay': [ '5.0.8' ],
387 silly audit   '@vue/cli-plugin-babel': [ '5.0.8' ],
387 silly audit   '@vue/cli-plugin-eslint': [ '5.0.8' ],
387 silly audit   '@vue/cli-plugin-router': [ '5.0.8' ],
387 silly audit   '@vue/cli-plugin-vuex': [ '5.0.8' ],
387 silly audit   '@vue/cli-service': [ '5.0.8' ],
387 silly audit   '@vue/cli-shared-utils': [ '5.0.8' ],
387 silly audit   '@vue/component-compiler-utils': [ '3.3.0' ],
387 silly audit   'hash-sum': [ '1.0.2', '2.0.0' ],
387 silly audit   'lru-cache': [ '4.1.5', '6.0.0' ],
387 silly audit   picocolors: [ '0.2.1', '1.0.0' ],
387 silly audit   postcss: [ '7.0.39', '8.4.14' ],
387 silly audit   yallist: [ '2.1.2', '4.0.0' ],
387 silly audit   'vue-loader': [ '15.10.0', '17.0.0' ],
387 silly audit   '@vue/web-component-wrapper': [ '1.3.0' ],
387 silly audit   '@webassemblyjs/ast': [ '1.11.1' ],
387 silly audit   '@webassemblyjs/floating-point-hex-parser': [ '1.11.1' ],
387 silly audit   '@webassemblyjs/helper-api-error': [ '1.11.1' ],
387 silly audit   '@webassemblyjs/helper-buffer': [ '1.11.1' ],
387 silly audit   '@webassemblyjs/helper-numbers': [ '1.11.1' ],
387 silly audit   '@webassemblyjs/helper-wasm-bytecode': [ '1.11.1' ],
387 silly audit   '@webassemblyjs/helper-wasm-section': [ '1.11.1' ],
387 silly audit   '@webassemblyjs/ieee754': [ '1.11.1' ],
387 silly audit   '@webassemblyjs/leb128': [ '1.11.1' ],
387 silly audit   '@webassemblyjs/utf8': [ '1.11.1' ],
387 silly audit   '@webassemblyjs/wasm-edit': [ '1.11.1' ],
387 silly audit   '@webassemblyjs/wasm-gen': [ '1.11.1' ],
387 silly audit   '@webassemblyjs/wasm-opt': [ '1.11.1' ],
387 silly audit   '@webassemblyjs/wasm-parser': [ '1.11.1' ],
387 silly audit   '@webassemblyjs/wast-printer': [ '1.11.1' ],
387 silly audit   '@xtuc/ieee754': [ '1.2.0' ],
387 silly audit   '@xtuc/long': [ '4.2.2' ],
387 silly audit   accepts: [ '1.3.8' ],
387 silly audit   acorn: [ '8.8.0', '7.4.1' ],
387 silly audit   'acorn-import-assertions': [ '1.8.0' ],
387 silly audit   'acorn-walk': [ '8.2.0' ],
387 silly audit   address: [ '1.2.0' ],
387 silly audit   ajv: [ '6.12.6', '8.11.0' ],
387 silly audit   'ajv-formats': [ '2.1.1' ],
387 silly audit   'json-schema-traverse': [ '1.0.0', '0.4.1' ],
387 silly audit   'ajv-keywords': [ '3.5.2', '5.1.0' ],
387 silly audit   'ansi-escapes': [ '3.2.0' ],
387 silly audit   'ansi-html-community': [ '0.0.8' ],
387 silly audit   'ansi-regex': [ '5.0.1', '3.0.1' ],
387 silly audit   'any-promise': [ '1.3.0' ],
387 silly audit   anymatch: [ '3.1.2' ],
387 silly audit   arch: [ '2.2.0' ],
387 silly audit   'array-flatten': [ '2.1.2', '1.1.1' ],
387 silly audit   'array-union': [ '2.1.0' ],
387 silly audit   async: [ '2.6.4' ],
387 silly audit   'at-least-node': [ '1.0.0' ],
387 silly audit   autoprefixer: [ '10.4.8' ],
387 silly audit   'babel-loader': [ '8.2.5' ],
387 silly audit   'loader-utils': [ '2.0.2', '1.4.0' ],
387 silly audit   'babel-plugin-dynamic-import-node': [ '2.3.3' ],
387 silly audit   'babel-plugin-polyfill-corejs2': [ '0.3.2' ],
387 silly audit   'babel-plugin-polyfill-corejs3': [ '0.5.3' ],
387 silly audit   'babel-plugin-polyfill-regenerator': [ '0.3.1' ],
387 silly audit   'balanced-match': [ '1.0.2' ],
387 silly audit   'base64-js': [ '1.5.1' ],
387 silly audit   batch: [ '0.6.1' ],
387 silly audit   'big.js': [ '5.2.2' ],
387 silly audit   'binary-extensions': [ '2.2.0' ],
387 silly audit   bl: [ '4.1.0' ],
387 silly audit   bluebird: [ '3.7.2' ],
387 silly audit   'body-parser': [ '1.20.0' ],
387 silly audit   bytes: [ '3.1.2', '3.0.0' ],
387 silly audit   debug: [ '2.6.9', '4.3.4', '3.2.7' ],
387 silly audit   ms: [ '2.0.0', '2.1.2', '2.1.3' ],
387 silly audit   'bonjour-service': [ '1.0.13' ],
387 silly audit   boolbase: [ '1.0.0' ],
387 silly audit   'brace-expansion': [ '1.1.11' ],
387 silly audit   braces: [ '3.0.2' ],
387 silly audit   browserslist: [ '4.21.3' ],
387 silly audit   buffer: [ '5.7.1' ],
387 silly audit   'buffer-from': [ '1.1.2' ],
387 silly audit   'call-bind': [ '1.0.2' ],
387 silly audit   callsites: [ '3.1.0' ],
387 silly audit   'camel-case': [ '4.1.2' ],
387 silly audit   'caniuse-api': [ '3.0.0' ],
387 silly audit   'caniuse-lite': [ '1.0.30001373' ],
387 silly audit   'case-sensitive-paths-webpack-plugin': [ '2.4.0' ],
387 silly audit   chokidar: [ '3.5.3' ],
387 silly audit   'glob-parent': [ '5.1.2', '6.0.2' ],
387 silly audit   'chrome-trace-event': [ '1.0.3' ],
387 silly audit   'ci-info': [ '1.6.0' ],
387 silly audit   'clean-css': [ '5.3.1' ],
387 silly audit   'cli-cursor': [ '3.1.0', '2.1.0' ],
387 silly audit   'cli-highlight': [ '2.1.11' ],
387 silly audit   'cli-spinners': [ '2.7.0' ],
387 silly audit   clipboardy: [ '2.3.0' ],
387 silly audit   cliui: [ '7.0.4' ],
387 silly audit   clone: [ '1.0.4' ],
387 silly audit   'clone-deep': [ '4.0.1' ],
387 silly audit   colord: [ '2.9.2' ],
387 silly audit   colorette: [ '2.0.19' ],
387 silly audit   commander: [ '8.3.0', '7.2.0', '2.20.3' ],
387 silly audit   commondir: [ '1.0.1' ],
387 silly audit   compressible: [ '2.0.18' ],
387 silly audit   compression: [ '1.7.4' ],
387 silly audit   'concat-map': [ '0.0.1' ],
387 silly audit   'connect-history-api-fallback': [ '2.0.0' ],
387 silly audit   consolidate: [ '0.15.1' ],
387 silly audit   'content-disposition': [ '0.5.4' ],
387 silly audit   'safe-buffer': [ '5.2.1', '5.1.2' ],
387 silly audit   'content-type': [ '1.0.4' ],
387 silly audit   'convert-source-map': [ '1.8.0' ],
387 silly audit   cookie: [ '0.5.0' ],
387 silly audit   'cookie-signature': [ '1.0.6' ],
387 silly audit   'copy-webpack-plugin': [ '9.1.0' ],
387 silly audit   'schema-utils': [ '3.1.1', '4.0.0', '2.7.1' ],
387 silly audit   'core-js': [ '3.24.1' ],
387 silly audit   'core-js-compat': [ '3.24.1' ],
387 silly audit   'core-util-is': [ '1.0.3' ],
387 silly audit   cosmiconfig: [ '7.0.1' ],
387 silly audit   'cross-spawn': [ '6.0.5', '7.0.3', '5.1.0' ],
387 silly audit   'css-declaration-sorter': [ '6.3.0' ],
387 silly audit   'css-loader': [ '6.7.1' ],
387 silly audit   'css-minimizer-webpack-plugin': [ '3.4.1' ],
387 silly audit   'css-select': [ '4.3.0' ],
387 silly audit   'css-tree': [ '1.1.3' ],
387 silly audit   'css-what': [ '6.1.0' ],
387 silly audit   cssesc: [ '3.0.0' ],
387 silly audit   cssnano: [ '5.1.12' ],
387 silly audit   'cssnano-preset-default': [ '5.2.12' ],
387 silly audit   'cssnano-utils': [ '3.1.0' ],
387 silly audit   csso: [ '4.2.0' ],
387 silly audit   deepmerge: [ '1.5.2' ],
387 silly audit   'default-gateway': [ '6.0.3' ],
387 silly audit   execa: [ '5.1.1', '1.0.0', '0.8.0' ],
387 silly audit   'get-stream': [ '6.0.1', '4.1.0', '3.0.0' ],
387 silly audit   'is-stream': [ '2.0.1', '1.1.0' ],
387 silly audit   'npm-run-path': [ '4.0.1', '2.0.2' ],
387 silly audit   'path-key': [ '3.1.1', '2.0.1' ],
387 silly audit   'shebang-command': [ '2.0.0', '1.2.0' ],
387 silly audit   'shebang-regex': [ '3.0.0', '1.0.0' ],
387 silly audit   which: [ '2.0.2', '1.3.1' ],
387 silly audit   defaults: [ '1.0.3' ],
387 silly audit   'define-lazy-prop': [ '2.0.0' ],
387 silly audit   'define-properties': [ '1.1.4' ],
387 silly audit   depd: [ '2.0.0', '1.1.2' ],
387 silly audit   destroy: [ '1.2.0' ],
387 silly audit   'detect-node': [ '2.1.0' ],
387 silly audit   'dir-glob': [ '3.0.1' ],
387 silly audit   'dns-equal': [ '1.0.0' ],
387 silly audit   'dns-packet': [ '5.4.0' ],
387 silly audit   'dom-converter': [ '0.2.0' ],
387 silly audit   'dom-serializer': [ '1.4.1' ],
387 silly audit   domelementtype: [ '2.3.0' ],
387 silly audit   domhandler: [ '4.3.1' ],
387 silly audit   domutils: [ '2.8.0' ],
387 silly audit   'dot-case': [ '3.0.4' ],
387 silly audit   dotenv: [ '10.0.0' ],
387 silly audit   'dotenv-expand': [ '5.1.0' ],
387 silly audit   duplexer: [ '0.1.2' ],
387 silly audit   'easy-stack': [ '1.0.1' ],
387 silly audit   'ee-first': [ '1.1.1' ],
387 silly audit   'electron-to-chromium': [ '1.4.206' ],
387 silly audit   'emoji-regex': [ '8.0.0' ],
387 silly audit   'emojis-list': [ '3.0.0' ],
387 silly audit   encodeurl: [ '1.0.2' ],
387 silly audit   'end-of-stream': [ '1.4.4' ],
387 silly audit   'enhanced-resolve': [ '5.10.0' ],
387 silly audit   entities: [ '2.2.0' ],
387 silly audit   'error-ex': [ '1.3.2' ],
387 silly audit   'error-stack-parser': [ '2.1.4' ],
387 silly audit   'es-module-lexer': [ '0.9.3' ],
387 silly audit   escalade: [ '3.1.1' ],
387 silly audit   'escape-html': [ '1.0.3' ],
387 silly audit   'escape-string-regexp': [ '1.0.5', '4.0.0' ],
387 silly audit   'eslint-scope': [ '5.1.1', '7.1.1' ],
387 silly audit   'eslint-webpack-plugin': [ '3.2.0' ],
387 silly audit   'jest-worker': [ '28.1.3', '27.5.1' ],
387 silly audit   esrecurse: [ '4.3.0' ],
387 silly audit   estraverse: [ '5.3.0', '4.3.0' ],
387 silly audit   esutils: [ '2.0.3' ],
387 silly audit   etag: [ '1.8.1' ],
387 silly audit   'event-pubsub': [ '4.3.0' ],
387 silly audit   eventemitter3: [ '4.0.7' ],
387 silly audit   events: [ '3.3.0' ],
387 silly audit   express: [ '4.18.1' ],
387 silly audit   'fast-deep-equal': [ '3.1.3' ],
387 silly audit   'fast-glob': [ '3.2.11' ],
387 silly audit   'fast-json-stable-stringify': [ '2.1.0' ],
387 silly audit   fastq: [ '1.13.0' ],
387 silly audit   'faye-websocket': [ '0.11.4' ],
387 silly audit   figures: [ '2.0.0' ],
387 silly audit   'fill-range': [ '7.0.1' ],
387 silly audit   finalhandler: [ '1.2.0' ],
387 silly audit   'find-cache-dir': [ '3.3.2' ],
387 silly audit   'find-up': [ '4.1.0' ],
387 silly audit   'follow-redirects': [ '1.15.1' ],
387 silly audit   forwarded: [ '0.2.0' ],
387 silly audit   'fraction.js': [ '4.2.0' ],
387 silly audit   fresh: [ '0.5.2' ],
387 silly audit   'fs-extra': [ '9.1.0' ],
387 silly audit   'fs-monkey': [ '1.0.3' ],
387 silly audit   'fs.realpath': [ '1.0.0' ],
387 silly audit   fsevents: [ '2.3.2' ],
387 silly audit   'function-bind': [ '1.1.1' ],
387 silly audit   gensync: [ '1.0.0-beta.2' ],
387 silly audit   'get-caller-file': [ '2.0.5' ],
387 silly audit   'get-intrinsic': [ '1.1.2' ],
387 silly audit   glob: [ '7.2.3' ],
387 silly audit   'glob-to-regexp': [ '0.4.1' ],
387 silly audit   globals: [ '11.12.0', '13.17.0' ],
387 silly audit   globby: [ '11.1.0' ],
387 silly audit   'graceful-fs': [ '4.2.10' ],
387 silly audit   'gzip-size': [ '6.0.0' ],
387 silly audit   'handle-thing': [ '2.0.1' ],
387 silly audit   has: [ '1.0.3' ],
387 silly audit   'has-property-descriptors': [ '1.0.0' ],
387 silly audit   'has-symbols': [ '1.0.3' ],
387 silly audit   he: [ '1.2.0' ],
387 silly audit   'highlight.js': [ '10.7.3' ],
387 silly audit   'hosted-git-info': [ '2.8.9' ],
387 silly audit   'hpack.js': [ '2.1.6' ],
387 silly audit   'readable-stream': [ '2.3.7', '3.6.0' ],
387 silly audit   string_decoder: [ '1.1.1', '1.3.0' ],
387 silly audit   'html-entities': [ '2.3.3' ],
387 silly audit   'html-minifier-terser': [ '6.1.0' ],
387 silly audit   'html-webpack-plugin': [ '5.5.0' ],
387 silly audit   htmlparser2: [ '6.1.0' ],
387 silly audit   'http-deceiver': [ '1.2.7' ],
387 silly audit   'http-errors': [ '2.0.0', '1.6.3' ],
387 silly audit   'http-parser-js': [ '0.5.8' ],
387 silly audit   'http-proxy': [ '1.18.1' ],
387 silly audit   'http-proxy-middleware': [ '2.0.6' ],
387 silly audit   'human-signals': [ '2.1.0' ],
387 silly audit   'iconv-lite': [ '0.4.24' ],
387 silly audit   'icss-utils': [ '5.1.0' ],
387 silly audit   ieee754: [ '1.2.1' ],
387 silly audit   ignore: [ '5.2.0', '4.0.6' ],
387 silly audit   'import-fresh': [ '3.3.0' ],
387 silly audit   inflight: [ '1.0.6' ],
387 silly audit   inherits: [ '2.0.4', '2.0.3' ],
387 silly audit   'ipaddr.js': [ '2.0.1', '1.9.1' ],
387 silly audit   'is-arrayish': [ '0.2.1' ],
387 silly audit   'is-binary-path': [ '2.1.0' ],
387 silly audit   'is-ci': [ '1.2.1' ],
387 silly audit   'is-core-module': [ '2.9.0' ],
387 silly audit   'is-docker': [ '2.2.1' ],
387 silly audit   'is-extglob': [ '2.1.1' ],
387 silly audit   'is-file-esm': [ '1.0.0' ],
387 silly audit   'is-fullwidth-code-point': [ '3.0.0', '2.0.0' ],
387 silly audit   'is-glob': [ '4.0.3' ],
387 silly audit   'is-interactive': [ '1.0.0' ],
387 silly audit   'is-number': [ '7.0.0' ],
387 silly audit   'is-plain-obj': [ '3.0.0' ],
387 silly audit   'is-plain-object': [ '2.0.4' ],
387 silly audit   'is-unicode-supported': [ '0.1.0' ],
387 silly audit   'is-wsl': [ '2.2.0' ],
387 silly audit   isarray: [ '1.0.0' ],
387 silly audit   isexe: [ '2.0.0' ],
387 silly audit   isobject: [ '3.0.1' ],
387 silly audit   'javascript-stringify': [ '2.1.0' ],
387 silly audit   joi: [ '17.6.0' ],
387 silly audit   'js-message': [ '1.0.7' ],
387 silly audit   'js-tokens': [ '4.0.0' ],
387 silly audit   jsesc: [ '2.5.2', '0.5.0' ],
387 silly audit   'json-parse-better-errors': [ '1.0.2' ],
387 silly audit   'json-parse-even-better-errors': [ '2.3.1' ],
387 silly audit   json5: [ '2.2.1', '1.0.1' ],
387 silly audit   jsonfile: [ '6.1.0' ],
387 silly audit   'kind-of': [ '6.0.3' ],
387 silly audit   klona: [ '2.0.5' ],
387 silly audit   'launch-editor': [ '2.4.0' ],
387 silly audit   'launch-editor-middleware': [ '2.4.0' ],
387 silly audit   lilconfig: [ '2.0.6' ],
387 silly audit   'lines-and-columns': [ '1.2.4' ],
387 silly audit   'loader-runner': [ '4.3.0' ],
387 silly audit   'locate-path': [ '5.0.0' ],
387 silly audit   lodash: [ '4.17.21' ],
387 silly audit   'lodash.debounce': [ '4.0.8' ],
387 silly audit   'lodash.defaultsdeep': [ '4.6.1' ],
387 silly audit   'lodash.kebabcase': [ '4.1.1' ],
387 silly audit   'lodash.mapvalues': [ '4.6.0' ],
387 silly audit   'lodash.memoize': [ '4.1.2' ],
387 silly audit   'lodash.uniq': [ '4.5.0' ],
387 silly audit   'log-symbols': [ '4.1.0' ],
387 silly audit   'log-update': [ '2.3.0' ],
387 silly audit   'mimic-fn': [ '1.2.0', '2.1.0' ],
387 silly audit   onetime: [ '2.0.1', '5.1.2' ],
387 silly audit   'restore-cursor': [ '2.0.0', '3.1.0' ],
387 silly audit   'string-width': [ '2.1.1', '4.2.3' ],
387 silly audit   'strip-ansi': [ '4.0.0', '6.0.1' ],
387 silly audit   'wrap-ansi': [ '3.0.1', '7.0.0' ],
387 silly audit   'lower-case': [ '2.0.2' ],
387 silly audit   'make-dir': [ '3.1.0' ],
387 silly audit   'mdn-data': [ '2.0.14' ],
387 silly audit   'media-typer': [ '0.3.0' ],
387 silly audit   memfs: [ '3.4.7' ],
387 silly audit   'merge-descriptors': [ '1.0.1' ],
387 silly audit   'merge-source-map': [ '1.1.0' ],
387 silly audit   'merge-stream': [ '2.0.0' ],
387 silly audit   merge2: [ '1.4.1' ],
387 silly audit   methods: [ '1.1.2' ],
387 silly audit   micromatch: [ '4.0.5' ],
387 silly audit   mime: [ '1.6.0' ],
387 silly audit   'mime-db': [ '1.52.0' ],
387 silly audit   'mime-types': [ '2.1.35' ],
387 silly audit   'mini-css-extract-plugin': [ '2.6.1' ],
387 silly audit   'minimalistic-assert': [ '1.0.1' ],
387 silly audit   minimatch: [ '3.1.2' ],
387 silly audit   minimist: [ '1.2.6' ],
387 silly audit   minipass: [ '3.3.4' ],
387 silly audit   mkdirp: [ '0.5.6' ],
387 silly audit   'module-alias': [ '2.2.2' ],
387 silly audit   mrmime: [ '1.0.1' ],
387 silly audit   'multicast-dns': [ '7.2.5' ],
387 silly audit   mz: [ '2.7.0' ],
387 silly audit   nanoid: [ '3.3.4' ],
387 silly audit   negotiator: [ '0.6.3' ],
387 silly audit   'neo-async': [ '2.6.2' ],
387 silly audit   'nice-try': [ '1.0.5' ],
387 silly audit   'no-case': [ '3.0.4' ],
387 silly audit   'node-fetch': [ '2.6.7' ],
387 silly audit   'node-forge': [ '1.3.1' ],
387 silly audit   'node-releases': [ '2.0.6' ],
387 silly audit   'normalize-package-data': [ '2.5.0' ],
387 silly audit   'normalize-path': [ '3.0.0', '1.0.0' ],
387 silly audit   'normalize-range': [ '0.1.2' ],
387 silly audit   'normalize-url': [ '6.1.0' ],
387 silly audit   'nth-check': [ '2.1.1' ],
387 silly audit   'object-assign': [ '4.1.1' ],
387 silly audit   'object-inspect': [ '1.12.2' ],
387 silly audit   'object-keys': [ '1.1.1' ],
387 silly audit   'object.assign': [ '4.1.2' ],
387 silly audit   obuf: [ '1.1.2' ],
387 silly audit   'on-finished': [ '2.4.1' ],
387 silly audit   'on-headers': [ '1.0.2' ],
387 silly audit   once: [ '1.4.0' ],
387 silly audit   open: [ '8.4.0' ],
387 silly audit   opener: [ '1.5.2' ],
387 silly audit   ora: [ '5.4.1' ],
387 silly audit   'p-finally': [ '1.0.0' ],
387 silly audit   'p-limit': [ '2.3.0' ],
387 silly audit   'p-locate': [ '4.1.0' ],
387 silly audit   'p-retry': [ '4.6.2' ],
387 silly audit   'p-try': [ '2.2.0' ],
387 silly audit   'param-case': [ '3.0.4' ],
387 silly audit   'parent-module': [ '1.0.1' ],
387 silly audit   'parse-json': [ '5.2.0' ],
387 silly audit   parse5: [ '5.1.1', '6.0.1' ],
387 silly audit   'parse5-htmlparser2-tree-adapter': [ '6.0.1' ],
387 silly audit   parseurl: [ '1.3.3' ],
387 silly audit   'pascal-case': [ '3.1.2' ],
387 silly audit   'path-exists': [ '4.0.0' ],
387 silly audit   'path-is-absolute': [ '1.0.1' ],
387 silly audit   'path-parse': [ '1.0.7' ],
387 silly audit   'path-to-regexp': [ '0.1.7' ],
387 silly audit   'path-type': [ '4.0.0' ],
387 silly audit   picomatch: [ '2.3.1' ],
387 silly audit   'pkg-dir': [ '4.2.0' ],
387 silly audit   portfinder: [ '1.0.28' ],
387 silly audit   'postcss-calc': [ '8.2.4' ],
387 silly audit   'postcss-colormin': [ '5.3.0' ],
387 silly audit   'postcss-convert-values': [ '5.1.2' ],
387 silly audit   'postcss-discard-comments': [ '5.1.2' ],
387 silly audit   'postcss-discard-duplicates': [ '5.1.0' ],
387 silly audit   'postcss-discard-empty': [ '5.1.1' ],
387 silly audit   'postcss-discard-overridden': [ '5.1.0' ],
387 silly audit   'postcss-loader': [ '6.2.1' ],
387 silly audit   'postcss-merge-longhand': [ '5.1.6' ],
387 silly audit   'postcss-merge-rules': [ '5.1.2' ],
387 silly audit   'postcss-minify-font-values': [ '5.1.0' ],
387 silly audit   'postcss-minify-gradients': [ '5.1.1' ],
387 silly audit   'postcss-minify-params': [ '5.1.3' ],
387 silly audit   'postcss-minify-selectors': [ '5.2.1' ],
387 silly audit   'postcss-modules-extract-imports': [ '3.0.0' ],
387 silly audit   'postcss-modules-local-by-default': [ '4.0.0' ],
387 silly audit   'postcss-modules-scope': [ '3.0.0' ],
387 silly audit   'postcss-modules-values': [ '4.0.0' ],
387 silly audit   'postcss-normalize-charset': [ '5.1.0' ],
387 silly audit   'postcss-normalize-display-values': [ '5.1.0' ],
387 silly audit   'postcss-normalize-positions': [ '5.1.1' ],
387 silly audit   'postcss-normalize-repeat-style': [ '5.1.1' ],
387 silly audit   'postcss-normalize-string': [ '5.1.0' ],
387 silly audit   'postcss-normalize-timing-functions': [ '5.1.0' ],
387 silly audit   'postcss-normalize-unicode': [ '5.1.0' ],
387 silly audit   'postcss-normalize-url': [ '5.1.0' ],
387 silly audit   'postcss-normalize-whitespace': [ '5.1.1' ],
387 silly audit   'postcss-ordered-values': [ '5.1.3' ],
387 silly audit   'postcss-reduce-initial': [ '5.1.0' ],
387 silly audit   'postcss-reduce-transforms': [ '5.1.0' ],
387 silly audit   'postcss-selector-parser': [ '6.0.10' ],
387 silly audit   'postcss-svgo': [ '5.1.0' ],
387 silly audit   'postcss-unique-selectors': [ '5.1.1' ],
387 silly audit   'postcss-value-parser': [ '4.2.0' ],
387 silly audit   prettier: [ '2.7.1' ],
387 silly audit   'pretty-error': [ '4.0.0' ],
387 silly audit   'process-nextick-args': [ '2.0.1' ],
387 silly audit   'progress-webpack-plugin': [ '1.0.16' ],
387 silly audit   'proxy-addr': [ '2.0.7' ],
387 silly audit   pseudomap: [ '1.0.2' ],
387 silly audit   pump: [ '3.0.0' ],
387 silly audit   punycode: [ '2.1.1' ],
387 silly audit   qs: [ '6.10.3' ],
387 silly audit   'queue-microtask': [ '1.2.3' ],
387 silly audit   randombytes: [ '2.1.0' ],
387 silly audit   'range-parser': [ '1.2.1' ],
387 silly audit   'raw-body': [ '2.5.1' ],
387 silly audit   'read-pkg': [ '5.2.0' ],
387 silly audit   'read-pkg-up': [ '7.0.1' ],
387 silly audit   'type-fest': [ '0.8.1', '0.6.0', '0.20.2' ],
387 silly audit   readdirp: [ '3.6.0' ],
387 silly audit   regenerate: [ '1.4.2' ],
387 silly audit   'regenerate-unicode-properties': [ '10.0.1' ],
387 silly audit   'regenerator-runtime': [ '0.13.9' ],
387 silly audit   'regenerator-transform': [ '0.15.0' ],
387 silly audit   'regexpu-core': [ '5.1.0' ],
387 silly audit   regjsgen: [ '0.6.0' ],
387 silly audit   regjsparser: [ '0.8.4' ],
387 silly audit   relateurl: [ '0.2.7' ],
387 silly audit   renderkid: [ '3.0.0' ],
387 silly audit   'require-directory': [ '2.1.1' ],
387 silly audit   'require-from-string': [ '2.0.2' ],
387 silly audit   'requires-port': [ '1.0.0' ],
387 silly audit   resolve: [ '1.22.1' ],
387 silly audit   'resolve-from': [ '4.0.0' ],
387 silly audit   retry: [ '0.13.1' ],
387 silly audit   reusify: [ '1.0.4' ],
387 silly audit   rimraf: [ '3.0.2' ],
387 silly audit   'run-parallel': [ '1.2.0' ],
387 silly audit   'safer-buffer': [ '2.1.2' ],
387 silly audit   'select-hose': [ '2.0.0' ],
387 silly audit   selfsigned: [ '2.0.1' ],
387 silly audit   send: [ '0.18.0' ],
387 silly audit   'serialize-javascript': [ '6.0.0' ],
387 silly audit   'serve-index': [ '1.9.1' ],
387 silly audit   setprototypeof: [ '1.1.0', '1.2.0' ],
387 silly audit   statuses: [ '1.5.0', '2.0.1' ],
387 silly audit   'serve-static': [ '1.15.0' ],
387 silly audit   'shallow-clone': [ '3.0.1' ],
387 silly audit   'shell-quote': [ '1.7.3' ],
387 silly audit   'side-channel': [ '1.0.4' ],
387 silly audit   'signal-exit': [ '3.0.7' ],
387 silly audit   sirv: [ '1.0.19' ],
387 silly audit   slash: [ '3.0.0' ],
387 silly audit   sockjs: [ '0.3.24' ],
387 silly audit   'source-map': [ '0.6.1' ],
387 silly audit   'source-map-js': [ '1.0.2' ],
387 silly audit   'source-map-support': [ '0.5.21' ],
387 silly audit   'spdx-correct': [ '3.1.1' ],
387 silly audit   'spdx-exceptions': [ '2.3.0' ],
387 silly audit   'spdx-expression-parse': [ '3.0.1' ],
387 silly audit   'spdx-license-ids': [ '3.0.11' ],
387 silly audit   spdy: [ '4.0.2' ],
387 silly audit   'spdy-transport': [ '3.0.0' ],
387 silly audit   ssri: [ '8.0.1' ],
387 silly audit   stable: [ '0.1.8' ],
387 silly audit   stackframe: [ '1.3.4' ],
387 silly audit   'strip-eof': [ '1.0.0' ],
387 silly audit   'strip-final-newline': [ '2.0.0' ],
387 silly audit   'strip-indent': [ '2.0.0' ],
387 silly audit   stylehacks: [ '5.1.0' ],
387 silly audit   'supports-preserve-symlinks-flag': [ '1.0.0' ],
387 silly audit   'svg-tags': [ '1.0.0' ],
387 silly audit   svgo: [ '2.8.0' ],
387 silly audit   tapable: [ '2.2.1' ],
387 silly audit   terser: [ '5.14.2' ],
387 silly audit   'terser-webpack-plugin': [ '5.3.3' ],
387 silly audit   thenify: [ '3.3.1' ],
387 silly audit   'thenify-all': [ '1.6.0' ],
387 silly audit   'thread-loader': [ '3.0.4' ],
387 silly audit   thunky: [ '1.1.0' ],
387 silly audit   'to-fast-properties': [ '2.0.0' ],
387 silly audit   'to-regex-range': [ '5.0.1' ],
387 silly audit   toidentifier: [ '1.0.1' ],
387 silly audit   totalist: [ '1.1.0' ],
387 silly audit   tr46: [ '0.0.3' ],
387 silly audit   tslib: [ '2.4.0' ],
387 silly audit   'type-is': [ '1.6.18' ],
387 silly audit   'unicode-canonical-property-names-ecmascript': [ '2.0.0' ],
387 silly audit   'unicode-match-property-ecmascript': [ '2.0.0' ],
387 silly audit   'unicode-match-property-value-ecmascript': [ '2.0.0' ],
387 silly audit   'unicode-property-aliases-ecmascript': [ '2.0.0' ],
387 silly audit   universalify: [ '2.0.0' ],
387 silly audit   unpipe: [ '1.0.0' ],
387 silly audit   'update-browserslist-db': [ '1.0.5' ],
387 silly audit   'uri-js': [ '4.4.1' ],
387 silly audit   'util-deprecate': [ '1.0.2' ],
387 silly audit   utila: [ '0.4.0' ],
387 silly audit   'utils-merge': [ '1.0.1' ],
387 silly audit   uuid: [ '8.3.2' ],
387 silly audit   'validate-npm-package-license': [ '3.0.4' ],
387 silly audit   vary: [ '1.1.2' ],
387 silly audit   'vue-hot-reload-api': [ '2.3.4' ],
387 silly audit   'vue-style-loader': [ '4.1.3' ],
387 silly audit   'vue-template-es2015-compiler': [ '1.9.1' ],
387 silly audit   watchpack: [ '2.4.0' ],
387 silly audit   wbuf: [ '1.7.3' ],
387 silly audit   wcwidth: [ '1.0.1' ],
387 silly audit   'webidl-conversions': [ '3.0.1' ],
387 silly audit   webpack: [ '5.74.0' ],
387 silly audit   'webpack-bundle-analyzer': [ '4.5.0' ],
387 silly audit   'webpack-chain': [ '6.5.1' ],
387 silly audit   'webpack-dev-middleware': [ '5.3.3' ],
387 silly audit   'webpack-dev-server': [ '4.9.3' ],
387 silly audit   ws: [ '8.8.1', '7.5.9' ],
387 silly audit   'webpack-merge': [ '5.8.0' ],
387 silly audit   'webpack-sources': [ '3.2.3' ],
387 silly audit   'webpack-virtual-modules': [ '0.4.4' ],
387 silly audit   'websocket-driver': [ '0.7.4' ],
387 silly audit   'websocket-extensions': [ '0.1.4' ],
387 silly audit   'whatwg-fetch': [ '3.6.2' ],
387 silly audit   'whatwg-url': [ '5.0.0' ],
387 silly audit   wildcard: [ '2.0.0' ],
387 silly audit   wrappy: [ '1.0.2' ],
387 silly audit   y18n: [ '5.0.8' ],
387 silly audit   yaml: [ '1.10.2' ],
387 silly audit   yargs: [ '16.2.0' ],
387 silly audit   'yargs-parser': [ '20.2.9' ],
387 silly audit   yorkie: [ '2.0.0' ],
387 silly audit   '@babel/eslint-parser': [ '7.18.9' ],
387 silly audit   eslint: [ '7.32.0' ],
387 silly audit   'eslint-config-prettier': [ '8.5.0' ],
387 silly audit   'eslint-plugin-prettier': [ '4.2.1' ],
387 silly audit   'eslint-plugin-vue': [ '8.7.1' ],
387 silly audit   vue: [ '2.7.8' ],
387 silly audit   'vue-router': [ '3.5.4' ],
387 silly audit   'vue-template-compiler': [ '2.7.8' ],
387 silly audit   'eslint-visitor-keys': [ '2.1.0', '1.3.0', '3.3.0' ],
387 silly audit   '@eslint/eslintrc': [ '0.4.3' ],
387 silly audit   '@humanwhocodes/config-array': [ '0.5.0' ],
387 silly audit   doctrine: [ '3.0.0' ],
387 silly audit   enquirer: [ '2.3.6' ],
387 silly audit   'eslint-utils': [ '2.1.0', '3.0.0' ],
387 silly audit   espree: [ '7.3.1', '9.3.2' ],
387 silly audit   esquery: [ '1.4.0' ],
387 silly audit   'file-entry-cache': [ '6.0.1' ],
387 silly audit   'functional-red-black-tree': [ '1.0.1' ],
387 silly audit   imurmurhash: [ '0.1.4' ],
387 silly audit   'js-yaml': [ '3.14.1' ],
387 silly audit   'json-stable-stringify-without-jsonify': [ '1.0.1' ],
387 silly audit   levn: [ '0.4.1' ],
387 silly audit   'lodash.merge': [ '4.6.2' ],
387 silly audit   'natural-compare': [ '1.4.0' ],
387 silly audit   optionator: [ '0.9.1' ],
387 silly audit   progress: [ '2.0.3' ],
387 silly audit   regexpp: [ '3.2.0' ],
387 silly audit   'strip-json-comments': [ '3.1.1' ],
387 silly audit   table: [ '6.8.0' ],
387 silly audit   'text-table': [ '0.2.0' ],
387 silly audit   'v8-compile-cache': [ '2.3.0' ],
387 silly audit   '@humanwhocodes/object-schema': [ '1.2.1' ],
387 silly audit   'ansi-colors': [ '4.1.3' ],
387 silly audit   'prettier-linter-helpers': [ '1.0.0' ],
387 silly audit   'vue-eslint-parser': [ '8.3.0' ],
387 silly audit   'acorn-jsx': [ '5.3.2' ],
387 silly audit   'flat-cache': [ '3.0.4' ],
387 silly audit   flatted: [ '3.2.6' ],
387 silly audit   argparse: [ '1.0.10' ],
387 silly audit   esprima: [ '4.0.1' ],
387 silly audit   'sprintf-js': [ '1.0.3' ],
387 silly audit   'prelude-ls': [ '1.2.1' ],
387 silly audit   'type-check': [ '0.4.0' ],
387 silly audit   'deep-is': [ '0.1.4' ],
387 silly audit   'fast-levenshtein': [ '2.0.6' ],
387 silly audit   'word-wrap': [ '1.2.3' ],
387 silly audit   'fast-diff': [ '1.2.0' ],
387 silly audit   'lodash.truncate': [ '4.4.2' ],
387 silly audit   'slice-ansi': [ '4.0.0' ],
387 silly audit   'astral-regex': [ '2.0.0' ],
387 silly audit   '@vue/compiler-sfc': [ '2.7.8' ],
387 silly audit   csstype: [ '3.1.0' ],
387 silly audit   'de-indent': [ '1.0.2' ]
387 silly audit }
388 verbose reify failed optional dependency /root/vue-sandbox/node_modules/fsevents
389 silly reify mark deleted [ '/root/vue-sandbox/node_modules/fsevents' ]
390 timing reifyNode:node_modules/fsevents Completed in 63ms
391 silly tarball no local data for de-indent@https://registry.npmjs.org/de-indent/-/de-indent-1.0.2.tgz. Extracting by manifest.
392 silly tarball no local data for vue-template-compiler@https://registry.npmjs.org/vue-template-compiler/-/vue-template-compiler-2.7.8.tgz. Extracting by manifest.
393 silly tarball no local data for vue-router@https://registry.npmjs.org/vue-router/-/vue-router-3.5.4.tgz. Extracting by manifest.
394 http fetch POST 200 https://registry.npmjs.org/-/npm/v1/security/advisories/bulk 2400ms
395 timing auditReport:getReport Completed in 2610ms
396 silly audit report {}
397 timing auditReport:init Completed in 0ms
398 timing reify:audit Completed in 2611ms
399 timing reifyNode:node_modules/natural-compare Completed in 2363ms
400 timing reifyNode:node_modules/slice-ansi Completed in 2431ms
401 timing reifyNode:node_modules/fast-levenshtein Completed in 2419ms
402 timing reifyNode:node_modules/imurmurhash Completed in 2404ms
403 timing reifyNode:node_modules/slice-ansi/node_modules/color-name Completed in 2451ms
404 timing reifyNode:node_modules/eslint/node_modules/shebang-command Completed in 2358ms
405 timing reifyNode:node_modules/eslint/node_modules/color-name Completed in 2356ms
406 timing reifyNode:node_modules/astral-regex Completed in 2475ms
407 timing reifyNode:node_modules/lodash.truncate Completed in 2467ms
408 timing reifyNode:node_modules/word-wrap Completed in 2462ms
409 timing reifyNode:node_modules/strip-json-comments Completed in 2445ms
410 timing reifyNode:node_modules/eslint/node_modules/has-flag Completed in 2406ms
411 timing reifyNode:node_modules/eslint/node_modules/shebang-regex Completed in 2406ms
412 timing reifyNode:node_modules/eslint/node_modules/path-key Completed in 2404ms
413 timing reifyNode:node_modules/eslint/node_modules/supports-color Completed in 2401ms
414 timing reifyNode:node_modules/eslint/node_modules/glob-parent Completed in 2393ms
415 timing reifyNode:node_modules/eslint/node_modules/escape-string-regexp Completed in 2395ms
416 timing reifyNode:node_modules/eslint/node_modules/@babel/code-frame Completed in 2388ms
417 timing reifyNode:node_modules/slice-ansi/node_modules/ansi-styles Completed in 2533ms
418 timing reifyNode:node_modules/eslint/node_modules/ansi-styles Completed in 2444ms
419 timing reifyNode:node_modules/v8-compile-cache Completed in 2541ms
420 timing reifyNode:node_modules/file-entry-cache Completed in 2526ms
421 timing reifyNode:node_modules/@humanwhocodes/config-array Completed in 2504ms
422 timing reifyNode:node_modules/eslint/node_modules/which Completed in 2481ms
423 timing reifyNode:node_modules/type-check Completed in 2583ms
424 timing reifyNode:node_modules/acorn-jsx Completed in 2580ms
425 timing reifyNode:node_modules/lodash.merge Completed in 2566ms
426 timing reifyNode:node_modules/ansi-colors Completed in 2600ms
427 timing reifyNode:node_modules/progress Completed in 2592ms
428 timing reifyNode:node_modules/levn Completed in 2587ms
429 timing reifyNode:node_modules/slice-ansi/node_modules/color-convert Completed in 2629ms
430 timing reifyNode:node_modules/eslint-visitor-keys Completed in 2547ms
431 timing reifyNode:node_modules/eslint-plugin-prettier Completed in 2535ms
432 timing reifyNode:node_modules/espree/node_modules/eslint-visitor-keys Completed in 2591ms
433 timing reifyNode:node_modules/eslint-utils/node_modules/eslint-visitor-keys Completed in 2581ms
434 timing reifyNode:node_modules/eslint/node_modules/color-convert Completed in 2530ms
435 timing reifyNode:node_modules/fast-diff Completed in 2636ms
436 timing reifyNode:node_modules/vue-eslint-parser/node_modules/estraverse Completed in 2637ms
437 timing reifyNode:node_modules/esquery/node_modules/estraverse Completed in 2614ms
438 timing reifyNode:node_modules/@eslint/eslintrc/node_modules/globals Completed in 2581ms
439 timing reifyNode:node_modules/eslint/node_modules/globals Completed in 2546ms
440 timing reifyNode:node_modules/deep-is Completed in 2656ms
441 timing reifyNode:node_modules/flat-cache Completed in 2653ms
442 timing reifyNode:node_modules/optionator Completed in 2640ms
443 timing reifyNode:node_modules/functional-red-black-tree Completed in 2631ms
444 timing reifyNode:node_modules/eslint/node_modules/chalk Completed in 2560ms
445 timing reifyNode:node_modules/@eslint/eslintrc/node_modules/ignore Completed in 2608ms
446 timing reifyNode:node_modules/eslint/node_modules/ignore Completed in 2567ms
447 timing reifyNode:node_modules/eslint/node_modules/cross-spawn Completed in 2584ms
448 http fetch GET 200 https://registry.npmjs.org/de-indent/-/de-indent-1.0.2.tgz 2330ms (cache miss)
449 timing reifyNode:node_modules/de-indent Completed in 2734ms
450 timing reifyNode:node_modules/vue-eslint-parser/node_modules/eslint-visitor-keys Completed in 2739ms
451 timing reifyNode:node_modules/prelude-ls Completed in 2757ms
452 timing reifyNode:node_modules/prettier-linter-helpers Completed in 2752ms
453 timing reifyNode:node_modules/eslint-config-prettier Completed in 2730ms
454 timing reifyNode:node_modules/text-table Completed in 2819ms
455 timing reifyNode:node_modules/doctrine Completed in 2785ms
456 timing reifyNode:node_modules/espree Completed in 2806ms
457 timing reifyNode:node_modules/vue-eslint-parser/node_modules/espree Completed in 2847ms
458 timing reifyNode:node_modules/json-stable-stringify-without-jsonify Completed in 2840ms
459 timing reifyNode:node_modules/table/node_modules/json-schema-traverse Completed in 2865ms
460 timing reifyNode:node_modules/@humanwhocodes/object-schema Completed in 2904ms
461 timing reifyNode:node_modules/sprintf-js Completed in 2949ms
462 timing reifyNode:node_modules/regexpp Completed in 2957ms
463 timing reifyNode:node_modules/flatted Completed in 2986ms
464 timing reifyNode:node_modules/vue-eslint-parser/node_modules/eslint-scope Completed in 2983ms
465 timing reifyNode:node_modules/esprima Completed in 3001ms
466 timing reifyNode:node_modules/eslint-utils Completed in 2977ms
467 timing reifyNode:node_modules/@babel/eslint-parser Completed in 2910ms
468 timing reifyNode:node_modules/eslint-plugin-vue/node_modules/eslint-utils Completed in 2986ms
469 timing reifyNode:node_modules/argparse Completed in 3250ms
470 timing reifyNode:node_modules/@eslint/eslintrc Completed in 3197ms
471 timing reifyNode:node_modules/@vue/compiler-sfc Completed in 3292ms
472 timing reifyNode:node_modules/@eslint/eslintrc/node_modules/type-fest Completed in 3258ms
473 timing reifyNode:node_modules/eslint/node_modules/type-fest Completed in 3237ms
474 timing reifyNode:node_modules/vue-eslint-parser/node_modules/semver Completed in 3353ms
475 timing reifyNode:node_modules/eslint-plugin-vue/node_modules/semver Completed in 3281ms
476 timing reifyNode:node_modules/eslint/node_modules/semver Completed in 3264ms
477 timing reifyNode:node_modules/enquirer Completed in 3347ms
478 timing reifyNode:node_modules/vue-eslint-parser Completed in 3398ms
479 http fetch GET 200 https://registry.npmjs.org/vue-template-compiler/-/vue-template-compiler-2.7.8.tgz 2946ms (cache miss)
480 timing reifyNode:node_modules/vue-template-compiler Completed in 3341ms
481 timing reifyNode:node_modules/js-yaml Completed in 3396ms
482 timing reifyNode:node_modules/esquery Completed in 3396ms
483 timing reifyNode:node_modules/csstype Completed in 3463ms
484 timing reifyNode:node_modules/espree/node_modules/acorn Completed in 3584ms
485 http fetch GET 200 https://registry.npmjs.org/vue-router/-/vue-router-3.5.4.tgz 3325ms (cache miss)
486 timing reifyNode:node_modules/vue-router Completed in 3776ms
487 timing reifyNode:node_modules/table Completed in 4257ms
488 timing reifyNode:node_modules/eslint-plugin-vue Completed in 5956ms
489 timing reifyNode:node_modules/table/node_modules/ajv Completed in 6702ms
490 timing reifyNode:node_modules/vue Completed in 6723ms
491 timing reifyNode:node_modules/eslint Completed in 6818ms
492 timing reify:unpack Completed in 6931ms
493 timing reify:unretire Completed in 1ms
494 timing build:queue Completed in 10ms
495 timing build:link:node_modules/eslint Completed in 185ms
496 timing build:link:node_modules/eslint-config-prettier Completed in 162ms
497 timing build:link:node_modules/esprima Completed in 162ms
498 timing build:link:node_modules/js-yaml Completed in 158ms
499 timing build:link:node_modules/eslint-plugin-vue/node_modules/semver Completed in 158ms
500 timing build:link:node_modules/eslint/node_modules/semver Completed in 151ms
501 timing build:link:node_modules/espree/node_modules/acorn Completed in 151ms
502 timing build:link:node_modules/vue-eslint-parser/node_modules/semver Completed in 146ms
503 timing build:link:node_modules/eslint/node_modules/which Completed in 151ms
504 timing build:link Completed in 190ms
505 timing build:deps Completed in 202ms
506 timing build Completed in 203ms
507 timing reify:build Completed in 204ms
508 timing reify:trash Completed in 18ms
509 timing reify:save Completed in 2927ms
510 timing reify Completed in 27304ms
511 silly ADD node_modules/de-indent
512 silly ADD node_modules/csstype
513 silly ADD node_modules/@vue/compiler-sfc
514 silly ADD node_modules/astral-regex
515 silly ADD node_modules/slice-ansi
516 silly ADD node_modules/slice-ansi/node_modules/color-name
517 silly ADD node_modules/slice-ansi/node_modules/color-convert
518 silly ADD node_modules/slice-ansi/node_modules/ansi-styles
519 silly ADD node_modules/lodash.truncate
520 silly ADD node_modules/fast-diff
521 silly ADD node_modules/word-wrap
522 silly ADD node_modules/fast-levenshtein
523 silly ADD node_modules/deep-is
524 silly ADD node_modules/type-check
525 silly ADD node_modules/prelude-ls
526 silly ADD node_modules/sprintf-js
527 silly ADD node_modules/esprima
528 silly ADD node_modules/argparse
529 silly ADD node_modules/flatted
530 silly ADD node_modules/flat-cache
531 silly ADD node_modules/acorn-jsx
532 silly ADD node_modules/vue-eslint-parser
533 silly ADD node_modules/vue-eslint-parser/node_modules/estraverse
534 silly ADD node_modules/vue-eslint-parser/node_modules/semver
535 silly ADD node_modules/vue-eslint-parser/node_modules/espree
536 silly ADD node_modules/vue-eslint-parser/node_modules/eslint-visitor-keys
537 silly ADD node_modules/vue-eslint-parser/node_modules/eslint-scope
538 silly ADD node_modules/prettier-linter-helpers
539 silly ADD node_modules/ansi-colors
540 silly ADD node_modules/@humanwhocodes/object-schema
541 silly ADD node_modules/v8-compile-cache
542 silly ADD node_modules/text-table
543 silly ADD node_modules/table
544 silly ADD node_modules/table/node_modules/json-schema-traverse
545 silly ADD node_modules/table/node_modules/ajv
546 silly ADD node_modules/strip-json-comments
547 silly ADD node_modules/regexpp
548 silly ADD node_modules/progress
549 silly ADD node_modules/optionator
550 silly ADD node_modules/natural-compare
551 silly ADD node_modules/lodash.merge
552 silly ADD node_modules/levn
553 silly ADD node_modules/json-stable-stringify-without-jsonify
554 silly ADD node_modules/js-yaml
555 silly ADD node_modules/imurmurhash
556 silly ADD node_modules/functional-red-black-tree
557 silly ADD node_modules/file-entry-cache
558 silly ADD node_modules/esquery
559 silly ADD node_modules/esquery/node_modules/estraverse
560 silly ADD node_modules/espree
561 silly ADD node_modules/espree/node_modules/eslint-visitor-keys
562 silly ADD node_modules/espree/node_modules/acorn
563 silly ADD node_modules/eslint-utils
564 silly ADD node_modules/eslint-utils/node_modules/eslint-visitor-keys
565 silly ADD node_modules/enquirer
566 silly ADD node_modules/doctrine
567 silly ADD node_modules/@humanwhocodes/config-array
568 silly ADD node_modules/@eslint/eslintrc
569 silly ADD node_modules/@eslint/eslintrc/node_modules/type-fest
570 silly ADD node_modules/@eslint/eslintrc/node_modules/ignore
571 silly ADD node_modules/@eslint/eslintrc/node_modules/globals
572 silly ADD node_modules/eslint-visitor-keys
573 silly ADD node_modules/vue-template-compiler
574 silly ADD node_modules/vue-router
575 silly ADD node_modules/vue
576 silly ADD node_modules/eslint-plugin-vue
577 silly ADD node_modules/eslint-plugin-vue/node_modules/semver
578 silly ADD node_modules/eslint-plugin-vue/node_modules/eslint-utils
579 silly ADD node_modules/eslint-plugin-prettier
580 silly ADD node_modules/eslint-config-prettier
581 silly ADD node_modules/eslint
582 silly ADD node_modules/eslint/node_modules/has-flag
583 silly ADD node_modules/eslint/node_modules/shebang-regex
584 silly ADD node_modules/eslint/node_modules/type-fest
585 silly ADD node_modules/eslint/node_modules/which
586 silly ADD node_modules/eslint/node_modules/shebang-command
587 silly ADD node_modules/eslint/node_modules/path-key
588 silly ADD node_modules/eslint/node_modules/color-name
589 silly ADD node_modules/eslint/node_modules/color-convert
590 silly ADD node_modules/eslint/node_modules/supports-color
591 silly ADD node_modules/eslint/node_modules/ansi-styles
592 silly ADD node_modules/eslint/node_modules/semver
593 silly ADD node_modules/eslint/node_modules/ignore
594 silly ADD node_modules/eslint/node_modules/globals
595 silly ADD node_modules/eslint/node_modules/glob-parent
596 silly ADD node_modules/eslint/node_modules/escape-string-regexp
597 silly ADD node_modules/eslint/node_modules/cross-spawn
598 silly ADD node_modules/eslint/node_modules/chalk
599 silly ADD node_modules/eslint/node_modules/@babel/code-frame
600 silly ADD node_modules/@babel/eslint-parser
601 silly ADD
602 timing command:install Completed in 27382ms
603 verbose exit 0
604 timing npm Completed in 28509ms
605 info ok
