0 verbose cli [
0 verbose cli   '/usr/bin/node',
0 verbose cli   '/usr/bin/npm',
0 verbose cli   'install',
0 verbose cli   'bootstrap',
0 verbose cli   'bootstrap-vue'
0 verbose cli ]
1 info using npm@8.5.1
2 info using node@v12.22.9
3 timing npm:load:whichnode Completed in 1ms
4 timing config:load:defaults Completed in 3ms
5 timing config:load:file:/usr/share/nodejs/npm/npmrc Completed in 15ms
6 timing config:load:builtin Completed in 15ms
7 timing config:load:cli Completed in 2ms
8 timing config:load:env Completed in 1ms
9 timing config:load:file:/root/vue-sandbox/.npmrc Completed in 1ms
10 timing config:load:project Completed in 8ms
11 timing config:load:file:/root/.npmrc Completed in 0ms
12 timing config:load:user Completed in 0ms
13 timing config:load:file:/etc/npmrc Completed in 0ms
14 timing config:load:global Completed in 0ms
15 timing config:load:validate Completed in 0ms
16 timing config:load:credentials Completed in 1ms
17 timing config:load:setEnvs Completed in 1ms
18 timing config:load Completed in 36ms
19 timing npm:load:configload Completed in 36ms
20 timing npm:load:setTitle Completed in 0ms
21 timing config:load:flatten Completed in 4ms
22 timing npm:load:display Completed in 7ms
23 verbose logfile /root/.npm/_logs/2022-07-31T18_38_07_612Z-debug-0.log
24 timing npm:load:logFile Completed in 10ms
25 timing npm:load:timers Completed in 0ms
26 timing npm:load:configScope Completed in 0ms
27 timing npm:load Completed in 56ms
28 timing arborist:ctor Completed in 3ms
29 silly logfile start cleaning logs, removing 1 files
30 timing idealTree:init Completed in 1521ms
31 timing idealTree:userRequests Completed in 6ms
32 silly idealTree buildDeps
33 silly fetch manifest bootstrap@*
34 timing arborist:ctor Completed in 0ms
35 http fetch GET 200 https://registry.npmjs.org/bootstrap 1657ms (cache miss)
36 silly fetch manifest @popperjs/core@^2.11.5
37 http fetch GET 200 https://registry.npmjs.org/@popperjs%2fcore 110ms (cache miss)
38 silly fetch manifest bootstrap-vue@*
39 http fetch GET 200 https://registry.npmjs.org/bootstrap-vue 1255ms (cache miss)
40 silly placeDep ROOT bootstrap@5.2.0 OK for: vue-sandbox@0.1.0 want: *
41 silly placeDep ROOT @popperjs/core@2.11.5 OK for: bootstrap@5.2.0 want: ^2.11.5
42 silly placeDep ROOT bootstrap-vue@2.22.0 OK for: vue-sandbox@0.1.0 want: *
43 silly fetch manifest @nuxt/opencollective@^0.3.2
44 silly fetch manifest bootstrap@^4.6.1
45 silly fetch manifest popper.js@^1.16.1
46 silly fetch manifest portal-vue@^2.1.7
47 silly fetch manifest vue-functional-data-merge@^3.1.0
48 http fetch GET 200 https://registry.npmjs.org/vue-functional-data-merge 1198ms (cache miss)
49 http fetch GET 200 https://registry.npmjs.org/popper.js 1215ms (cache miss)
50 http fetch GET 200 https://registry.npmjs.org/portal-vue 1371ms (cache miss)
51 http fetch GET 200 https://registry.npmjs.org/@nuxt%2fopencollective 2330ms (cache miss)
52 timing idealTree:#root Completed in 5436ms
53 timing idealTree:node_modules/@popperjs/core Completed in 0ms
54 timing idealTree:node_modules/bootstrap Completed in 0ms
55 silly fetch manifest jquery@1.9.1 - 3
56 http fetch GET 200 https://registry.npmjs.org/jquery 92ms (cache miss)
57 silly fetch manifest vue@^2.5.18
58 http fetch GET 200 https://registry.npmjs.org/vue 162ms (cache miss)
59 silly placeDep ROOT @nuxt/opencollective@0.3.3 OK for: bootstrap-vue@2.22.0 want: ^0.3.2
60 silly placeDep node_modules/bootstrap-vue bootstrap@4.6.2 OK for: bootstrap-vue@2.22.0 want: ^4.6.1
61 silly placeDep ROOT jquery@3.6.0 OK for: bootstrap@4.6.2 want: 1.9.1 - 3
62 silly placeDep ROOT popper.js@1.16.1 OK for: bootstrap@4.6.2 want: ^1.16.1
63 silly placeDep ROOT portal-vue@2.1.7 OK for: bootstrap-vue@2.22.0 want: ^2.1.7
64 silly placeDep ROOT vue-functional-data-merge@3.1.0 OK for: bootstrap-vue@2.22.0 want: ^3.1.0
65 silly fetch manifest chalk@^4.1.0
66 silly fetch manifest consola@^2.15.0
67 http fetch GET 200 https://registry.npmjs.org/chalk 96ms (cache miss)
68 http fetch GET 200 https://registry.npmjs.org/consola 105ms (cache miss)
69 timing idealTree:node_modules/bootstrap-vue Completed in 427ms
70 silly placeDep node_modules/@nuxt/opencollective chalk@4.1.2 OK for: @nuxt/opencollective@0.3.3 want: ^4.1.0
71 silly placeDep ROOT consola@2.15.3 OK for: @nuxt/opencollective@0.3.3 want: ^2.15.0
72 silly fetch manifest ansi-styles@^4.1.0
73 silly fetch manifest supports-color@^7.1.0
74 http fetch GET 200 https://registry.npmjs.org/supports-color 112ms (cache miss)
75 http fetch GET 200 https://registry.npmjs.org/ansi-styles 123ms (cache miss)
76 timing idealTree:node_modules/@nuxt/opencollective Completed in 145ms
77 timing idealTree:node_modules/consola Completed in 0ms
78 timing idealTree:node_modules/jquery Completed in 0ms
79 timing idealTree:node_modules/popper.js Completed in 0ms
80 timing idealTree:node_modules/portal-vue Completed in 0ms
81 timing idealTree:node_modules/vue-functional-data-merge Completed in 0ms
82 silly placeDep node_modules/@nuxt/opencollective ansi-styles@4.3.0 OK for: chalk@4.1.2 want: ^4.1.0
83 silly placeDep node_modules/@nuxt/opencollective supports-color@7.2.0 OK for: chalk@4.1.2 want: ^7.1.0
84 silly fetch manifest color-convert@^2.0.1
85 silly fetch manifest has-flag@^4.0.0
86 http fetch GET 200 https://registry.npmjs.org/color-convert 78ms (cache miss)
87 http fetch GET 200 https://registry.npmjs.org/has-flag 101ms (cache miss)
88 timing idealTree:node_modules/@nuxt/opencollective/node_modules/chalk Completed in 116ms
89 silly placeDep node_modules/@nuxt/opencollective color-convert@2.0.1 OK for: ansi-styles@4.3.0 want: ^2.0.1
90 silly fetch manifest color-name@~1.1.4
91 http fetch GET 200 https://registry.npmjs.org/color-name 78ms (cache miss)
92 timing idealTree:node_modules/@nuxt/opencollective/node_modules/ansi-styles Completed in 86ms
93 silly placeDep node_modules/@nuxt/opencollective color-name@1.1.4 OK for: color-convert@2.0.1 want: ~1.1.4
94 timing idealTree:node_modules/@nuxt/opencollective/node_modules/color-convert Completed in 5ms
95 timing idealTree:node_modules/@nuxt/opencollective/node_modules/color-name Completed in 0ms
96 silly placeDep node_modules/@nuxt/opencollective has-flag@4.0.0 OK for: supports-color@7.2.0 want: ^4.0.0
97 timing idealTree:node_modules/@nuxt/opencollective/node_modules/supports-color Completed in 8ms
98 timing idealTree:node_modules/@nuxt/opencollective/node_modules/has-flag Completed in 0ms
99 timing idealTree:node_modules/bootstrap-vue/node_modules/bootstrap Completed in 0ms
100 timing idealTree:buildDeps Completed in 6231ms
101 timing idealTree:fixDepFlags Completed in 44ms
102 timing idealTree Completed in 7826ms
103 timing reify:loadTrees Completed in 7828ms
104 timing reify:diffTrees Completed in 47ms
105 silly reify moves {}
106 timing reify:retireShallow Completed in 1ms
107 timing reify:createSparse Completed in 118ms
108 timing reify:loadBundles Completed in 0ms
109 silly audit bulk request {
109 silly audit   '@achrinza/node-ipc': [ '9.2.5' ],
109 silly audit   '@ampproject/remapping': [ '2.2.0' ],
109 silly audit   '@babel/code-frame': [ '7.18.6', '7.12.11' ],
109 silly audit   '@babel/compat-data': [ '7.18.8' ],
109 silly audit   '@babel/core': [ '7.18.9' ],
109 silly audit   '@babel/eslint-parser': [ '7.18.9' ],
109 silly audit   '@babel/generator': [ '7.18.9' ],
109 silly audit   '@jridgewell/gen-mapping': [ '0.3.2', '0.1.1' ],
109 silly audit   '@babel/helper-annotate-as-pure': [ '7.18.6' ],
109 silly audit   '@babel/helper-builder-binary-assignment-operator-visitor': [ '7.18.9' ],
109 silly audit   '@babel/helper-compilation-targets': [ '7.18.9' ],
109 silly audit   '@babel/helper-create-class-features-plugin': [ '7.18.9' ],
109 silly audit   '@babel/helper-create-regexp-features-plugin': [ '7.18.6' ],
109 silly audit   '@babel/helper-define-polyfill-provider': [ '0.3.2' ],
109 silly audit   '@babel/helper-environment-visitor': [ '7.18.9' ],
109 silly audit   '@babel/helper-explode-assignable-expression': [ '7.18.6' ],
109 silly audit   '@babel/helper-function-name': [ '7.18.9' ],
109 silly audit   '@babel/helper-hoist-variables': [ '7.18.6' ],
109 silly audit   '@babel/helper-member-expression-to-functions': [ '7.18.9' ],
109 silly audit   '@babel/helper-module-imports': [ '7.18.6' ],
109 silly audit   '@babel/helper-module-transforms': [ '7.18.9' ],
109 silly audit   '@babel/helper-optimise-call-expression': [ '7.18.6' ],
109 silly audit   '@babel/helper-plugin-utils': [ '7.18.9' ],
109 silly audit   '@babel/helper-remap-async-to-generator': [ '7.18.9' ],
109 silly audit   '@babel/helper-replace-supers': [ '7.18.9' ],
109 silly audit   '@babel/helper-simple-access': [ '7.18.6' ],
109 silly audit   '@babel/helper-skip-transparent-expression-wrappers': [ '7.18.9' ],
109 silly audit   '@babel/helper-split-export-declaration': [ '7.18.6' ],
109 silly audit   '@babel/helper-validator-identifier': [ '7.18.6' ],
109 silly audit   '@babel/helper-validator-option': [ '7.18.6' ],
109 silly audit   '@babel/helper-wrap-function': [ '7.18.9' ],
109 silly audit   '@babel/helpers': [ '7.18.9' ],
109 silly audit   '@babel/highlight': [ '7.18.6' ],
109 silly audit   '@babel/parser': [ '7.18.9' ],
109 silly audit   '@babel/plugin-bugfix-safari-id-destructuring-collision-in-function-expression': [ '7.18.6' ],
109 silly audit   '@babel/plugin-bugfix-v8-spread-parameters-in-optional-chaining': [ '7.18.9' ],
109 silly audit   '@babel/plugin-proposal-async-generator-functions': [ '7.18.6' ],
109 silly audit   '@babel/plugin-proposal-class-properties': [ '7.18.6' ],
109 silly audit   '@babel/plugin-proposal-class-static-block': [ '7.18.6' ],
109 silly audit   '@babel/plugin-proposal-decorators': [ '7.18.9' ],
109 silly audit   '@babel/plugin-proposal-dynamic-import': [ '7.18.6' ],
109 silly audit   '@babel/plugin-proposal-export-namespace-from': [ '7.18.9' ],
109 silly audit   '@babel/plugin-proposal-json-strings': [ '7.18.6' ],
109 silly audit   '@babel/plugin-proposal-logical-assignment-operators': [ '7.18.9' ],
109 silly audit   '@babel/plugin-proposal-nullish-coalescing-operator': [ '7.18.6' ],
109 silly audit   '@babel/plugin-proposal-numeric-separator': [ '7.18.6' ],
109 silly audit   '@babel/plugin-proposal-object-rest-spread': [ '7.18.9' ],
109 silly audit   '@babel/plugin-proposal-optional-catch-binding': [ '7.18.6' ],
109 silly audit   '@babel/plugin-proposal-optional-chaining': [ '7.18.9' ],
109 silly audit   '@babel/plugin-proposal-private-methods': [ '7.18.6' ],
109 silly audit   '@babel/plugin-proposal-private-property-in-object': [ '7.18.6' ],
109 silly audit   '@babel/plugin-proposal-unicode-property-regex': [ '7.18.6' ],
109 silly audit   '@babel/plugin-syntax-async-generators': [ '7.8.4' ],
109 silly audit   '@babel/plugin-syntax-class-properties': [ '7.12.13' ],
109 silly audit   '@babel/plugin-syntax-class-static-block': [ '7.14.5' ],
109 silly audit   '@babel/plugin-syntax-decorators': [ '7.18.6' ],
109 silly audit   '@babel/plugin-syntax-dynamic-import': [ '7.8.3' ],
109 silly audit   '@babel/plugin-syntax-export-namespace-from': [ '7.8.3' ],
109 silly audit   '@babel/plugin-syntax-import-assertions': [ '7.18.6' ],
109 silly audit   '@babel/plugin-syntax-json-strings': [ '7.8.3' ],
109 silly audit   '@babel/plugin-syntax-jsx': [ '7.18.6' ],
109 silly audit   '@babel/plugin-syntax-logical-assignment-operators': [ '7.10.4' ],
109 silly audit   '@babel/plugin-syntax-nullish-coalescing-operator': [ '7.8.3' ],
109 silly audit   '@babel/plugin-syntax-numeric-separator': [ '7.10.4' ],
109 silly audit   '@babel/plugin-syntax-object-rest-spread': [ '7.8.3' ],
109 silly audit   '@babel/plugin-syntax-optional-catch-binding': [ '7.8.3' ],
109 silly audit   '@babel/plugin-syntax-optional-chaining': [ '7.8.3' ],
109 silly audit   '@babel/plugin-syntax-private-property-in-object': [ '7.14.5' ],
109 silly audit   '@babel/plugin-syntax-top-level-await': [ '7.14.5' ],
109 silly audit   '@babel/plugin-transform-arrow-functions': [ '7.18.6' ],
109 silly audit   '@babel/plugin-transform-async-to-generator': [ '7.18.6' ],
109 silly audit   '@babel/plugin-transform-block-scoped-functions': [ '7.18.6' ],
109 silly audit   '@babel/plugin-transform-block-scoping': [ '7.18.9' ],
109 silly audit   '@babel/plugin-transform-classes': [ '7.18.9' ],
109 silly audit   '@babel/plugin-transform-computed-properties': [ '7.18.9' ],
109 silly audit   '@babel/plugin-transform-destructuring': [ '7.18.9' ],
109 silly audit   '@babel/plugin-transform-dotall-regex': [ '7.18.6' ],
109 silly audit   '@babel/plugin-transform-duplicate-keys': [ '7.18.9' ],
109 silly audit   '@babel/plugin-transform-exponentiation-operator': [ '7.18.6' ],
109 silly audit   '@babel/plugin-transform-for-of': [ '7.18.8' ],
109 silly audit   '@babel/plugin-transform-function-name': [ '7.18.9' ],
109 silly audit   '@babel/plugin-transform-literals': [ '7.18.9' ],
109 silly audit   '@babel/plugin-transform-member-expression-literals': [ '7.18.6' ],
109 silly audit   '@babel/plugin-transform-modules-amd': [ '7.18.6' ],
109 silly audit   '@babel/plugin-transform-modules-commonjs': [ '7.18.6' ],
109 silly audit   '@babel/plugin-transform-modules-systemjs': [ '7.18.9' ],
109 silly audit   '@babel/plugin-transform-modules-umd': [ '7.18.6' ],
109 silly audit   '@babel/plugin-transform-named-capturing-groups-regex': [ '7.18.6' ],
109 silly audit   '@babel/plugin-transform-new-target': [ '7.18.6' ],
109 silly audit   '@babel/plugin-transform-object-super': [ '7.18.6' ],
109 silly audit   '@babel/plugin-transform-parameters': [ '7.18.8' ],
109 silly audit   '@babel/plugin-transform-property-literals': [ '7.18.6' ],
109 silly audit   '@babel/plugin-transform-regenerator': [ '7.18.6' ],
109 silly audit   '@babel/plugin-transform-reserved-words': [ '7.18.6' ],
109 silly audit   '@babel/plugin-transform-runtime': [ '7.18.9' ],
109 silly audit   '@babel/plugin-transform-shorthand-properties': [ '7.18.6' ],
109 silly audit   '@babel/plugin-transform-spread': [ '7.18.9' ],
109 silly audit   '@babel/plugin-transform-sticky-regex': [ '7.18.6' ],
109 silly audit   '@babel/plugin-transform-template-literals': [ '7.18.9' ],
109 silly audit   '@babel/plugin-transform-typeof-symbol': [ '7.18.9' ],
109 silly audit   '@babel/plugin-transform-unicode-escapes': [ '7.18.6' ],
109 silly audit   '@babel/plugin-transform-unicode-regex': [ '7.18.6' ],
109 silly audit   '@babel/preset-env': [ '7.18.9' ],
109 silly audit   '@babel/preset-modules': [ '0.1.5' ],
109 silly audit   '@babel/runtime': [ '7.18.9' ],
109 silly audit   '@babel/template': [ '7.18.6' ],
109 silly audit   '@babel/traverse': [ '7.18.9' ],
109 silly audit   '@babel/types': [ '7.18.9' ],
109 silly audit   '@eslint/eslintrc': [ '0.4.3' ],
109 silly audit   globals: [ '13.17.0', '11.12.0' ],
109 silly audit   ignore: [ '4.0.6', '5.2.0' ],
109 silly audit   'type-fest': [ '0.20.2', '0.8.1', '0.6.0' ],
109 silly audit   '@hapi/hoek': [ '9.3.0' ],
109 silly audit   '@hapi/topo': [ '5.1.0' ],
109 silly audit   '@humanwhocodes/config-array': [ '0.5.0' ],
109 silly audit   '@humanwhocodes/object-schema': [ '1.2.1' ],
109 silly audit   '@jridgewell/resolve-uri': [ '3.1.0' ],
109 silly audit   '@jridgewell/set-array': [ '1.1.2' ],
109 silly audit   '@jridgewell/source-map': [ '0.3.2' ],
109 silly audit   '@jridgewell/sourcemap-codec': [ '1.4.14' ],
109 silly audit   '@jridgewell/trace-mapping': [ '0.3.14' ],
109 silly audit   '@leichtgewicht/ip-codec': [ '2.0.4' ],
109 silly audit   '@node-ipc/js-queue': [ '2.0.3' ],
109 silly audit   '@nodelib/fs.scandir': [ '2.1.5' ],
109 silly audit   '@nodelib/fs.stat': [ '2.0.5' ],
109 silly audit   '@nodelib/fs.walk': [ '1.2.8' ],
109 silly audit   '@polka/url': [ '1.0.0-next.21' ],
109 silly audit   '@sideway/address': [ '4.1.4' ],
109 silly audit   '@sideway/formula': [ '3.0.0' ],
109 silly audit   '@sideway/pinpoint': [ '2.0.0' ],
109 silly audit   '@soda/friendly-errors-webpack-plugin': [ '1.8.1' ],
109 silly audit   'ansi-styles': [ '4.3.0', '3.2.1' ],
109 silly audit   chalk: [ '3.0.0', '4.1.2', '2.4.2' ],
109 silly audit   'color-convert': [ '2.0.1', '1.9.3' ],
109 silly audit   'color-name': [ '1.1.4', '1.1.3' ],
109 silly audit   'has-flag': [ '4.0.0', '3.0.0' ],
109 silly audit   'supports-color': [ '7.2.0', '8.1.1', '5.5.0' ],
109 silly audit   '@soda/get-current-script': [ '1.0.2' ],
109 silly audit   '@trysound/sax': [ '0.2.0' ],
109 silly audit   '@types/body-parser': [ '1.19.2' ],
109 silly audit   '@types/bonjour': [ '3.5.10' ],
109 silly audit   '@types/connect': [ '3.4.35' ],
109 silly audit   '@types/connect-history-api-fallback': [ '1.3.5' ],
109 silly audit   '@types/eslint': [ '8.4.5' ],
109 silly audit   '@types/eslint-scope': [ '3.7.4' ],
109 silly audit   '@types/estree': [ '1.0.0', '0.0.51' ],
109 silly audit   '@types/express': [ '4.17.13' ],
109 silly audit   '@types/express-serve-static-core': [ '4.17.30' ],
109 silly audit   '@types/html-minifier-terser': [ '6.1.0' ],
109 silly audit   '@types/http-proxy': [ '1.17.9' ],
109 silly audit   '@types/json-schema': [ '7.0.11' ],
109 silly audit   '@types/mime': [ '3.0.0' ],
109 silly audit   '@types/minimist': [ '1.2.2' ],
109 silly audit   '@types/node': [ '18.6.3' ],
109 silly audit   '@types/normalize-package-data': [ '2.4.1' ],
109 silly audit   '@types/parse-json': [ '4.0.0' ],
109 silly audit   '@types/qs': [ '6.9.7' ],
109 silly audit   '@types/range-parser': [ '1.2.4' ],
109 silly audit   '@types/retry': [ '0.12.0' ],
109 silly audit   '@types/serve-index': [ '1.9.1' ],
109 silly audit   '@types/serve-static': [ '1.15.0' ],
109 silly audit   '@types/sockjs': [ '0.3.33' ],
109 silly audit   '@types/ws': [ '8.5.3' ],
109 silly audit   '@vue/babel-helper-vue-jsx-merge-props': [ '1.2.1' ],
109 silly audit   '@vue/babel-helper-vue-transform-on': [ '1.0.2' ],
109 silly audit   '@vue/babel-plugin-jsx': [ '1.1.1' ],
109 silly audit   '@vue/babel-plugin-transform-vue-jsx': [ '1.2.1' ],
109 silly audit   'html-tags': [ '2.0.0', '3.2.0' ],
109 silly audit   '@vue/babel-preset-app': [ '5.0.8' ],
109 silly audit   semver: [ '7.3.7', '7.0.0', '5.7.1', '6.3.0' ],
109 silly audit   '@vue/babel-preset-jsx': [ '1.3.1' ],
109 silly audit   '@vue/babel-sugar-composition-api-inject-h': [ '1.3.0' ],
109 silly audit   '@vue/babel-sugar-composition-api-render-instance': [ '1.3.0' ],
109 silly audit   '@vue/babel-sugar-functional-vue': [ '1.2.2' ],
109 silly audit   '@vue/babel-sugar-inject-h': [ '1.2.2' ],
109 silly audit   '@vue/babel-sugar-v-model': [ '1.3.0' ],
109 silly audit   camelcase: [ '5.3.1', '6.3.0' ],
109 silly audit   '@vue/babel-sugar-v-on': [ '1.3.0' ],
109 silly audit   '@vue/cli-overlay': [ '5.0.8' ],
109 silly audit   '@vue/cli-plugin-babel': [ '5.0.8' ],
109 silly audit   '@vue/cli-plugin-eslint': [ '5.0.8' ],
109 silly audit   '@vue/cli-plugin-router': [ '5.0.8' ],
109 silly audit   '@vue/cli-plugin-vuex': [ '5.0.8' ],
109 silly audit   '@vue/cli-service': [ '5.0.8' ],
109 silly audit   '@vue/cli-shared-utils': [ '5.0.8' ],
109 silly audit   '@vue/compiler-sfc': [ '2.7.8' ],
109 silly audit   '@vue/component-compiler-utils': [ '3.3.0' ],
109 silly audit   'hash-sum': [ '1.0.2', '2.0.0' ],
109 silly audit   'lru-cache': [ '4.1.5', '6.0.0' ],
109 silly audit   picocolors: [ '0.2.1', '1.0.0' ],
109 silly audit   postcss: [ '7.0.39', '8.4.14' ],
109 silly audit   yallist: [ '2.1.2', '4.0.0' ],
109 silly audit   'vue-loader': [ '15.10.0', '17.0.0' ],
109 silly audit   '@vue/web-component-wrapper': [ '1.3.0' ],
109 silly audit   '@webassemblyjs/ast': [ '1.11.1' ],
109 silly audit   '@webassemblyjs/floating-point-hex-parser': [ '1.11.1' ],
109 silly audit   '@webassemblyjs/helper-api-error': [ '1.11.1' ],
109 silly audit   '@webassemblyjs/helper-buffer': [ '1.11.1' ],
109 silly audit   '@webassemblyjs/helper-numbers': [ '1.11.1' ],
109 silly audit   '@webassemblyjs/helper-wasm-bytecode': [ '1.11.1' ],
109 silly audit   '@webassemblyjs/helper-wasm-section': [ '1.11.1' ],
109 silly audit   '@webassemblyjs/ieee754': [ '1.11.1' ],
109 silly audit   '@webassemblyjs/leb128': [ '1.11.1' ],
109 silly audit   '@webassemblyjs/utf8': [ '1.11.1' ],
109 silly audit   '@webassemblyjs/wasm-edit': [ '1.11.1' ],
109 silly audit   '@webassemblyjs/wasm-gen': [ '1.11.1' ],
109 silly audit   '@webassemblyjs/wasm-opt': [ '1.11.1' ],
109 silly audit   '@webassemblyjs/wasm-parser': [ '1.11.1' ],
109 silly audit   '@webassemblyjs/wast-printer': [ '1.11.1' ],
109 silly audit   '@xtuc/ieee754': [ '1.2.0' ],
109 silly audit   '@xtuc/long': [ '4.2.2' ],
109 silly audit   accepts: [ '1.3.8' ],
109 silly audit   acorn: [ '8.8.0', '7.4.1' ],
109 silly audit   'acorn-import-assertions': [ '1.8.0' ],
109 silly audit   'acorn-jsx': [ '5.3.2' ],
109 silly audit   'acorn-walk': [ '8.2.0' ],
109 silly audit   address: [ '1.2.0' ],
109 silly audit   ajv: [ '6.12.6', '8.11.0' ],
109 silly audit   'ajv-formats': [ '2.1.1' ],
109 silly audit   'json-schema-traverse': [ '1.0.0', '0.4.1' ],
109 silly audit   'ajv-keywords': [ '3.5.2', '5.1.0' ],
109 silly audit   'ansi-colors': [ '4.1.3' ],
109 silly audit   'ansi-escapes': [ '3.2.0' ],
109 silly audit   'ansi-html-community': [ '0.0.8' ],
109 silly audit   'ansi-regex': [ '5.0.1', '3.0.1' ],
109 silly audit   'any-promise': [ '1.3.0' ],
109 silly audit   anymatch: [ '3.1.2' ],
109 silly audit   arch: [ '2.2.0' ],
109 silly audit   argparse: [ '1.0.10' ],
109 silly audit   'array-flatten': [ '2.1.2', '1.1.1' ],
109 silly audit   'array-union': [ '2.1.0' ],
109 silly audit   'astral-regex': [ '2.0.0' ],
109 silly audit   async: [ '2.6.4' ],
109 silly audit   'at-least-node': [ '1.0.0' ],
109 silly audit   autoprefixer: [ '10.4.8' ],
109 silly audit   'babel-loader': [ '8.2.5' ],
109 silly audit   'loader-utils': [ '2.0.2', '1.4.0' ],
109 silly audit   'babel-plugin-dynamic-import-node': [ '2.3.3' ],
109 silly audit   'babel-plugin-polyfill-corejs2': [ '0.3.2' ],
109 silly audit   'babel-plugin-polyfill-corejs3': [ '0.5.3' ],
109 silly audit   'babel-plugin-polyfill-regenerator': [ '0.3.1' ],
109 silly audit   'balanced-match': [ '1.0.2' ],
109 silly audit   'base64-js': [ '1.5.1' ],
109 silly audit   batch: [ '0.6.1' ],
109 silly audit   'big.js': [ '5.2.2' ],
109 silly audit   'binary-extensions': [ '2.2.0' ],
109 silly audit   bl: [ '4.1.0' ],
109 silly audit   bluebird: [ '3.7.2' ],
109 silly audit   'body-parser': [ '1.20.0' ],
109 silly audit   bytes: [ '3.1.2', '3.0.0' ],
109 silly audit   debug: [ '2.6.9', '4.3.4', '3.2.7' ],
109 silly audit   ms: [ '2.0.0', '2.1.2', '2.1.3' ],
109 silly audit   'bonjour-service': [ '1.0.13' ],
109 silly audit   boolbase: [ '1.0.0' ],
109 silly audit   'brace-expansion': [ '1.1.11' ],
109 silly audit   braces: [ '3.0.2' ],
109 silly audit   browserslist: [ '4.21.3' ],
109 silly audit   buffer: [ '5.7.1' ],
109 silly audit   'buffer-from': [ '1.1.2' ],
109 silly audit   'call-bind': [ '1.0.2' ],
109 silly audit   callsites: [ '3.1.0' ],
109 silly audit   'camel-case': [ '4.1.2' ],
109 silly audit   'caniuse-api': [ '3.0.0' ],
109 silly audit   'caniuse-lite': [ '1.0.30001373' ],
109 silly audit   'case-sensitive-paths-webpack-plugin': [ '2.4.0' ],
109 silly audit   chokidar: [ '3.5.3' ],
109 silly audit   'glob-parent': [ '5.1.2', '6.0.2' ],
109 silly audit   'chrome-trace-event': [ '1.0.3' ],
109 silly audit   'ci-info': [ '1.6.0' ],
109 silly audit   'clean-css': [ '5.3.1' ],
109 silly audit   'cli-cursor': [ '3.1.0', '2.1.0' ],
109 silly audit   'cli-highlight': [ '2.1.11' ],
109 silly audit   'cli-spinners': [ '2.7.0' ],
109 silly audit   clipboardy: [ '2.3.0' ],
109 silly audit   cliui: [ '7.0.4' ],
109 silly audit   clone: [ '1.0.4' ],
109 silly audit   'clone-deep': [ '4.0.1' ],
109 silly audit   colord: [ '2.9.2' ],
109 silly audit   colorette: [ '2.0.19' ],
109 silly audit   commander: [ '8.3.0', '7.2.0', '2.20.3' ],
109 silly audit   commondir: [ '1.0.1' ],
109 silly audit   compressible: [ '2.0.18' ],
109 silly audit   compression: [ '1.7.4' ],
109 silly audit   'concat-map': [ '0.0.1' ],
109 silly audit   'connect-history-api-fallback': [ '2.0.0' ],
109 silly audit   consolidate: [ '0.15.1' ],
109 silly audit   'content-disposition': [ '0.5.4' ],
109 silly audit   'safe-buffer': [ '5.2.1', '5.1.2' ],
109 silly audit   'content-type': [ '1.0.4' ],
109 silly audit   'convert-source-map': [ '1.8.0' ],
109 silly audit   cookie: [ '0.5.0' ],
109 silly audit   'cookie-signature': [ '1.0.6' ],
109 silly audit   'copy-webpack-plugin': [ '9.1.0' ],
109 silly audit   'schema-utils': [ '3.1.1', '4.0.0', '2.7.1' ],
109 silly audit   'core-js': [ '3.24.1' ],
109 silly audit   'core-js-compat': [ '3.24.1' ],
109 silly audit   'core-util-is': [ '1.0.3' ],
109 silly audit   cosmiconfig: [ '7.0.1' ],
109 silly audit   'cross-spawn': [ '6.0.5', '7.0.3', '5.1.0' ],
109 silly audit   'css-declaration-sorter': [ '6.3.0' ],
109 silly audit   'css-loader': [ '6.7.1' ],
109 silly audit   'css-minimizer-webpack-plugin': [ '3.4.1' ],
109 silly audit   'css-select': [ '4.3.0' ],
109 silly audit   'css-tree': [ '1.1.3' ],
109 silly audit   'css-what': [ '6.1.0' ],
109 silly audit   cssesc: [ '3.0.0' ],
109 silly audit   cssnano: [ '5.1.12' ],
109 silly audit   'cssnano-preset-default': [ '5.2.12' ],
109 silly audit   'cssnano-utils': [ '3.1.0' ],
109 silly audit   csso: [ '4.2.0' ],
109 silly audit   csstype: [ '3.1.0' ],
109 silly audit   'de-indent': [ '1.0.2' ],
109 silly audit   'deep-is': [ '0.1.4' ],
109 silly audit   deepmerge: [ '1.5.2' ],
109 silly audit   'default-gateway': [ '6.0.3' ],
109 silly audit   execa: [ '5.1.1', '1.0.0', '0.8.0' ],
109 silly audit   'get-stream': [ '6.0.1', '4.1.0', '3.0.0' ],
109 silly audit   'is-stream': [ '2.0.1', '1.1.0' ],
109 silly audit   'npm-run-path': [ '4.0.1', '2.0.2' ],
109 silly audit   'path-key': [ '3.1.1', '2.0.1' ],
109 silly audit   'shebang-command': [ '2.0.0', '1.2.0' ],
109 silly audit   'shebang-regex': [ '3.0.0', '1.0.0' ],
109 silly audit   which: [ '2.0.2', '1.3.1' ],
109 silly audit   defaults: [ '1.0.3' ],
109 silly audit   'define-lazy-prop': [ '2.0.0' ],
109 silly audit   'define-properties': [ '1.1.4' ],
109 silly audit   depd: [ '2.0.0', '1.1.2' ],
109 silly audit   destroy: [ '1.2.0' ],
109 silly audit   'detect-node': [ '2.1.0' ],
109 silly audit   'dir-glob': [ '3.0.1' ],
109 silly audit   'dns-equal': [ '1.0.0' ],
109 silly audit   'dns-packet': [ '5.4.0' ],
109 silly audit   doctrine: [ '3.0.0' ],
109 silly audit   'dom-converter': [ '0.2.0' ],
109 silly audit   'dom-serializer': [ '1.4.1' ],
109 silly audit   domelementtype: [ '2.3.0' ],
109 silly audit   domhandler: [ '4.3.1' ],
109 silly audit   domutils: [ '2.8.0' ],
109 silly audit   'dot-case': [ '3.0.4' ],
109 silly audit   dotenv: [ '10.0.0' ],
109 silly audit   'dotenv-expand': [ '5.1.0' ],
109 silly audit   duplexer: [ '0.1.2' ],
109 silly audit   'easy-stack': [ '1.0.1' ],
109 silly audit   'ee-first': [ '1.1.1' ],
109 silly audit   'electron-to-chromium': [ '1.4.206' ],
109 silly audit   'emoji-regex': [ '8.0.0' ],
109 silly audit   'emojis-list': [ '3.0.0' ],
109 silly audit   encodeurl: [ '1.0.2' ],
109 silly audit   'end-of-stream': [ '1.4.4' ],
109 silly audit   'enhanced-resolve': [ '5.10.0' ],
109 silly audit   enquirer: [ '2.3.6' ],
109 silly audit   entities: [ '2.2.0' ],
109 silly audit   'error-ex': [ '1.3.2' ],
109 silly audit   'error-stack-parser': [ '2.1.4' ],
109 silly audit   'es-module-lexer': [ '0.9.3' ],
109 silly audit   escalade: [ '3.1.1' ],
109 silly audit   'escape-html': [ '1.0.3' ],
109 silly audit   'escape-string-regexp': [ '1.0.5', '4.0.0' ],
109 silly audit   eslint: [ '7.32.0' ],
109 silly audit   'eslint-config-prettier': [ '8.5.0' ],
109 silly audit   'eslint-plugin-prettier': [ '4.2.1' ],
109 silly audit   'eslint-plugin-vue': [ '8.7.1' ],
109 silly audit   'eslint-utils': [ '3.0.0', '2.1.0' ],
109 silly audit   'eslint-scope': [ '5.1.1', '7.1.1' ],
109 silly audit   'eslint-visitor-keys': [ '1.3.0', '2.1.0', '3.3.0' ],
109 silly audit   'eslint-webpack-plugin': [ '3.2.0' ],
109 silly audit   'jest-worker': [ '28.1.3', '27.5.1' ],
109 silly audit   espree: [ '7.3.1', '9.3.2' ],
109 silly audit   esprima: [ '4.0.1' ],
109 silly audit   esquery: [ '1.4.0' ],
109 silly audit   estraverse: [ '5.3.0', '4.3.0' ],
109 silly audit   esrecurse: [ '4.3.0' ],
109 silly audit   esutils: [ '2.0.3' ],
109 silly audit   etag: [ '1.8.1' ],
109 silly audit   'event-pubsub': [ '4.3.0' ],
109 silly audit   eventemitter3: [ '4.0.7' ],
109 silly audit   events: [ '3.3.0' ],
109 silly audit   express: [ '4.18.1' ],
109 silly audit   'fast-deep-equal': [ '3.1.3' ],
109 silly audit   'fast-diff': [ '1.2.0' ],
109 silly audit   'fast-glob': [ '3.2.11' ],
109 silly audit   'fast-json-stable-stringify': [ '2.1.0' ],
109 silly audit   'fast-levenshtein': [ '2.0.6' ],
109 silly audit   fastq: [ '1.13.0' ],
109 silly audit   'faye-websocket': [ '0.11.4' ],
109 silly audit   figures: [ '2.0.0' ],
109 silly audit   'file-entry-cache': [ '6.0.1' ],
109 silly audit   'fill-range': [ '7.0.1' ],
109 silly audit   finalhandler: [ '1.2.0' ],
109 silly audit   'find-cache-dir': [ '3.3.2' ],
109 silly audit   'find-up': [ '4.1.0' ],
109 silly audit   'flat-cache': [ '3.0.4' ],
109 silly audit   flatted: [ '3.2.6' ],
109 silly audit   'follow-redirects': [ '1.15.1' ],
109 silly audit   forwarded: [ '0.2.0' ],
109 silly audit   'fraction.js': [ '4.2.0' ],
109 silly audit   fresh: [ '0.5.2' ],
109 silly audit   'fs-extra': [ '9.1.0' ],
109 silly audit   'fs-monkey': [ '1.0.3' ],
109 silly audit   'fs.realpath': [ '1.0.0' ],
109 silly audit   fsevents: [ '2.3.2' ],
109 silly audit   'function-bind': [ '1.1.1' ],
109 silly audit   'functional-red-black-tree': [ '1.0.1' ],
109 silly audit   gensync: [ '1.0.0-beta.2' ],
109 silly audit   'get-caller-file': [ '2.0.5' ],
109 silly audit   'get-intrinsic': [ '1.1.2' ],
109 silly audit   glob: [ '7.2.3' ],
109 silly audit   'glob-to-regexp': [ '0.4.1' ],
109 silly audit   globby: [ '11.1.0' ],
109 silly audit   'graceful-fs': [ '4.2.10' ],
109 silly audit   'gzip-size': [ '6.0.0' ],
109 silly audit   'handle-thing': [ '2.0.1' ],
109 silly audit   has: [ '1.0.3' ],
109 silly audit   'has-property-descriptors': [ '1.0.0' ],
109 silly audit   'has-symbols': [ '1.0.3' ],
109 silly audit   he: [ '1.2.0' ],
109 silly audit   'highlight.js': [ '10.7.3' ],
109 silly audit   'hosted-git-info': [ '2.8.9' ],
109 silly audit   'hpack.js': [ '2.1.6' ],
109 silly audit   'readable-stream': [ '2.3.7', '3.6.0' ],
109 silly audit   string_decoder: [ '1.1.1', '1.3.0' ],
109 silly audit   'html-entities': [ '2.3.3' ],
109 silly audit   'html-minifier-terser': [ '6.1.0' ],
109 silly audit   'html-webpack-plugin': [ '5.5.0' ],
109 silly audit   htmlparser2: [ '6.1.0' ],
109 silly audit   'http-deceiver': [ '1.2.7' ],
109 silly audit   'http-errors': [ '2.0.0', '1.6.3' ],
109 silly audit   'http-parser-js': [ '0.5.8' ],
109 silly audit   'http-proxy': [ '1.18.1' ],
109 silly audit   'http-proxy-middleware': [ '2.0.6' ],
109 silly audit   'human-signals': [ '2.1.0' ],
109 silly audit   'iconv-lite': [ '0.4.24' ],
109 silly audit   'icss-utils': [ '5.1.0' ],
109 silly audit   ieee754: [ '1.2.1' ],
109 silly audit   'import-fresh': [ '3.3.0' ],
109 silly audit   imurmurhash: [ '0.1.4' ],
109 silly audit   inflight: [ '1.0.6' ],
109 silly audit   inherits: [ '2.0.4', '2.0.3' ],
109 silly audit   'ipaddr.js': [ '2.0.1', '1.9.1' ],
109 silly audit   'is-arrayish': [ '0.2.1' ],
109 silly audit   'is-binary-path': [ '2.1.0' ],
109 silly audit   'is-ci': [ '1.2.1' ],
109 silly audit   'is-core-module': [ '2.9.0' ],
109 silly audit   'is-docker': [ '2.2.1' ],
109 silly audit   'is-extglob': [ '2.1.1' ],
109 silly audit   'is-file-esm': [ '1.0.0' ],
109 silly audit   'is-fullwidth-code-point': [ '3.0.0', '2.0.0' ],
109 silly audit   'is-glob': [ '4.0.3' ],
109 silly audit   'is-interactive': [ '1.0.0' ],
109 silly audit   'is-number': [ '7.0.0' ],
109 silly audit   'is-plain-obj': [ '3.0.0' ],
109 silly audit   'is-plain-object': [ '2.0.4' ],
109 silly audit   'is-unicode-supported': [ '0.1.0' ],
109 silly audit   'is-wsl': [ '2.2.0' ],
109 silly audit   isarray: [ '1.0.0' ],
109 silly audit   isexe: [ '2.0.0' ],
109 silly audit   isobject: [ '3.0.1' ],
109 silly audit   'javascript-stringify': [ '2.1.0' ],
109 silly audit   joi: [ '17.6.0' ],
109 silly audit   'js-message': [ '1.0.7' ],
109 silly audit   'js-tokens': [ '4.0.0' ],
109 silly audit   'js-yaml': [ '3.14.1' ],
109 silly audit   jsesc: [ '2.5.2', '0.5.0' ],
109 silly audit   'json-parse-better-errors': [ '1.0.2' ],
109 silly audit   'json-parse-even-better-errors': [ '2.3.1' ],
109 silly audit   'json-stable-stringify-without-jsonify': [ '1.0.1' ],
109 silly audit   json5: [ '2.2.1', '1.0.1' ],
109 silly audit   jsonfile: [ '6.1.0' ],
109 silly audit   'kind-of': [ '6.0.3' ],
109 silly audit   klona: [ '2.0.5' ],
109 silly audit   'launch-editor': [ '2.4.0' ],
109 silly audit   'launch-editor-middleware': [ '2.4.0' ],
109 silly audit   levn: [ '0.4.1' ],
109 silly audit   lilconfig: [ '2.0.6' ],
109 silly audit   'lines-and-columns': [ '1.2.4' ],
109 silly audit   'loader-runner': [ '4.3.0' ],
109 silly audit   'locate-path': [ '5.0.0' ],
109 silly audit   lodash: [ '4.17.21' ],
109 silly audit   'lodash.debounce': [ '4.0.8' ],
109 silly audit   'lodash.defaultsdeep': [ '4.6.1' ],
109 silly audit   'lodash.kebabcase': [ '4.1.1' ],
109 silly audit   'lodash.mapvalues': [ '4.6.0' ],
109 silly audit   'lodash.memoize': [ '4.1.2' ],
109 silly audit   'lodash.merge': [ '4.6.2' ],
109 silly audit   'lodash.truncate': [ '4.4.2' ],
109 silly audit   'lodash.uniq': [ '4.5.0' ],
109 silly audit   'log-symbols': [ '4.1.0' ],
109 silly audit   'log-update': [ '2.3.0' ],
109 silly audit   'mimic-fn': [ '1.2.0', '2.1.0' ],
109 silly audit   onetime: [ '2.0.1', '5.1.2' ],
109 silly audit   'restore-cursor': [ '2.0.0', '3.1.0' ],
109 silly audit   'string-width': [ '2.1.1', '4.2.3' ],
109 silly audit   'strip-ansi': [ '4.0.0', '6.0.1' ],
109 silly audit   'wrap-ansi': [ '3.0.1', '7.0.0' ],
109 silly audit   'lower-case': [ '2.0.2' ],
109 silly audit   'make-dir': [ '3.1.0' ],
109 silly audit   'mdn-data': [ '2.0.14' ],
109 silly audit   'media-typer': [ '0.3.0' ],
109 silly audit   memfs: [ '3.4.7' ],
109 silly audit   'merge-descriptors': [ '1.0.1' ],
109 silly audit   'merge-source-map': [ '1.1.0' ],
109 silly audit   'merge-stream': [ '2.0.0' ],
109 silly audit   merge2: [ '1.4.1' ],
109 silly audit   methods: [ '1.1.2' ],
109 silly audit   micromatch: [ '4.0.5' ],
109 silly audit   mime: [ '1.6.0' ],
109 silly audit   'mime-db': [ '1.52.0' ],
109 silly audit   'mime-types': [ '2.1.35' ],
109 silly audit   'mini-css-extract-plugin': [ '2.6.1' ],
109 silly audit   'minimalistic-assert': [ '1.0.1' ],
109 silly audit   minimatch: [ '3.1.2' ],
109 silly audit   minimist: [ '1.2.6' ],
109 silly audit   minipass: [ '3.3.4' ],
109 silly audit   mkdirp: [ '0.5.6' ],
109 silly audit   'module-alias': [ '2.2.2' ],
109 silly audit   mrmime: [ '1.0.1' ],
109 silly audit   'multicast-dns': [ '7.2.5' ],
109 silly audit   mz: [ '2.7.0' ],
109 silly audit   nanoid: [ '3.3.4' ],
109 silly audit   'natural-compare': [ '1.4.0' ],
109 silly audit   negotiator: [ '0.6.3' ],
109 silly audit   'neo-async': [ '2.6.2' ],
109 silly audit   'nice-try': [ '1.0.5' ],
109 silly audit   'no-case': [ '3.0.4' ],
109 silly audit   'node-fetch': [ '2.6.7' ],
109 silly audit   'node-forge': [ '1.3.1' ],
109 silly audit   'node-releases': [ '2.0.6' ],
109 silly audit   'normalize-package-data': [ '2.5.0' ],
109 silly audit   'normalize-path': [ '3.0.0', '1.0.0' ],
109 silly audit   'normalize-range': [ '0.1.2' ],
109 silly audit   'normalize-url': [ '6.1.0' ],
109 silly audit   'nth-check': [ '2.1.1' ],
109 silly audit   'object-assign': [ '4.1.1' ],
109 silly audit   'object-inspect': [ '1.12.2' ],
109 silly audit   'object-keys': [ '1.1.1' ],
109 silly audit   'object.assign': [ '4.1.2' ],
109 silly audit   obuf: [ '1.1.2' ],
109 silly audit   'on-finished': [ '2.4.1' ],
109 silly audit   'on-headers': [ '1.0.2' ],
109 silly audit   once: [ '1.4.0' ],
109 silly audit   open: [ '8.4.0' ],
109 silly audit   opener: [ '1.5.2' ],
109 silly audit   optionator: [ '0.9.1' ],
109 silly audit   ora: [ '5.4.1' ],
109 silly audit   'p-finally': [ '1.0.0' ],
109 silly audit   'p-limit': [ '2.3.0' ],
109 silly audit   'p-locate': [ '4.1.0' ],
109 silly audit   'p-retry': [ '4.6.2' ],
109 silly audit   'p-try': [ '2.2.0' ],
109 silly audit   'param-case': [ '3.0.4' ],
109 silly audit   'parent-module': [ '1.0.1' ],
109 silly audit   'parse-json': [ '5.2.0' ],
109 silly audit   parse5: [ '5.1.1', '6.0.1' ],
109 silly audit   'parse5-htmlparser2-tree-adapter': [ '6.0.1' ],
109 silly audit   parseurl: [ '1.3.3' ],
109 silly audit   'pascal-case': [ '3.1.2' ],
109 silly audit   'path-exists': [ '4.0.0' ],
109 silly audit   'path-is-absolute': [ '1.0.1' ],
109 silly audit   'path-parse': [ '1.0.7' ],
109 silly audit   'path-to-regexp': [ '0.1.7' ],
109 silly audit   'path-type': [ '4.0.0' ],
109 silly audit   picomatch: [ '2.3.1' ],
109 silly audit   'pkg-dir': [ '4.2.0' ],
109 silly audit   portfinder: [ '1.0.28' ],
109 silly audit   'postcss-calc': [ '8.2.4' ],
109 silly audit   'postcss-colormin': [ '5.3.0' ],
109 silly audit   'postcss-convert-values': [ '5.1.2' ],
109 silly audit   'postcss-discard-comments': [ '5.1.2' ],
109 silly audit   'postcss-discard-duplicates': [ '5.1.0' ],
109 silly audit   'postcss-discard-empty': [ '5.1.1' ],
109 silly audit   'postcss-discard-overridden': [ '5.1.0' ],
109 silly audit   'postcss-loader': [ '6.2.1' ],
109 silly audit   'postcss-merge-longhand': [ '5.1.6' ],
109 silly audit   'postcss-merge-rules': [ '5.1.2' ],
109 silly audit   'postcss-minify-font-values': [ '5.1.0' ],
109 silly audit   'postcss-minify-gradients': [ '5.1.1' ],
109 silly audit   'postcss-minify-params': [ '5.1.3' ],
109 silly audit   'postcss-minify-selectors': [ '5.2.1' ],
109 silly audit   'postcss-modules-extract-imports': [ '3.0.0' ],
109 silly audit   'postcss-modules-local-by-default': [ '4.0.0' ],
109 silly audit   'postcss-modules-scope': [ '3.0.0' ],
109 silly audit   'postcss-modules-values': [ '4.0.0' ],
109 silly audit   'postcss-normalize-charset': [ '5.1.0' ],
109 silly audit   'postcss-normalize-display-values': [ '5.1.0' ],
109 silly audit   'postcss-normalize-positions': [ '5.1.1' ],
109 silly audit   'postcss-normalize-repeat-style': [ '5.1.1' ],
109 silly audit   'postcss-normalize-string': [ '5.1.0' ],
109 silly audit   'postcss-normalize-timing-functions': [ '5.1.0' ],
109 silly audit   'postcss-normalize-unicode': [ '5.1.0' ],
109 silly audit   'postcss-normalize-url': [ '5.1.0' ],
109 silly audit   'postcss-normalize-whitespace': [ '5.1.1' ],
109 silly audit   'postcss-ordered-values': [ '5.1.3' ],
109 silly audit   'postcss-reduce-initial': [ '5.1.0' ],
109 silly audit   'postcss-reduce-transforms': [ '5.1.0' ],
109 silly audit   'postcss-selector-parser': [ '6.0.10' ],
109 silly audit   'postcss-svgo': [ '5.1.0' ],
109 silly audit   'postcss-unique-selectors': [ '5.1.1' ],
109 silly audit   'postcss-value-parser': [ '4.2.0' ],
109 silly audit   'prelude-ls': [ '1.2.1' ],
109 silly audit   prettier: [ '2.7.1' ],
109 silly audit   'prettier-linter-helpers': [ '1.0.0' ],
109 silly audit   'pretty-error': [ '4.0.0' ],
109 silly audit   'process-nextick-args': [ '2.0.1' ],
109 silly audit   progress: [ '2.0.3' ],
109 silly audit   'progress-webpack-plugin': [ '1.0.16' ],
109 silly audit   'proxy-addr': [ '2.0.7' ],
109 silly audit   pseudomap: [ '1.0.2' ],
109 silly audit   pump: [ '3.0.0' ],
109 silly audit   punycode: [ '2.1.1' ],
109 silly audit   qs: [ '6.10.3' ],
109 silly audit   'queue-microtask': [ '1.2.3' ],
109 silly audit   randombytes: [ '2.1.0' ],
109 silly audit   'range-parser': [ '1.2.1' ],
109 silly audit   'raw-body': [ '2.5.1' ],
109 silly audit   'read-pkg': [ '5.2.0' ],
109 silly audit   'read-pkg-up': [ '7.0.1' ],
109 silly audit   readdirp: [ '3.6.0' ],
109 silly audit   regenerate: [ '1.4.2' ],
109 silly audit   'regenerate-unicode-properties': [ '10.0.1' ],
109 silly audit   'regenerator-runtime': [ '0.13.9' ],
109 silly audit   'regenerator-transform': [ '0.15.0' ],
109 silly audit   regexpp: [ '3.2.0' ],
109 silly audit   'regexpu-core': [ '5.1.0' ],
109 silly audit   regjsgen: [ '0.6.0' ],
109 silly audit   regjsparser: [ '0.8.4' ],
109 silly audit   relateurl: [ '0.2.7' ],
109 silly audit   renderkid: [ '3.0.0' ],
109 silly audit   'require-directory': [ '2.1.1' ],
109 silly audit   'require-from-string': [ '2.0.2' ],
109 silly audit   'requires-port': [ '1.0.0' ],
109 silly audit   resolve: [ '1.22.1' ],
109 silly audit   'resolve-from': [ '4.0.0' ],
109 silly audit   retry: [ '0.13.1' ],
109 silly audit   reusify: [ '1.0.4' ],
109 silly audit   rimraf: [ '3.0.2' ],
109 silly audit   'run-parallel': [ '1.2.0' ],
109 silly audit   'safer-buffer': [ '2.1.2' ],
109 silly audit   'select-hose': [ '2.0.0' ],
109 silly audit   selfsigned: [ '2.0.1' ],
109 silly audit   send: [ '0.18.0' ],
109 silly audit   'serialize-javascript': [ '6.0.0' ],
109 silly audit   'serve-index': [ '1.9.1' ],
109 silly audit   setprototypeof: [ '1.1.0', '1.2.0' ],
109 silly audit   statuses: [ '1.5.0', '2.0.1' ],
109 silly audit   'serve-static': [ '1.15.0' ],
109 silly audit   'shallow-clone': [ '3.0.1' ],
109 silly audit   'shell-quote': [ '1.7.3' ],
109 silly audit   'side-channel': [ '1.0.4' ],
109 silly audit   'signal-exit': [ '3.0.7' ],
109 silly audit   sirv: [ '1.0.19' ],
109 silly audit   slash: [ '3.0.0' ],
109 silly audit   'slice-ansi': [ '4.0.0' ],
109 silly audit   sockjs: [ '0.3.24' ],
109 silly audit   'source-map': [ '0.6.1' ],
109 silly audit   'source-map-js': [ '1.0.2' ],
109 silly audit   'source-map-support': [ '0.5.21' ],
109 silly audit   'spdx-correct': [ '3.1.1' ],
109 silly audit   'spdx-exceptions': [ '2.3.0' ],
109 silly audit   'spdx-expression-parse': [ '3.0.1' ],
109 silly audit   'spdx-license-ids': [ '3.0.11' ],
109 silly audit   spdy: [ '4.0.2' ],
109 silly audit   'spdy-transport': [ '3.0.0' ],
109 silly audit   'sprintf-js': [ '1.0.3' ],
109 silly audit   ssri: [ '8.0.1' ],
109 silly audit   stable: [ '0.1.8' ],
109 silly audit   stackframe: [ '1.3.4' ],
109 silly audit   'strip-eof': [ '1.0.0' ],
109 silly audit   'strip-final-newline': [ '2.0.0' ],
109 silly audit   'strip-indent': [ '2.0.0' ],
109 silly audit   'strip-json-comments': [ '3.1.1' ],
109 silly audit   stylehacks: [ '5.1.0' ],
109 silly audit   'supports-preserve-symlinks-flag': [ '1.0.0' ],
109 silly audit   'svg-tags': [ '1.0.0' ],
109 silly audit   svgo: [ '2.8.0' ],
109 silly audit   table: [ '6.8.0' ],
109 silly audit   tapable: [ '2.2.1' ],
109 silly audit   terser: [ '5.14.2' ],
109 silly audit   'terser-webpack-plugin': [ '5.3.3' ],
109 silly audit   'text-table': [ '0.2.0' ],
109 silly audit   thenify: [ '3.3.1' ],
109 silly audit   'thenify-all': [ '1.6.0' ],
109 silly audit   'thread-loader': [ '3.0.4' ],
109 silly audit   thunky: [ '1.1.0' ],
109 silly audit   'to-fast-properties': [ '2.0.0' ],
109 silly audit   'to-regex-range': [ '5.0.1' ],
109 silly audit   toidentifier: [ '1.0.1' ],
109 silly audit   totalist: [ '1.1.0' ],
109 silly audit   tr46: [ '0.0.3' ],
109 silly audit   tslib: [ '2.4.0' ],
109 silly audit   'type-check': [ '0.4.0' ],
109 silly audit   'type-is': [ '1.6.18' ],
109 silly audit   'unicode-canonical-property-names-ecmascript': [ '2.0.0' ],
109 silly audit   'unicode-match-property-ecmascript': [ '2.0.0' ],
109 silly audit   'unicode-match-property-value-ecmascript': [ '2.0.0' ],
109 silly audit   'unicode-property-aliases-ecmascript': [ '2.0.0' ],
109 silly audit   universalify: [ '2.0.0' ],
109 silly audit   unpipe: [ '1.0.0' ],
109 silly audit   'update-browserslist-db': [ '1.0.5' ],
109 silly audit   'uri-js': [ '4.4.1' ],
109 silly audit   'util-deprecate': [ '1.0.2' ],
109 silly audit   utila: [ '0.4.0' ],
109 silly audit   'utils-merge': [ '1.0.1' ],
109 silly audit   uuid: [ '8.3.2' ],
109 silly audit   'v8-compile-cache': [ '2.3.0' ],
109 silly audit   'validate-npm-package-license': [ '3.0.4' ],
109 silly audit   vary: [ '1.1.2' ],
109 silly audit   vue: [ '2.7.8' ],
109 silly audit   'vue-eslint-parser': [ '8.3.0' ],
109 silly audit   'vue-hot-reload-api': [ '2.3.4' ],
109 silly audit   'vue-router': [ '3.5.4' ],
109 silly audit   'vue-style-loader': [ '4.1.3' ],
109 silly audit   'vue-template-compiler': [ '2.7.8' ],
109 silly audit   'vue-template-es2015-compiler': [ '1.9.1' ],
109 silly audit   watchpack: [ '2.4.0' ],
109 silly audit   wbuf: [ '1.7.3' ],
109 silly audit   wcwidth: [ '1.0.1' ],
109 silly audit   'webidl-conversions': [ '3.0.1' ],
109 silly audit   webpack: [ '5.74.0' ],
109 silly audit   'webpack-bundle-analyzer': [ '4.5.0' ],
109 silly audit   'webpack-chain': [ '6.5.1' ],
109 silly audit   'webpack-dev-middleware': [ '5.3.3' ],
109 silly audit   'webpack-dev-server': [ '4.9.3' ],
109 silly audit   ws: [ '8.8.1', '7.5.9' ],
109 silly audit   'webpack-merge': [ '5.8.0' ],
109 silly audit   'webpack-sources': [ '3.2.3' ],
109 silly audit   'webpack-virtual-modules': [ '0.4.4' ],
109 silly audit   'websocket-driver': [ '0.7.4' ],
109 silly audit   'websocket-extensions': [ '0.1.4' ],
109 silly audit   'whatwg-fetch': [ '3.6.2' ],
109 silly audit   'whatwg-url': [ '5.0.0' ],
109 silly audit   wildcard: [ '2.0.0' ],
109 silly audit   'word-wrap': [ '1.2.3' ],
109 silly audit   wrappy: [ '1.0.2' ],
109 silly audit   y18n: [ '5.0.8' ],
109 silly audit   yaml: [ '1.10.2' ],
109 silly audit   yargs: [ '16.2.0' ],
109 silly audit   'yargs-parser': [ '20.2.9' ],
109 silly audit   yorkie: [ '2.0.0' ],
109 silly audit   bootstrap: [ '5.2.0', '4.6.2' ],
109 silly audit   '@popperjs/core': [ '2.11.5' ],
109 silly audit   'bootstrap-vue': [ '2.22.0' ],
109 silly audit   '@nuxt/opencollective': [ '0.3.3' ],
109 silly audit   jquery: [ '3.6.0' ],
109 silly audit   'popper.js': [ '1.16.1' ],
109 silly audit   'portal-vue': [ '2.1.7' ],
109 silly audit   'vue-functional-data-merge': [ '3.1.0' ],
109 silly audit   consola: [ '2.15.3' ]
109 silly audit }
110 verbose reify failed optional dependency /root/vue-sandbox/node_modules/fsevents
111 silly reify mark deleted [ '/root/vue-sandbox/node_modules/fsevents' ]
112 timing reifyNode:node_modules/fsevents Completed in 31ms
113 http fetch POST 200 https://registry.npmjs.org/-/npm/v1/security/advisories/bulk 1829ms
114 timing auditReport:getReport Completed in 2040ms
115 silly audit report {}
116 timing auditReport:init Completed in 0ms
117 timing reify:audit Completed in 2055ms
118 timing reifyNode:node_modules/@nuxt/opencollective/node_modules/color-name Completed in 1827ms
119 timing reifyNode:node_modules/@nuxt/opencollective/node_modules/has-flag Completed in 1833ms
120 timing reifyNode:node_modules/@nuxt/opencollective/node_modules/supports-color Completed in 1833ms
121 timing reifyNode:node_modules/@nuxt/opencollective/node_modules/ansi-styles Completed in 1845ms
122 timing reifyNode:node_modules/@nuxt/opencollective Completed in 1858ms
123 timing reifyNode:node_modules/@nuxt/opencollective/node_modules/color-convert Completed in 1909ms
124 timing reifyNode:node_modules/@nuxt/opencollective/node_modules/chalk Completed in 2204ms
125 timing reifyNode:node_modules/vue-functional-data-merge Completed in 2264ms
126 timing reifyNode:node_modules/consola Completed in 2444ms
127 timing reifyNode:node_modules/portal-vue Completed in 2482ms
128 warn deprecated popper.js@1.16.1: You can find the new Popper v2 at @popperjs/core, this package is dedicated to the legacy v1
129 timing reifyNode:node_modules/popper.js Completed in 3170ms
130 timing reifyNode:node_modules/jquery Completed in 4327ms
131 timing reifyNode:node_modules/@popperjs/core Completed in 5443ms
132 timing reifyNode:node_modules/bootstrap-vue/node_modules/bootstrap Completed in 5597ms
133 timing reifyNode:node_modules/bootstrap Completed in 6216ms
134 timing reifyNode:node_modules/bootstrap-vue Completed in 9933ms
135 timing reify:unpack Completed in 9941ms
136 timing reify:unretire Completed in 1ms
137 timing build:queue Completed in 6ms
138 timing build:link:node_modules/@nuxt/opencollective Completed in 6ms
139 timing build:link Completed in 6ms
140 info run bootstrap-vue@2.22.0 postinstall node_modules/bootstrap-vue opencollective || exit 0
141 info run bootstrap-vue@2.22.0 postinstall { code: 0, signal: null }
142 timing build:run:postinstall:node_modules/bootstrap-vue Completed in 732ms
143 timing build:run:postinstall Completed in 733ms
144 timing build:deps Completed in 747ms
145 timing build Completed in 747ms
146 timing reify:build Completed in 749ms
147 timing reify:trash Completed in 10ms
148 timing reify:save Completed in 626ms
149 timing reify Completed in 20088ms
150 silly ADD node_modules/consola
151 silly ADD node_modules/vue-functional-data-merge
152 silly ADD node_modules/portal-vue
153 silly ADD node_modules/popper.js
154 silly ADD node_modules/jquery
155 silly ADD node_modules/@nuxt/opencollective
156 silly ADD node_modules/@nuxt/opencollective/node_modules/has-flag
157 silly ADD node_modules/@nuxt/opencollective/node_modules/color-name
158 silly ADD node_modules/@nuxt/opencollective/node_modules/color-convert
159 silly ADD node_modules/@nuxt/opencollective/node_modules/supports-color
160 silly ADD node_modules/@nuxt/opencollective/node_modules/ansi-styles
161 silly ADD node_modules/@nuxt/opencollective/node_modules/chalk
162 silly ADD node_modules/bootstrap-vue
163 silly ADD node_modules/bootstrap-vue/node_modules/bootstrap
164 silly ADD node_modules/@popperjs/core
165 silly ADD node_modules/bootstrap
166 silly ADD
167 timing command:install Completed in 20181ms
168 verbose exit 0
169 timing npm Completed in 20705ms
170 info ok
