[2022-07-31T19:13:13.680Z] Log level: Info
[2022-07-31T19:13:13.774Z] [info] Validating found git in: git
[2022-07-31T19:13:14.701Z] [info] Using git  from git
[2022-07-31T19:13:15.019Z] > git rev-parse --show-toplevel [179ms]
[2022-07-31T19:13:15.399Z] > git rev-parse --git-dir --git-common-dir [282ms]
[2022-07-31T19:13:15.440Z] [info] Open repository: /root
[2022-07-31T19:13:17.103Z] > git check-ignore -v -z --stdin [391ms]
[2022-07-31T19:13:35.288Z] > git status -z -uall [19788ms]
[2022-07-31T19:13:36.130Z] > git check-ignore -v -z --stdin [2993ms]
[2022-07-31T19:13:38.042Z] > git show --textconv :src/routes/tutorial.routes.js [151ms]
[2022-07-31T19:13:38.061Z] > git ls-files --stage -- /root/src/routes/tutorial.routes.js [123ms]
[2022-07-31T19:13:38.111Z] > git cat-file -s 85f799b1055291b6997aeeab1c1cf0d5d0a351a8 [12ms]
[2022-07-31T19:13:42.322Z] > git ls-files --stage -- /root/src/routes/tutorial.routes.js [18ms]
[2022-07-31T19:13:42.344Z] > git cat-file -s 85f799b1055291b6997aeeab1c1cf0d5d0a351a8 [3ms]
[2022-07-31T19:13:42.391Z] > git show --textconv :src/routes/tutorial.routes.js [19ms]
[2022-07-31T19:13:48.971Z] > git check-ignore -v -z --stdin [80ms]
[2022-07-31T19:13:51.171Z] > git check-ignore -v -z --stdin [587ms]
[2022-07-31T19:13:51.481Z] > git check-ignore -v -z --stdin [62ms]
[2022-07-31T19:13:52.576Z] > git check-ignore -v -z --stdin [28ms]
[2022-07-31T19:13:54.346Z] > git check-ignore -v -z --stdin [23ms]
[2022-07-31T19:13:56.509Z] > git check-ignore -v -z --stdin [26ms]
[2022-07-31T19:13:57.235Z] > git check-ignore -v -z --stdin [44ms]
[2022-07-31T19:14:46.887Z] > git remote add sand https://github.com/andresovichh/root.git [13ms]
[2022-07-31T19:20:01.164Z] > git check-ignore -v -z --stdin [47ms]
[2022-07-31T19:20:02.808Z] > git check-ignore -v -z --stdin [35ms]
[2022-07-31T19:20:05.105Z] > git check-ignore -v -z --stdin [30ms]
[2022-07-31T19:20:08.378Z] > git check-ignore -v -z --stdin [23ms]
[2022-07-31T19:20:10.507Z] > git check-ignore -v -z --stdin [65ms]
[2022-07-31T19:20:12.055Z] > git check-ignore -v -z --stdin [29ms]
[2022-07-31T19:23:58.588Z] > git show --textconv :s_qlcreate [38ms]
[2022-07-31T19:23:58.625Z] > git ls-files --stage -- /root/s_qlcreate [41ms]
[2022-07-31T19:23:58.669Z] > git cat-file -s b94a7ebdc228c5dc4e3050585cb2db956ffc8710 [9ms]
[2022-07-31T19:27:29.057Z] > git symbolic-ref --short HEAD [96ms]
[2022-07-31T19:27:29.257Z] > git for-each-ref --format=%(refname)%00%(upstream:short)%00%(objectname)%00%(upstream:track)%00%(upstream:remotename)%00%(upstream:remoteref) refs/heads/master refs/remotes/master [71ms]
[2022-07-31T19:27:29.330Z] > git for-each-ref --sort -committerdate --format %(refname) %(objectname) %(*objectname) [38ms]
[2022-07-31T19:27:29.335Z] > git remote --verbose [10ms]
[2022-07-31T19:28:11.062Z] > git config --get commit.template [1958ms]
[2022-07-31T19:28:15.421Z] > git status -z -uall [3648ms]
[2022-07-31T19:28:15.937Z] > git config --local branch.master.github-pr-owner-number [1457ms]
[2022-07-31T19:28:16.626Z] > git symbolic-ref --short HEAD [747ms]
[2022-07-31T19:28:16.880Z] > git check-ignore -v -z --stdin [261ms]
[2022-07-31T19:28:16.895Z] > git for-each-ref --format=%(refname)%00%(upstream:short)%00%(objectname)%00%(upstream:track)%00%(upstream:remotename)%00%(upstream:remoteref) refs/heads/master refs/remotes/master [139ms]
[2022-07-31T19:28:17.031Z] > git for-each-ref --sort -committerdate --format %(refname) %(objectname) %(*objectname) [87ms]
[2022-07-31T19:28:17.033Z] > git remote --verbose [32ms]
